#
# There is insufficient memory for the Java Runtime Environment to continue.
# Native memory allocation (malloc) failed to allocate 151056 bytes for Chunk::new
# Possible reasons:
#   The system is out of physical RAM or swap space
#   In 32 bit mode, the process size limit was hit
# Possible solutions:
#   Reduce memory load on the system
#   Increase physical memory or swap space
#   Check if swap backing store is full
#   Use 64 bit Java on a 64 bit OS
#   Decrease Java heap size (-Xmx/-Xms)
#   Decrease number of Java threads
#   Decrease Java thread stack sizes (-Xss)
#   Set larger code cache with -XX:ReservedCodeCacheSize=
# This output file may be truncated or incomplete.
#
#  Out of Memory Error (allocation.cpp:390), pid=10084, tid=0x00000000000004d8
#
# JRE version: Java(TM) SE Runtime Environment (8.0_171-b11) (build 1.8.0_171-b11)
# Java VM: Java HotSpot(TM) 64-Bit Server VM (25.171-b11 mixed mode windows-amd64 compressed oops)
# Failed to write core dump. Minidumps are not enabled by default on client versions of Windows
#

---------------  T H R E A D  ---------------

Current thread (0x000000001737c000):  JavaThread "C2 CompilerThread1" daemon [_thread_in_native, id=1240, stack(0x0000000018f70000,0x0000000019070000)]

Stack: [0x0000000018f70000,0x0000000019070000]
[error occurred during error reporting (printing stack bounds), id 0xc0000005]

Native frames: (J=compiled Java code, j=interpreted, Vv=VM code, C=native code)


Current CompileTask:
C2:   2496 1276   !   4       java.lang.ClassLoader::loadClass (122 bytes)


---------------  P R O C E S S  ---------------

Java Threads: ( => current thread )
  0x0000000018b74000 JavaThread "Service Thread" daemon [_thread_blocked, id=9492, stack(0x0000000019170000,0x0000000019270000)]
  0x0000000018b72800 JavaThread "C1 CompilerThread2" daemon [_thread_blocked, id=9700, stack(0x0000000019070000,0x0000000019170000)]
=>0x000000001737c000 JavaThread "C2 CompilerThread1" daemon [_thread_in_native, id=1240, stack(0x0000000018f70000,0x0000000019070000)]
  0x000000001731d000 JavaThread "C2 CompilerThread0" daemon [_thread_blocked, id=5036, stack(0x0000000018a70000,0x0000000018b70000)]
  0x000000001731b800 JavaThread "Attach Listener" daemon [_thread_blocked, id=10048, stack(0x0000000018970000,0x0000000018a70000)]
  0x000000001731a000 JavaThread "Signal Dispatcher" daemon [_thread_blocked, id=5780, stack(0x0000000018870000,0x0000000018970000)]
  0x0000000004c4d800 JavaThread "Finalizer" daemon [_thread_blocked, id=8480, stack(0x0000000018570000,0x0000000018670000)]
  0x0000000004c42000 JavaThread "Reference Handler" daemon [_thread_blocked, id=5324, stack(0x0000000018470000,0x0000000018570000)]
  0x0000000004b52800 JavaThread "main" [_thread_in_Java, id=1360, stack(0x0000000003240000,0x0000000003340000)]

Other Threads:
  0x00000000172e7000 VMThread [stack: 0x0000000018370000,0x0000000018470000] [id=6720]
  0x0000000018b77000 WatcherThread [stack: 0x0000000019270000,0x0000000019370000] [id=9996]

VM state:not at safepoint (normal execution)

VM Mutex/Monitor currently owned by a thread: None

Heap:
 PSYoungGen      total 18944K, used 8117K [0x00000000eb300000, 0x00000000ed800000, 0x0000000100000000)
  eden space 16384K, 34% used [0x00000000eb300000,0x00000000eb8715d0,0x00000000ec300000)
  from space 2560K, 99% used [0x00000000ec580000,0x00000000ec7fc030,0x00000000ec800000)
  to   space 2560K, 0% used [0x00000000ec300000,0x00000000ec300000,0x00000000ec580000)
 ParOldGen       total 44032K, used 5216K [0x00000000c1800000, 0x00000000c4300000, 0x00000000eb300000)
  object space 44032K, 11% used [0x00000000c1800000,0x00000000c1d183d0,0x00000000c4300000)
 Metaspace       used 12510K, capacity 12768K, committed 13056K, reserved 1060864K
  class space    used 1591K, capacity 1674K, committed 1792K, reserved 1048576K

Card table byte_map: [0x00000000140f0000,0x00000000142f0000] byte_map_base: 0x0000000013ae4000

Marking Bits: (ParMarkBitMap*) 0x00000000666108c0
 Begin Bits: [0x0000000014840000, 0x00000000157e0000)
 End Bits:   [0x00000000157e0000, 0x0000000016780000)

Polling page: 0x0000000002d50000

CodeCache: size=245760Kb used=4804Kb max_used=4816Kb free=240955Kb
 bounds [0x0000000004d30000, 0x00000000051f0000, 0x0000000013d30000]
 total_blobs=1674 nmethods=1360 adapters=226
 compilation: enabled

Compilation events (10 events):
Event: 2.487 Thread 0x0000000018b72800 nmethod 1354 0x00000000051e1c90 code [0x00000000051e1e60, 0x00000000051e2488]
Event: 2.487 Thread 0x0000000018b72800 1358       3       com.google.common.base.Stopwatch::elapsedNanos (32 bytes)
Event: 2.487 Thread 0x0000000018b72800 nmethod 1358 0x00000000051e27d0 code [0x00000000051e2940, 0x00000000051e2bc8]
Event: 2.487 Thread 0x0000000018b72800 1352       3       java.lang.reflect.Proxy::<init> (15 bytes)
Event: 2.488 Thread 0x0000000018b72800 nmethod 1352 0x00000000051e2c90 code [0x00000000051e2e00, 0x00000000051e3128]
Event: 2.488 Thread 0x0000000018b72800 1357       3       com.google.inject.internal.InjectorImpl::isProvider (14 bytes)
Event: 2.488 Thread 0x0000000018b72800 nmethod 1357 0x00000000051e6350 code [0x00000000051e64c0, 0x00000000051e6870]
Event: 2.488 Thread 0x0000000018b72800 1361       1       com.google.inject.name.NamedImpl::value (5 bytes)
Event: 2.488 Thread 0x000000001731d000 nmethod 1362 0x00000000051e6990 code [0x00000000051e6ae0, 0x00000000051e6fa8]
Event: 2.488 Thread 0x0000000018b72800 nmethod 1361 0x00000000051e6090 code [0x00000000051e61e0, 0x00000000051e62f0]

GC Heap History (8 events):
Event: 1.047 GC heap before
{Heap before GC invocations=1 (full 0):
 PSYoungGen      total 18944K, used 16384K [0x00000000eb300000, 0x00000000ec800000, 0x0000000100000000)
  eden space 16384K, 100% used [0x00000000eb300000,0x00000000ec300000,0x00000000ec300000)
  from space 2560K, 0% used [0x00000000ec580000,0x00000000ec580000,0x00000000ec800000)
  to   space 2560K, 0% used [0x00000000ec300000,0x00000000ec300000,0x00000000ec580000)
 ParOldGen       total 44032K, used 0K [0x00000000c1800000, 0x00000000c4300000, 0x00000000eb300000)
  object space 44032K, 0% used [0x00000000c1800000,0x00000000c1800000,0x00000000c4300000)
 Metaspace       used 6636K, capacity 6824K, committed 7040K, reserved 1056768K
  class space    used 783K, capacity 828K, committed 896K, reserved 1048576K
Event: 1.052 GC heap after
Heap after GC invocations=1 (full 0):
 PSYoungGen      total 18944K, used 2547K [0x00000000eb300000, 0x00000000ec800000, 0x0000000100000000)
  eden space 16384K, 0% used [0x00000000eb300000,0x00000000eb300000,0x00000000ec300000)
  from space 2560K, 99% used [0x00000000ec300000,0x00000000ec57cfc8,0x00000000ec580000)
  to   space 2560K, 0% used [0x00000000ec580000,0x00000000ec580000,0x00000000ec800000)
 ParOldGen       total 44032K, used 699K [0x00000000c1800000, 0x00000000c4300000, 0x00000000eb300000)
  object space 44032K, 1% used [0x00000000c1800000,0x00000000c18aed40,0x00000000c4300000)
 Metaspace       used 6636K, capacity 6824K, committed 7040K, reserved 1056768K
  class space    used 783K, capacity 828K, committed 896K, reserved 1048576K
}
Event: 1.434 GC heap before
{Heap before GC invocations=2 (full 0):
 PSYoungGen      total 18944K, used 18931K [0x00000000eb300000, 0x00000000ec800000, 0x0000000100000000)
  eden space 16384K, 100% used [0x00000000eb300000,0x00000000ec300000,0x00000000ec300000)
  from space 2560K, 99% used [0x00000000ec300000,0x00000000ec57cfc8,0x00000000ec580000)
  to   space 2560K, 0% used [0x00000000ec580000,0x00000000ec580000,0x00000000ec800000)
 ParOldGen       total 44032K, used 699K [0x00000000c1800000, 0x00000000c4300000, 0x00000000eb300000)
  object space 44032K, 1% used [0x00000000c1800000,0x00000000c18aed40,0x00000000c4300000)
 Metaspace       used 7902K, capacity 8072K, committed 8320K, reserved 1056768K
  class space    used 991K, capacity 1052K, committed 1152K, reserved 1048576K
Event: 1.441 GC heap after
Heap after GC invocations=2 (full 0):
 PSYoungGen      total 18944K, used 2536K [0x00000000eb300000, 0x00000000ec800000, 0x0000000100000000)
  eden space 16384K, 0% used [0x00000000eb300000,0x00000000eb300000,0x00000000ec300000)
  from space 2560K, 99% used [0x00000000ec580000,0x00000000ec7fa2f0,0x00000000ec800000)
  to   space 2560K, 0% used [0x00000000ec300000,0x00000000ec300000,0x00000000ec580000)
 ParOldGen       total 44032K, used 886K [0x00000000c1800000, 0x00000000c4300000, 0x00000000eb300000)
  object space 44032K, 2% used [0x00000000c1800000,0x00000000c18dd8f0,0x00000000c4300000)
 Metaspace       used 7902K, capacity 8072K, committed 8320K, reserved 1056768K
  class space    used 991K, capacity 1052K, committed 1152K, reserved 1048576K
}
Event: 1.843 GC heap before
{Heap before GC invocations=3 (full 0):
 PSYoungGen      total 18944K, used 18920K [0x00000000eb300000, 0x00000000ec800000, 0x0000000100000000)
  eden space 16384K, 100% used [0x00000000eb300000,0x00000000ec300000,0x00000000ec300000)
  from space 2560K, 99% used [0x00000000ec580000,0x00000000ec7fa2f0,0x00000000ec800000)
  to   space 2560K, 0% used [0x00000000ec300000,0x00000000ec300000,0x00000000ec580000)
 ParOldGen       total 44032K, used 886K [0x00000000c1800000, 0x00000000c4300000, 0x00000000eb300000)
  object space 44032K, 2% used [0x00000000c1800000,0x00000000c18dd8f0,0x00000000c4300000)
 Metaspace       used 9875K, capacity 10052K, committed 10368K, reserved 1058816K
  class space    used 1212K, capacity 1285K, committed 1408K, reserved 1048576K
Event: 1.852 GC heap after
Heap after GC invocations=3 (full 0):
 PSYoungGen      total 18944K, used 2546K [0x00000000eb300000, 0x00000000ec800000, 0x0000000100000000)
  eden space 16384K, 0% used [0x00000000eb300000,0x00000000eb300000,0x00000000ec300000)
  from space 2560K, 99% used [0x00000000ec300000,0x00000000ec57c938,0x00000000ec580000)
  to   space 2560K, 0% used [0x00000000ec580000,0x00000000ec580000,0x00000000ec800000)
 ParOldGen       total 44032K, used 2726K [0x00000000c1800000, 0x00000000c4300000, 0x00000000eb300000)
  object space 44032K, 6% used [0x00000000c1800000,0x00000000c1aa9bc8,0x00000000c4300000)
 Metaspace       used 9875K, capacity 10052K, committed 10368K, reserved 1058816K
  class space    used 1212K, capacity 1285K, committed 1408K, reserved 1048576K
}
Event: 2.302 GC heap before
{Heap before GC invocations=4 (full 0):
 PSYoungGen      total 18944K, used 18930K [0x00000000eb300000, 0x00000000ec800000, 0x0000000100000000)
  eden space 16384K, 100% used [0x00000000eb300000,0x00000000ec300000,0x00000000ec300000)
  from space 2560K, 99% used [0x00000000ec300000,0x00000000ec57c938,0x00000000ec580000)
  to   space 2560K, 0% used [0x00000000ec580000,0x00000000ec580000,0x00000000ec800000)
 ParOldGen       total 44032K, used 2726K [0x00000000c1800000, 0x00000000c4300000, 0x00000000eb300000)
  object space 44032K, 6% used [0x00000000c1800000,0x00000000c1aa9bc8,0x00000000c4300000)
 Metaspace       used 11806K, capacity 12026K, committed 12416K, reserved 1060864K
  class space    used 1491K, capacity 1577K, committed 1664K, reserved 1048576K
Event: 2.310 GC heap after
Heap after GC invocations=4 (full 0):
 PSYoungGen      total 18944K, used 2544K [0x00000000eb300000, 0x00000000ed800000, 0x0000000100000000)
  eden space 16384K, 0% used [0x00000000eb300000,0x00000000eb300000,0x00000000ec300000)
  from space 2560K, 99% used [0x00000000ec580000,0x00000000ec7fc030,0x00000000ec800000)
  to   space 2560K, 0% used [0x00000000ec300000,0x00000000ec300000,0x00000000ec580000)
 ParOldGen       total 44032K, used 5216K [0x00000000c1800000, 0x00000000c4300000, 0x00000000eb300000)
  object space 44032K, 11% used [0x00000000c1800000,0x00000000c1d183d0,0x00000000c4300000)
 Metaspace       used 11806K, capacity 12026K, committed 12416K, reserved 1060864K
  class space    used 1491K, capacity 1577K, committed 1664K, reserved 1048576K
}

Deoptimization events (10 events):
Event: 1.289 Thread 0x0000000004b52800 Uncommon trap: reason=unstable_if action=reinterpret pc=0x0000000004fe5e38 method=java.nio.charset.CoderResult.isOverflow()Z @ 5
Event: 1.307 Thread 0x0000000004b52800 Uncommon trap: reason=unstable_if action=reinterpret pc=0x0000000004feec78 method=sun.nio.cs.StreamDecoder.implRead([CII)I @ 71
Event: 1.358 Thread 0x0000000004b52800 Uncommon trap: reason=unstable_if action=reinterpret pc=0x0000000004febc74 method=sun.nio.cs.StreamDecoder.implRead([CII)I @ 197
Event: 1.358 Thread 0x0000000004b52800 Uncommon trap: reason=unstable_if action=reinterpret pc=0x0000000004fe932c method=java.io.Reader.read()I @ 12
Event: 1.375 Thread 0x0000000004b52800 Uncommon trap: reason=unstable_if action=reinterpret pc=0x0000000005002708 method=sun.nio.cs.StreamDecoder.implRead([CII)I @ 197
Event: 1.419 Thread 0x0000000004b52800 Uncommon trap: reason=unstable_if action=reinterpret pc=0x000000000501541c method=sun.nio.cs.StreamDecoder.implRead([CII)I @ 197
Event: 1.422 Thread 0x0000000004b52800 Uncommon trap: reason=range_check action=make_not_entrant pc=0x0000000004fab8a0 method=sun.reflect.generics.parser.SignatureParser.current()C @ 34
Event: 1.524 Thread 0x0000000004b52800 Uncommon trap: reason=unstable_if action=reinterpret pc=0x0000000004fada40 method=java.util.HashMap.getNode(ILjava/lang/Object;)Ljava/util/HashMap$Node; @ 129
Event: 1.558 Thread 0x0000000004b52800 Uncommon trap: reason=unstable_if action=reinterpret pc=0x000000000504e140 method=java.util.HashMap.getNode(ILjava/lang/Object;)Ljava/util/HashMap$Node; @ 129
Event: 2.370 Thread 0x0000000004b52800 Uncommon trap: reason=unstable_if action=reinterpret pc=0x00000000050ceaa4 method=java.util.concurrent.ConcurrentHashMap.putVal(Ljava/lang/Object;Ljava/lang/Object;Z)Ljava/lang/Object; @ 206

Classes redefined (0 events):
No events

Internal exceptions (10 events):
Event: 1.195 Thread 0x0000000004b52800 Exception <a 'java/lang/ArrayIndexOutOfBoundsException'> (0x00000000eb711958) thrown at [C:\re\workspace\8-2-build-windows-amd64-cygwin\jdk8u171\10807\hotspot\src\share\vm\runtime\sharedRuntime.cpp, line 605]
Event: 1.196 Thread 0x0000000004b52800 Exception <a 'java/lang/ArrayIndexOutOfBoundsException'> (0x00000000eb712eb0) thrown at [C:\re\workspace\8-2-build-windows-amd64-cygwin\jdk8u171\10807\hotspot\src\share\vm\runtime\sharedRuntime.cpp, line 605]
Event: 1.196 Thread 0x0000000004b52800 Exception <a 'java/lang/ArrayIndexOutOfBoundsException'> (0x00000000eb713cb0) thrown at [C:\re\workspace\8-2-build-windows-amd64-cygwin\jdk8u171\10807\hotspot\src\share\vm\runtime\sharedRuntime.cpp, line 605]
Event: 1.196 Thread 0x0000000004b52800 Exception <a 'java/lang/ArrayIndexOutOfBoundsException'> (0x00000000eb715400) thrown at [C:\re\workspace\8-2-build-windows-amd64-cygwin\jdk8u171\10807\hotspot\src\share\vm\runtime\sharedRuntime.cpp, line 605]
Event: 1.197 Thread 0x0000000004b52800 Exception <a 'java/lang/ArrayIndexOutOfBoundsException'> (0x00000000eb716b40) thrown at [C:\re\workspace\8-2-build-windows-amd64-cygwin\jdk8u171\10807\hotspot\src\share\vm\runtime\sharedRuntime.cpp, line 605]
Event: 1.422 Thread 0x0000000004b52800 Exception <a 'java/lang/ArrayIndexOutOfBoundsException': 73> (0x00000000ec2ce300) thrown at [C:\re\workspace\8-2-build-windows-amd64-cygwin\jdk8u171\10807\hotspot\src\share\vm\interpreter\interpreterRuntime.cpp, line 366]
Event: 1.422 Thread 0x0000000004b52800 Exception <a 'java/lang/ArrayIndexOutOfBoundsException': 131> (0x00000000ec2cfca8) thrown at [C:\re\workspace\8-2-build-windows-amd64-cygwin\jdk8u171\10807\hotspot\src\share\vm\interpreter\interpreterRuntime.cpp, line 366]
Event: 2.400 Thread 0x0000000004b52800 Exception <a 'java/lang/NoClassDefFoundError': com/google/inject/servlet/ServletModuleTargetVisitor> (0x00000000eb69f258) thrown at [C:\re\workspace\8-2-build-windows-amd64-cygwin\jdk8u171\10807\hotspot\src\share\vm\classfile\systemDictionary.cpp, line 19
Event: 2.400 Thread 0x0000000004b52800 Exception <a 'java/lang/NoClassDefFoundError'> (0x00000000eb69f258) thrown at [C:\re\workspace\8-2-build-windows-amd64-cygwin\jdk8u171\10807\hotspot\src\share\vm\prims\jvm.cpp, line 1439]
Event: 2.401 Thread 0x0000000004b52800 Exception <a 'java/lang/NoClassDefFoundError': javax/annotation/Priority> (0x00000000eb6a5ff8) thrown at [C:\re\workspace\8-2-build-windows-amd64-cygwin\jdk8u171\10807\hotspot\src\share\vm\classfile\systemDictionary.cpp, line 199]

Events (10 events):
Event: 2.467 loading class org/apache/maven/artifact/resolver/DefaultArtifactResolver$DaemonThreadCreator
Event: 2.467 loading class org/apache/maven/artifact/resolver/DefaultArtifactResolver$DaemonThreadCreator done
Event: 2.480 loading class org/eclipse/sisu/wire/EntrySetAdapter
Event: 2.480 loading class org/eclipse/sisu/wire/EntrySetAdapter done
Event: 2.482 loading class org/eclipse/aether/spi/log/NullLoggerFactory
Event: 2.482 loading class org/eclipse/aether/spi/log/NullLoggerFactory done
Event: 2.483 loading class org/eclipse/aether/spi/log/NullLogger
Event: 2.483 loading class org/eclipse/aether/spi/log/NullLogger done
Event: 2.484 loading class org/slf4j/spi/LocationAwareLogger
Event: 2.484 loading class org/slf4j/spi/LocationAwareLogger done


Dynamic libraries:
0x00007ff7e9db0000 - 0x00007ff7e9de7000 	C:\Program Files\Java\jdk1.8.0_171\bin\javaw.exe
0x00007ffbc83a0000 - 0x00007ffbc8580000 	C:\WINDOWS\SYSTEM32\ntdll.dll
0x00007ffbc8150000 - 0x00007ffbc81fe000 	C:\WINDOWS\System32\KERNEL32.DLL
0x00007ffbc4ef0000 - 0x00007ffbc5156000 	C:\WINDOWS\System32\KERNELBASE.dll
0x00007ffbc59b0000 - 0x00007ffbc5a51000 	C:\WINDOWS\System32\ADVAPI32.dll
0x00007ffbc7ef0000 - 0x00007ffbc7f8d000 	C:\WINDOWS\System32\msvcrt.dll
0x00007ffbc7f90000 - 0x00007ffbc7feb000 	C:\WINDOWS\System32\sechost.dll
0x00007ffbc5cb0000 - 0x00007ffbc5dcf000 	C:\WINDOWS\System32\RPCRT4.dll
0x00007ffbc63c0000 - 0x00007ffbc654f000 	C:\WINDOWS\System32\USER32.dll
0x00007ffbc5680000 - 0x00007ffbc56a0000 	C:\WINDOWS\System32\win32u.dll
0x00007ffbc62d0000 - 0x00007ffbc62f8000 	C:\WINDOWS\System32\GDI32.dll
0x00007ffbc52f0000 - 0x00007ffbc5483000 	C:\WINDOWS\System32\gdi32full.dll
0x00007ffbc5490000 - 0x00007ffbc552b000 	C:\WINDOWS\System32\msvcp_win.dll
0x00007ffbc5530000 - 0x00007ffbc5626000 	C:\WINDOWS\System32\ucrtbase.dll
0x00007ffbbce90000 - 0x00007ffbbd0f9000 	C:\WINDOWS\WinSxS\amd64_microsoft.windows.common-controls_6595b64144ccf1df_6.0.16299.492_none_15c8d3609364b9b0\COMCTL32.dll
0x00007ffbc6710000 - 0x00007ffbc6a17000 	C:\WINDOWS\System32\combase.dll
0x00007ffbc51c0000 - 0x00007ffbc5232000 	C:\WINDOWS\System32\bcryptPrimitives.dll
0x00007ffbc5c60000 - 0x00007ffbc5c8d000 	C:\WINDOWS\System32\IMM32.DLL
0x0000000067240000 - 0x0000000067312000 	C:\Program Files\Java\jdk1.8.0_171\jre\bin\msvcr100.dll
0x0000000065df0000 - 0x0000000066690000 	C:\Program Files\Java\jdk1.8.0_171\jre\bin\server\jvm.dll
0x00007ffbc6a20000 - 0x00007ffbc6a28000 	C:\WINDOWS\System32\PSAPI.DLL
0x00007ffbbb060000 - 0x00007ffbbb06a000 	C:\WINDOWS\SYSTEM32\VERSION.dll
0x00007ffbc27a0000 - 0x00007ffbc27c3000 	C:\WINDOWS\SYSTEM32\WINMM.dll
0x00007ffbaace0000 - 0x00007ffbaace9000 	C:\WINDOWS\SYSTEM32\WSOCK32.dll
0x00007ffbc25a0000 - 0x00007ffbc25ca000 	C:\WINDOWS\SYSTEM32\winmmbase.dll
0x00007ffbc5870000 - 0x00007ffbc58dc000 	C:\WINDOWS\System32\WS2_32.dll
0x00007ffbc5630000 - 0x00007ffbc567a000 	C:\WINDOWS\System32\cfgmgr32.dll
0x0000000067230000 - 0x000000006723f000 	C:\Program Files\Java\jdk1.8.0_171\jre\bin\verify.dll
0x0000000067200000 - 0x0000000067229000 	C:\Program Files\Java\jdk1.8.0_171\jre\bin\java.dll
0x00000000671e0000 - 0x00000000671f6000 	C:\Program Files\Java\jdk1.8.0_171\jre\bin\zip.dll
0x00007ffbc6ab0000 - 0x00007ffbc7ee8000 	C:\WINDOWS\System32\SHELL32.dll
0x00007ffbc6550000 - 0x00007ffbc65f6000 	C:\WINDOWS\System32\shcore.dll
0x00007ffbc47a0000 - 0x00007ffbc4ee7000 	C:\WINDOWS\System32\windows.storage.dll
0x00007ffbc6300000 - 0x00007ffbc6351000 	C:\WINDOWS\System32\shlwapi.dll
0x00007ffbc4760000 - 0x00007ffbc4771000 	C:\WINDOWS\System32\kernel.appcore.dll
0x00007ffbc4710000 - 0x00007ffbc475c000 	C:\WINDOWS\System32\powrprof.dll
0x00007ffbc46f0000 - 0x00007ffbc470b000 	C:\WINDOWS\System32\profapi.dll

VM Arguments:
jvm_args: -Dmaven.home=EMBEDDED -Dclassworlds.conf=C:\Users\João Carlos\eclipse-workspace\.metadata\.plugins\org.eclipse.m2e.launching\launches\m2conf1791192894966162770.tmp -Dmaven.multiModuleProjectDirectory=C:\Users\João Carlos\eclipse-workspace\boot-web -Dfile.encoding=Cp1252 
java_command: org.codehaus.plexus.classworlds.launcher.Launcher -B install
java_class_path (initial): C:\Users\João Carlos\Desktop\eclipse\plugins\org.eclipse.m2e.maven.runtime_1.8.3.20180227-2135\jars\plexus-classworlds-2.5.2.jar
Launcher Type: SUN_STANDARD

Environment Variables:
PATH=C:/Program Files/Java/jre1.8.0_171/bin/server;C:/Program Files/Java/jre1.8.0_171/bin;C:/Program Files/Java/jre1.8.0_171/lib/amd64;C:\Program Files (x86)\Common Files\Oracle\Java\javapath;C:\ProgramData\Oracle\Java\javapath;C:\Program Files (x86)\Intel\iCLS Client\;C:\Program Files\Intel\iCLS Client\;C:\WINDOWS\system32;C:\WINDOWS;C:\WINDOWS\System32\Wbem;C:\WINDOWS\System32\WindowsPowerShell\v1.0\;C:\Program Files\Intel\Intel(R) Management Engine Components\DAL;C:\Program Files\Intel\Intel(R) Management Engine Components\IPT;C:\Program Files (x86)\Intel\Intel(R) Management Engine Components\DAL;C:\Program Files (x86)\Intel\Intel(R) Management Engine Components\IPT;C:\Program Files (x86)\Intel\OpenCL SDK\2.0\bin\x86;C:\Program Files (x86)\Intel\OpenCL SDK\2.0\bin\x64;C:\Program Files\TortoiseSVN\bin;C:\PostgreSQL\pg96\bin;C:\Program Files\Git\cmd;C:\Program Files\TortoiseGit\bin;C:\Program Files\nodejs\;C:\Program Files (x86)\Skype\Phone\;C:\Ruby25-x64\bin;C:\Users\João Carlos\AppData\Local\Microsoft\WindowsApps;C:\Users\João Carlos\AppData\Roaming\npm;C:\Program Files\Microsoft VS Code\bin;C:\Program Files\heroku\bin;C:\Users\João Carlos\Desktop\eclipse;
USERNAME=João Carlos
OS=Windows_NT
PROCESSOR_IDENTIFIER=Intel64 Family 6 Model 58 Stepping 9, GenuineIntel



---------------  S Y S T E M  ---------------

OS: Windows 10.0 , 64 bit Build 16299 (10.0.16299.431)

CPU:total 4 (initial active 4) (2 cores per cpu, 2 threads per core) family 6 model 58 stepping 9, cmov, cx8, fxsr, mmx, sse, sse2, sse3, ssse3, sse4.1, sse4.2, popcnt, avx, clmul, erms, ht, tsc, tscinvbit, tscinv

Memory: 4k page, physical 4088928k(527408k free), swap 4088928k(5192k free)

vm_info: Java HotSpot(TM) 64-Bit Server VM (25.171-b11) for windows-amd64 JRE (1.8.0_171-b11), built on Mar 28 2018 16:06:12 by "java_re" with MS VC++ 10.0 (VS2010)

time: Sat Jul 07 11:57:49 2018
elapsed time: 2 seconds (0d 0h 0m 2s)

