#
# There is insufficient memory for the Java Runtime Environment to continue.
# Native memory allocation (malloc) failed to allocate 32744 bytes for ChunkPool::allocate
# Possible reasons:
#   The system is out of physical RAM or swap space
#   In 32 bit mode, the process size limit was hit
# Possible solutions:
#   Reduce memory load on the system
#   Increase physical memory or swap space
#   Check if swap backing store is full
#   Use 64 bit Java on a 64 bit OS
#   Decrease Java heap size (-Xmx/-Xms)
#   Decrease number of Java threads
#   Decrease Java thread stack sizes (-Xss)
#   Set larger code cache with -XX:ReservedCodeCacheSize=
# This output file may be truncated or incomplete.
#
#  Out of Memory Error (allocation.cpp:273), pid=3488, tid=0x00000000000016a8
#
# JRE version: Java(TM) SE Runtime Environment (8.0_171-b11) (build 1.8.0_171-b11)
# Java VM: Java HotSpot(TM) 64-Bit Server VM (25.171-b11 mixed mode windows-amd64 compressed oops)
# Failed to write core dump. Minidumps are not enabled by default on client versions of Windows
#

---------------  T H R E A D  ---------------

Current thread (0x00000000176ce000):  JavaThread "C2 CompilerThread0" daemon [_thread_in_native, id=5800, stack(0x0000000018e30000,0x0000000018f30000)]

Stack: [0x0000000018e30000,0x0000000018f30000]
[error occurred during error reporting (printing stack bounds), id 0xc0000005]

Native frames: (J=compiled Java code, j=interpreted, Vv=VM code, C=native code)


Current CompileTask:
C2:   7322 2911       4       org.codehaus.plexus.util.xml.Xpp3DomBuilder::build (391 bytes)


---------------  P R O C E S S  ---------------

Java Threads: ( => current thread )
  0x000000001915c800 JavaThread "Service Thread" daemon [_thread_blocked, id=9100, stack(0x0000000019530000,0x0000000019630000)]
  0x0000000017721800 JavaThread "C1 CompilerThread2" daemon [_thread_blocked, id=8024, stack(0x0000000019030000,0x0000000019130000)]
  0x00000000176e3000 JavaThread "C2 CompilerThread1" daemon [_thread_in_native, id=7992, stack(0x0000000018f30000,0x0000000019030000)]
=>0x00000000176ce000 JavaThread "C2 CompilerThread0" daemon [_thread_in_native, id=5800, stack(0x0000000018e30000,0x0000000018f30000)]
  0x00000000176cc800 JavaThread "Attach Listener" daemon [_thread_blocked, id=7392, stack(0x0000000018d30000,0x0000000018e30000)]
  0x00000000176cb800 JavaThread "Signal Dispatcher" daemon [_thread_blocked, id=7904, stack(0x0000000018c30000,0x0000000018d30000)]
  0x00000000176ba800 JavaThread "Finalizer" daemon [_thread_blocked, id=5720, stack(0x0000000018930000,0x0000000018a30000)]
  0x0000000005010800 JavaThread "Reference Handler" daemon [_thread_blocked, id=6876, stack(0x0000000018830000,0x0000000018930000)]
  0x0000000004f22800 JavaThread "main" [_thread_in_native, id=3772, stack(0x0000000003630000,0x0000000003730000)]

Other Threads:
  0x0000000017698000 VMThread [stack: 0x0000000018730000,0x0000000018830000] [id=1176]
  0x0000000019160000 WatcherThread [stack: 0x0000000019630000,0x0000000019730000] [id=5236]

VM state:not at safepoint (normal execution)

VM Mutex/Monitor currently owned by a thread: None

Heap:
 PSYoungGen      total 74240K, used 13551K [0x00000000eb300000, 0x00000000f4a00000, 0x0000000100000000)
  eden space 64512K, 5% used [0x00000000eb300000,0x00000000eb6bff60,0x00000000ef200000)
  from space 9728K, 99% used [0x00000000ef200000,0x00000000efb7c010,0x00000000efb80000)
  to   space 12800K, 0% used [0x00000000f3d80000,0x00000000f3d80000,0x00000000f4a00000)
 ParOldGen       total 44032K, used 14293K [0x00000000c1800000, 0x00000000c4300000, 0x00000000eb300000)
  object space 44032K, 32% used [0x00000000c1800000,0x00000000c25f5640,0x00000000c4300000)
 Metaspace       used 15488K, capacity 15736K, committed 16000K, reserved 1062912K
  class space    used 1839K, capacity 1918K, committed 1920K, reserved 1048576K

Card table byte_map: [0x00000000144a0000,0x00000000146a0000] byte_map_base: 0x0000000013e94000

Marking Bits: (ParMarkBitMap*) 0x00000000666108c0
 Begin Bits: [0x0000000014bf0000, 0x0000000015b90000)
 End Bits:   [0x0000000015b90000, 0x0000000016b30000)

Polling page: 0x00000000031e0000

CodeCache: size=245760Kb used=9967Kb max_used=9967Kb free=235793Kb
 bounds [0x00000000050e0000, 0x0000000005ab0000, 0x00000000140e0000]
 total_blobs=3245 nmethods=2902 adapters=254
 compilation: enabled

Compilation events (10 events):
Event: 7.231 Thread 0x00000000176ce000 

Event: 7.231 Thread 0x00000000176ce000 2911       4       org.codehaus.plexus.util.xml.Xpp3DomBuilder::build (391 bytes)
Event: 7.238 Thread 0x0000000017721800 2915   !   3       org.apache.maven.model.DeploymentRepository::clone (51 bytes)
Event: 7.240 Thread 0x0000000017721800 nmethod 2915 0x0000000005a9f150 code [0x0000000005a9f380, 0x0000000005a9ffe8]
Event: 7.241 Thread 0x0000000017721800 2917       3       org.eclipse.aether.graph.Dependency::hashCode (70 bytes)
Event: 7.242 Thread 0x0000000017721800 nmethod 2917 0x0000000005aa04d0 code [0x0000000005aa0680, 0x0000000005aa0c48]
Event: 7.268 Thread 0x0000000017721800 2918       3       java.lang.reflect.Method::invoke (62 bytes)
Event: 7.269 Thread 0x0000000017721800 nmethod 2918 0x0000000005aa0e10 code [0x0000000005aa0fc0, 0x0000000005aa1528]
Event: 7.269 Thread 0x0000000017721800 2919       3       org.eclipse.aether.repository.RemoteRepository::<init> (405 bytes)
Event: 7.271 Thread 0x0000000017721800 nmethod 2919 0x0000000005aa1710 code [0x0000000005aa1920, 0x0000000005aa25b8]

GC Heap History (10 events):
Event: 2.041 GC heap before
{Heap before GC invocations=3 (full 0):
 PSYoungGen      total 18944K, used 18924K [0x00000000eb300000, 0x00000000ed800000, 0x0000000100000000)
  eden space 16384K, 100% used [0x00000000eb300000,0x00000000ec300000,0x00000000ec300000)
  from space 2560K, 99% used [0x00000000ec580000,0x00000000ec7fb338,0x00000000ec800000)
  to   space 2560K, 0% used [0x00000000ec300000,0x00000000ec300000,0x00000000ec580000)
 ParOldGen       total 44032K, used 894K [0x00000000c1800000, 0x00000000c4300000, 0x00000000eb300000)
  object space 44032K, 2% used [0x00000000c1800000,0x00000000c18df808,0x00000000c4300000)
 Metaspace       used 9861K, capacity 10052K, committed 10368K, reserved 1058816K
  class space    used 1207K, capacity 1285K, committed 1408K, reserved 1048576K
Event: 2.046 GC heap after
Heap after GC invocations=3 (full 0):
 PSYoungGen      total 18944K, used 2550K [0x00000000eb300000, 0x00000000ed800000, 0x0000000100000000)
  eden space 16384K, 0% used [0x00000000eb300000,0x00000000eb300000,0x00000000ec300000)
  from space 2560K, 99% used [0x00000000ec300000,0x00000000ec57d958,0x00000000ec580000)
  to   space 2560K, 0% used [0x00000000ed580000,0x00000000ed580000,0x00000000ed800000)
 ParOldGen       total 44032K, used 2716K [0x00000000c1800000, 0x00000000c4300000, 0x00000000eb300000)
  object space 44032K, 6% used [0x00000000c1800000,0x00000000c1aa71f0,0x00000000c4300000)
 Metaspace       used 9861K, capacity 10052K, committed 10368K, reserved 1058816K
  class space    used 1207K, capacity 1285K, committed 1408K, reserved 1048576K
}
Event: 2.463 GC heap before
{Heap before GC invocations=4 (full 0):
 PSYoungGen      total 18944K, used 18934K [0x00000000eb300000, 0x00000000ed800000, 0x0000000100000000)
  eden space 16384K, 100% used [0x00000000eb300000,0x00000000ec300000,0x00000000ec300000)
  from space 2560K, 99% used [0x00000000ec300000,0x00000000ec57d958,0x00000000ec580000)
  to   space 2560K, 0% used [0x00000000ed580000,0x00000000ed580000,0x00000000ed800000)
 ParOldGen       total 44032K, used 2716K [0x00000000c1800000, 0x00000000c4300000, 0x00000000eb300000)
  object space 44032K, 6% used [0x00000000c1800000,0x00000000c1aa71f0,0x00000000c4300000)
 Metaspace       used 11784K, capacity 12026K, committed 12416K, reserved 1060864K
  class space    used 1485K, capacity 1577K, committed 1664K, reserved 1048576K
Event: 2.473 GC heap after
Heap after GC invocations=4 (full 0):
 PSYoungGen      total 35328K, used 2528K [0x00000000eb300000, 0x00000000ed800000, 0x0000000100000000)
  eden space 32768K, 0% used [0x00000000eb300000,0x00000000eb300000,0x00000000ed300000)
  from space 2560K, 98% used [0x00000000ed580000,0x00000000ed7f8020,0x00000000ed800000)
  to   space 2560K, 0% used [0x00000000ed300000,0x00000000ed300000,0x00000000ed580000)
 ParOldGen       total 44032K, used 5204K [0x00000000c1800000, 0x00000000c4300000, 0x00000000eb300000)
  object space 44032K, 11% used [0x00000000c1800000,0x00000000c1d15190,0x00000000c4300000)
 Metaspace       used 11784K, capacity 12026K, committed 12416K, reserved 1060864K
  class space    used 1485K, capacity 1577K, committed 1664K, reserved 1048576K
}
Event: 3.490 GC heap before
{Heap before GC invocations=5 (full 0):
 PSYoungGen      total 35328K, used 35296K [0x00000000eb300000, 0x00000000ed800000, 0x0000000100000000)
  eden space 32768K, 100% used [0x00000000eb300000,0x00000000ed300000,0x00000000ed300000)
  from space 2560K, 98% used [0x00000000ed580000,0x00000000ed7f8020,0x00000000ed800000)
  to   space 2560K, 0% used [0x00000000ed300000,0x00000000ed300000,0x00000000ed580000)
 ParOldGen       total 44032K, used 5204K [0x00000000c1800000, 0x00000000c4300000, 0x00000000eb300000)
  object space 44032K, 11% used [0x00000000c1800000,0x00000000c1d15190,0x00000000c4300000)
 Metaspace       used 14476K, capacity 14708K, committed 14976K, reserved 1062912K
  class space    used 1784K, capacity 1880K, committed 1920K, reserved 1048576K
Event: 3.508 GC heap after
Heap after GC invocations=5 (full 0):
 PSYoungGen      total 35328K, used 2528K [0x00000000eb300000, 0x00000000f0400000, 0x0000000100000000)
  eden space 32768K, 0% used [0x00000000eb300000,0x00000000eb300000,0x00000000ed300000)
  from space 2560K, 98% used [0x00000000ed300000,0x00000000ed578040,0x00000000ed580000)
  to   space 8704K, 0% used [0x00000000efb80000,0x00000000efb80000,0x00000000f0400000)
 ParOldGen       total 44032K, used 11557K [0x00000000c1800000, 0x00000000c4300000, 0x00000000eb300000)
  object space 44032K, 26% used [0x00000000c1800000,0x00000000c2349638,0x00000000c4300000)
 Metaspace       used 14476K, capacity 14708K, committed 14976K, reserved 1062912K
  class space    used 1784K, capacity 1880K, committed 1920K, reserved 1048576K
}
Event: 4.490 GC heap before
{Heap before GC invocations=6 (full 0):
 PSYoungGen      total 35328K, used 35296K [0x00000000eb300000, 0x00000000f0400000, 0x0000000100000000)
  eden space 32768K, 100% used [0x00000000eb300000,0x00000000ed300000,0x00000000ed300000)
  from space 2560K, 98% used [0x00000000ed300000,0x00000000ed578040,0x00000000ed580000)
  to   space 8704K, 0% used [0x00000000efb80000,0x00000000efb80000,0x00000000f0400000)
 ParOldGen       total 44032K, used 11557K [0x00000000c1800000, 0x00000000c4300000, 0x00000000eb300000)
  object space 44032K, 26% used [0x00000000c1800000,0x00000000c2349638,0x00000000c4300000)
 Metaspace       used 14982K, capacity 15226K, committed 15488K, reserved 1062912K
  class space    used 1811K, capacity 1881K, committed 1920K, reserved 1048576K
Event: 4.511 GC heap after
Heap after GC invocations=6 (full 0):
 PSYoungGen      total 73216K, used 7031K [0x00000000eb300000, 0x00000000f0600000, 0x0000000100000000)
  eden space 64512K, 0% used [0x00000000eb300000,0x00000000eb300000,0x00000000ef200000)
  from space 8704K, 80% used [0x00000000efb80000,0x00000000f025dc00,0x00000000f0400000)
  to   space 9728K, 0% used [0x00000000ef200000,0x00000000ef200000,0x00000000efb80000)
 ParOldGen       total 44032K, used 11565K [0x00000000c1800000, 0x00000000c4300000, 0x00000000eb300000)
  object space 44032K, 26% used [0x00000000c1800000,0x00000000c234b638,0x00000000c4300000)
 Metaspace       used 14982K, capacity 15226K, committed 15488K, reserved 1062912K
  class space    used 1811K, capacity 1881K, committed 1920K, reserved 1048576K
}
Event: 7.062 GC heap before
{Heap before GC invocations=7 (full 0):
 PSYoungGen      total 73216K, used 71543K [0x00000000eb300000, 0x00000000f0600000, 0x0000000100000000)
  eden space 64512K, 100% used [0x00000000eb300000,0x00000000ef200000,0x00000000ef200000)
  from space 8704K, 80% used [0x00000000efb80000,0x00000000f025dc00,0x00000000f0400000)
  to   space 9728K, 0% used [0x00000000ef200000,0x00000000ef200000,0x00000000efb80000)
 ParOldGen       total 44032K, used 11565K [0x00000000c1800000, 0x00000000c4300000, 0x00000000eb300000)
  object space 44032K, 26% used [0x00000000c1800000,0x00000000c234b638,0x00000000c4300000)
 Metaspace       used 15483K, capacity 15736K, committed 16000K, reserved 1062912K
  class space    used 1839K, capacity 1918K, committed 1920K, reserved 1048576K
Event: 7.096 GC heap after
Heap after GC invocations=7 (full 0):
 PSYoungGen      total 74240K, used 9712K [0x00000000eb300000, 0x00000000f4a00000, 0x0000000100000000)
  eden space 64512K, 0% used [0x00000000eb300000,0x00000000eb300000,0x00000000ef200000)
  from space 9728K, 99% used [0x00000000ef200000,0x00000000efb7c010,0x00000000efb80000)
  to   space 12800K, 0% used [0x00000000f3d80000,0x00000000f3d80000,0x00000000f4a00000)
 ParOldGen       total 44032K, used 14293K [0x00000000c1800000, 0x00000000c4300000, 0x00000000eb300000)
  object space 44032K, 32% used [0x00000000c1800000,0x00000000c25f5640,0x00000000c4300000)
 Metaspace       used 15483K, capacity 15736K, committed 16000K, reserved 1062912K
  class space    used 1839K, capacity 1918K, committed 1920K, reserved 1048576K
}

Deoptimization events (10 events):
Event: 6.277 Thread 0x0000000004f22800 Uncommon trap: reason=unstable_if action=reinterpret pc=0x00000000059fc058 method=org.apache.maven.repository.internal.ArtifactDescriptorReaderDelegate.convert(Lorg/apache/maven/model/Dependency;Lorg/eclipse/aether/artifact/ArtifactTypeRegistry;)Lorg/ecli
Event: 6.317 Thread 0x0000000004f22800 Uncommon trap: reason=unstable_if action=reinterpret pc=0x00000000056a1390 method=java.util.LinkedHashMap.afterNodeInsertion(Z)V @ 18
Event: 6.322 Thread 0x0000000004f22800 Uncommon trap: reason=unstable_if action=reinterpret pc=0x000000000599004c method=org.codehaus.plexus.interpolation.StringSearchInterpolator.interpolate(Ljava/lang/String;Lorg/codehaus/plexus/interpolation/RecursionInterceptor;Ljava/util/Set;)Ljava/lang/S
Event: 6.373 Thread 0x0000000004f22800 Uncommon trap: reason=unstable_if action=reinterpret pc=0x00000000058db7cc method=java.util.HashMap.getNode(ILjava/lang/Object;)Ljava/util/HashMap$Node; @ 53
Event: 6.373 Thread 0x0000000004f22800 Uncommon trap: reason=unstable_if action=reinterpret pc=0x00000000054a8504 method=java.util.HashMap.getNode(ILjava/lang/Object;)Ljava/util/HashMap$Node; @ 53
Event: 6.450 Thread 0x0000000004f22800 Uncommon trap: reason=class_check action=maybe_recompile pc=0x0000000005a022ac method=java.util.AbstractCollection.toArray()[Ljava/lang/Object; @ 1
Event: 6.452 Thread 0x0000000004f22800 Uncommon trap: reason=class_check action=maybe_recompile pc=0x0000000005a022ac method=java.util.AbstractCollection.toArray()[Ljava/lang/Object; @ 1
Event: 6.453 Thread 0x0000000004f22800 Uncommon trap: reason=class_check action=maybe_recompile pc=0x0000000005a022ac method=java.util.AbstractCollection.toArray()[Ljava/lang/Object; @ 1
Event: 6.453 Thread 0x0000000004f22800 Uncommon trap: reason=class_check action=maybe_recompile pc=0x0000000005a022ac method=java.util.AbstractCollection.toArray()[Ljava/lang/Object; @ 1
Event: 6.457 Thread 0x0000000004f22800 Uncommon trap: reason=unstable_if action=reinterpret pc=0x0000000005a51b0c method=org.eclipse.aether.artifact.DefaultArtifact.<init>(Ljava/lang/String;Ljava/lang/String;Ljava/lang/String;Ljava/lang/String;Ljava/lang/String;Ljava/util/Map;Lorg/eclipse/aeth

Classes redefined (0 events):
No events

Internal exceptions (10 events):
Event: 2.871 Thread 0x0000000004f22800 Exception <a 'java/lang/NullPointerException'> (0x00000000ebcc4f28) thrown at [C:\re\workspace\8-2-build-windows-amd64-cygwin\jdk8u171\10807\hotspot\src\share\vm\interpreter\linkResolver.cpp, line 1185]
Event: 2.873 Thread 0x0000000004f22800 Exception <a 'java/lang/NullPointerException'> (0x00000000ebcdd258) thrown at [C:\re\workspace\8-2-build-windows-amd64-cygwin\jdk8u171\10807\hotspot\src\share\vm\interpreter\linkResolver.cpp, line 1185]
Event: 2.873 Thread 0x0000000004f22800 Exception <a 'java/lang/NullPointerException'> (0x00000000ebcdd470) thrown at [C:\re\workspace\8-2-build-windows-amd64-cygwin\jdk8u171\10807\hotspot\src\share\vm\interpreter\linkResolver.cpp, line 1185]
Event: 2.873 Thread 0x0000000004f22800 Exception <a 'java/lang/NullPointerException'> (0x00000000ebcdd688) thrown at [C:\re\workspace\8-2-build-windows-amd64-cygwin\jdk8u171\10807\hotspot\src\share\vm\interpreter\linkResolver.cpp, line 1185]
Event: 3.321 Thread 0x0000000004f22800 Implicit null exception at 0x00000000056ec703 to 0x00000000056ed965
Event: 4.171 Thread 0x0000000004f22800 Implicit null exception at 0x00000000054d8dd5 to 0x00000000054d8fad
Event: 4.172 Thread 0x0000000004f22800 Implicit null exception at 0x00000000054203af to 0x0000000005420419
Event: 4.176 Thread 0x0000000004f22800 Implicit null exception at 0x000000000582282f to 0x0000000005822a71
Event: 4.538 Thread 0x0000000004f22800 Implicit null exception at 0x000000000587e2cf to 0x000000000587e819
Event: 5.043 Thread 0x0000000004f22800 Implicit null exception at 0x00000000058d7dac to 0x00000000058d900d

Events (10 events):
Event: 7.096 Executing VM operation: RevokeBias
Event: 7.096 Executing VM operation: RevokeBias done
Event: 7.096 Executing VM operation: RevokeBias
Event: 7.096 Executing VM operation: RevokeBias done
Event: 7.096 Executing VM operation: RevokeBias
Event: 7.096 Executing VM operation: RevokeBias done
Event: 7.096 Executing VM operation: RevokeBias
Event: 7.097 Executing VM operation: RevokeBias done
Event: 7.097 Executing VM operation: BulkRevokeBias
Event: 7.097 Executing VM operation: BulkRevokeBias done


Dynamic libraries:
0x00007ff7e9db0000 - 0x00007ff7e9de7000 	C:\Program Files\Java\jdk1.8.0_171\bin\javaw.exe
0x00007ffbc83a0000 - 0x00007ffbc8580000 	C:\WINDOWS\SYSTEM32\ntdll.dll
0x00007ffbc8150000 - 0x00007ffbc81fe000 	C:\WINDOWS\System32\KERNEL32.DLL
0x00007ffbc4ef0000 - 0x00007ffbc5156000 	C:\WINDOWS\System32\KERNELBASE.dll
0x00007ffbc59b0000 - 0x00007ffbc5a51000 	C:\WINDOWS\System32\ADVAPI32.dll
0x00007ffbc7ef0000 - 0x00007ffbc7f8d000 	C:\WINDOWS\System32\msvcrt.dll
0x00007ffbc7f90000 - 0x00007ffbc7feb000 	C:\WINDOWS\System32\sechost.dll
0x00007ffbc5cb0000 - 0x00007ffbc5dcf000 	C:\WINDOWS\System32\RPCRT4.dll
0x00007ffbc63c0000 - 0x00007ffbc654f000 	C:\WINDOWS\System32\USER32.dll
0x00007ffbc5680000 - 0x00007ffbc56a0000 	C:\WINDOWS\System32\win32u.dll
0x00007ffbc62d0000 - 0x00007ffbc62f8000 	C:\WINDOWS\System32\GDI32.dll
0x00007ffbc52f0000 - 0x00007ffbc5483000 	C:\WINDOWS\System32\gdi32full.dll
0x00007ffbc5490000 - 0x00007ffbc552b000 	C:\WINDOWS\System32\msvcp_win.dll
0x00007ffbc5530000 - 0x00007ffbc5626000 	C:\WINDOWS\System32\ucrtbase.dll
0x00007ffbbce90000 - 0x00007ffbbd0f9000 	C:\WINDOWS\WinSxS\amd64_microsoft.windows.common-controls_6595b64144ccf1df_6.0.16299.492_none_15c8d3609364b9b0\COMCTL32.dll
0x00007ffbc6710000 - 0x00007ffbc6a17000 	C:\WINDOWS\System32\combase.dll
0x00007ffbc51c0000 - 0x00007ffbc5232000 	C:\WINDOWS\System32\bcryptPrimitives.dll
0x00007ffbc5c60000 - 0x00007ffbc5c8d000 	C:\WINDOWS\System32\IMM32.DLL
0x0000000067240000 - 0x0000000067312000 	C:\Program Files\Java\jdk1.8.0_171\jre\bin\msvcr100.dll
0x0000000065df0000 - 0x0000000066690000 	C:\Program Files\Java\jdk1.8.0_171\jre\bin\server\jvm.dll
0x00007ffbc6a20000 - 0x00007ffbc6a28000 	C:\WINDOWS\System32\PSAPI.DLL
0x00007ffbaace0000 - 0x00007ffbaace9000 	C:\WINDOWS\SYSTEM32\WSOCK32.dll
0x00007ffbc27a0000 - 0x00007ffbc27c3000 	C:\WINDOWS\SYSTEM32\WINMM.dll
0x00007ffbc5870000 - 0x00007ffbc58dc000 	C:\WINDOWS\System32\WS2_32.dll
0x00007ffbbb060000 - 0x00007ffbbb06a000 	C:\WINDOWS\SYSTEM32\VERSION.dll
0x00007ffbc25a0000 - 0x00007ffbc25ca000 	C:\WINDOWS\SYSTEM32\WINMMBASE.dll
0x00007ffbc5630000 - 0x00007ffbc567a000 	C:\WINDOWS\System32\cfgmgr32.dll
0x0000000067230000 - 0x000000006723f000 	C:\Program Files\Java\jdk1.8.0_171\jre\bin\verify.dll
0x0000000067200000 - 0x0000000067229000 	C:\Program Files\Java\jdk1.8.0_171\jre\bin\java.dll
0x00000000671e0000 - 0x00000000671f6000 	C:\Program Files\Java\jdk1.8.0_171\jre\bin\zip.dll
0x00007ffbc6ab0000 - 0x00007ffbc7ee8000 	C:\WINDOWS\System32\SHELL32.dll
0x00007ffbc6550000 - 0x00007ffbc65f6000 	C:\WINDOWS\System32\shcore.dll
0x00007ffbc47a0000 - 0x00007ffbc4ee7000 	C:\WINDOWS\System32\windows.storage.dll
0x00007ffbc6300000 - 0x00007ffbc6351000 	C:\WINDOWS\System32\shlwapi.dll
0x00007ffbc4760000 - 0x00007ffbc4771000 	C:\WINDOWS\System32\kernel.appcore.dll
0x00007ffbc4710000 - 0x00007ffbc475c000 	C:\WINDOWS\System32\powrprof.dll
0x00007ffbc46f0000 - 0x00007ffbc470b000 	C:\WINDOWS\System32\profapi.dll
0x00000000671c0000 - 0x00000000671da000 	C:\Program Files\Java\jdk1.8.0_171\jre\bin\net.dll
0x00007ffbc3f20000 - 0x00007ffbc3f86000 	C:\WINDOWS\system32\mswsock.dll
0x00000000671a0000 - 0x00000000671b1000 	C:\Program Files\Java\jdk1.8.0_171\jre\bin\nio.dll

VM Arguments:
jvm_args: -Dmaven.home=EMBEDDED -Dclassworlds.conf=C:\Users\João Carlos\eclipse-workspace\.metadata\.plugins\org.eclipse.m2e.launching\launches\m2conf3113491479465464891.tmp -Dmaven.multiModuleProjectDirectory=C:\Users\João Carlos\eclipse-workspace\boot-web -Dfile.encoding=Cp1252 
java_command: org.codehaus.plexus.classworlds.launcher.Launcher -B install
java_class_path (initial): C:\Users\João Carlos\Desktop\eclipse\plugins\org.eclipse.m2e.maven.runtime_1.8.3.20180227-2135\jars\plexus-classworlds-2.5.2.jar
Launcher Type: SUN_STANDARD

Environment Variables:
PATH=C:/Program Files/Java/jre1.8.0_171/bin/server;C:/Program Files/Java/jre1.8.0_171/bin;C:/Program Files/Java/jre1.8.0_171/lib/amd64;C:\Program Files (x86)\Common Files\Oracle\Java\javapath;C:\ProgramData\Oracle\Java\javapath;C:\Program Files (x86)\Intel\iCLS Client\;C:\Program Files\Intel\iCLS Client\;C:\WINDOWS\system32;C:\WINDOWS;C:\WINDOWS\System32\Wbem;C:\WINDOWS\System32\WindowsPowerShell\v1.0\;C:\Program Files\Intel\Intel(R) Management Engine Components\DAL;C:\Program Files\Intel\Intel(R) Management Engine Components\IPT;C:\Program Files (x86)\Intel\Intel(R) Management Engine Components\DAL;C:\Program Files (x86)\Intel\Intel(R) Management Engine Components\IPT;C:\Program Files (x86)\Intel\OpenCL SDK\2.0\bin\x86;C:\Program Files (x86)\Intel\OpenCL SDK\2.0\bin\x64;C:\Program Files\TortoiseSVN\bin;C:\PostgreSQL\pg96\bin;C:\Program Files\Git\cmd;C:\Program Files\TortoiseGit\bin;C:\Program Files\nodejs\;C:\Program Files (x86)\Skype\Phone\;C:\Ruby25-x64\bin;C:\Users\João Carlos\AppData\Local\Microsoft\WindowsApps;C:\Users\João Carlos\AppData\Roaming\npm;C:\Program Files\Microsoft VS Code\bin;C:\Program Files\heroku\bin;C:\Users\João Carlos\Desktop\eclipse;
USERNAME=João Carlos
OS=Windows_NT
PROCESSOR_IDENTIFIER=Intel64 Family 6 Model 58 Stepping 9, GenuineIntel



---------------  S Y S T E M  ---------------

OS: Windows 10.0 , 64 bit Build 16299 (10.0.16299.431)

CPU:total 4 (initial active 4) (2 cores per cpu, 2 threads per core) family 6 model 58 stepping 9, cmov, cx8, fxsr, mmx, sse, sse2, sse3, ssse3, sse4.1, sse4.2, popcnt, avx, clmul, erms, ht, tsc, tscinvbit, tscinv

Memory: 4k page, physical 4088928k(584732k free), swap 4088928k(4860k free)

vm_info: Java HotSpot(TM) 64-Bit Server VM (25.171-b11) for windows-amd64 JRE (1.8.0_171-b11), built on Mar 28 2018 16:06:12 by "java_re" with MS VC++ 10.0 (VS2010)

time: Sat Jul 07 11:49:58 2018
elapsed time: 7 seconds (0d 0h 0m 7s)

