#
# There is insufficient memory for the Java Runtime Environment to continue.
# Native memory allocation (malloc) failed to allocate 1779920 bytes for Chunk::new
# Possible reasons:
#   The system is out of physical RAM or swap space
#   In 32 bit mode, the process size limit was hit
# Possible solutions:
#   Reduce memory load on the system
#   Increase physical memory or swap space
#   Check if swap backing store is full
#   Use 64 bit Java on a 64 bit OS
#   Decrease Java heap size (-Xmx/-Xms)
#   Decrease number of Java threads
#   Decrease Java thread stack sizes (-Xss)
#   Set larger code cache with -XX:ReservedCodeCacheSize=
# This output file may be truncated or incomplete.
#
#  Out of Memory Error (allocation.cpp:390), pid=5752, tid=0x0000000000002424
#
# JRE version: Java(TM) SE Runtime Environment (8.0_171-b11) (build 1.8.0_171-b11)
# Java VM: Java HotSpot(TM) 64-Bit Server VM (25.171-b11 mixed mode windows-amd64 compressed oops)
# Failed to write core dump. Minidumps are not enabled by default on client versions of Windows
#

---------------  T H R E A D  ---------------

Current thread (0x0000000016fd1800):  JavaThread "C2 CompilerThread1" daemon [_thread_in_native, id=9252, stack(0x0000000018830000,0x0000000018930000)]

Stack: [0x0000000018830000,0x0000000018930000]
[error occurred during error reporting (printing stack bounds), id 0xc0000005]

Native frames: (J=compiled Java code, j=interpreted, Vv=VM code, C=native code)


Current CompileTask:
C2:  17888 3754   !   4       org.springframework.core.annotation.AnnotatedElementUtils::searchWithFindSemantics (785 bytes)


---------------  P R O C E S S  ---------------

Java Threads: ( => current thread )
  0x000000001a2d2800 JavaThread "HikariPool-1 connection adder" daemon [_thread_blocked, id=9168, stack(0x000000001e930000,0x000000001ea30000)]
  0x000000001a2d2000 JavaThread "HikariPool-1 housekeeper" daemon [_thread_blocked, id=9864, stack(0x000000001e830000,0x000000001e930000)]
  0x000000001a17d800 JavaThread "Abandoned connection cleanup thread" daemon [_thread_blocked, id=8520, stack(0x000000001e430000,0x000000001e530000)]
  0x0000000018b9c000 JavaThread "surefire-forkedjvm-ping-30s" daemon [_thread_in_native, id=9296, stack(0x0000000019130000,0x0000000019230000)]
  0x0000000018b2c800 JavaThread "surefire-forkedjvm-command-thread" daemon [_thread_in_native, id=9236, stack(0x0000000019030000,0x0000000019130000)]
  0x0000000018a58800 JavaThread "Service Thread" daemon [_thread_blocked, id=264, stack(0x0000000018e30000,0x0000000018f30000)]
  0x0000000016fd7000 JavaThread "C1 CompilerThread2" daemon [_thread_blocked, id=1304, stack(0x0000000018930000,0x0000000018a30000)]
=>0x0000000016fd1800 JavaThread "C2 CompilerThread1" daemon [_thread_in_native, id=9252, stack(0x0000000018830000,0x0000000018930000)]
  0x0000000016fce800 JavaThread "C2 CompilerThread0" daemon [_thread_in_native, id=9232, stack(0x0000000018730000,0x0000000018830000)]
  0x0000000016fcd800 JavaThread "Attach Listener" daemon [_thread_blocked, id=5696, stack(0x0000000018630000,0x0000000018730000)]
  0x0000000016fcb800 JavaThread "Signal Dispatcher" daemon [_thread_blocked, id=9264, stack(0x0000000018530000,0x0000000018630000)]
  0x0000000016fc0000 JavaThread "Finalizer" daemon [_thread_blocked, id=7620, stack(0x0000000018230000,0x0000000018330000)]
  0x00000000049d2800 JavaThread "Reference Handler" daemon [_thread_blocked, id=3660, stack(0x0000000018130000,0x0000000018230000)]
  0x000000000467e000 JavaThread "main" [_thread_in_Java, id=5764, stack(0x00000000047e0000,0x00000000048e0000)]

Other Threads:
  0x0000000016f97000 VMThread [stack: 0x0000000018030000,0x0000000018130000] [id=6076]
  0x0000000018a7a800 WatcherThread [stack: 0x0000000018f30000,0x0000000019030000] [id=5372]

VM state:not at safepoint (normal execution)

VM Mutex/Monitor currently owned by a thread: None

Heap:
 PSYoungGen      total 84480K, used 47047K [0x00000000eb300000, 0x00000000f0d80000, 0x0000000100000000)
  eden space 77312K, 54% used [0x00000000eb300000,0x00000000edc84590,0x00000000efe80000)
  from space 7168K, 63% used [0x00000000f0680000,0x00000000f0aed9e8,0x00000000f0d80000)
  to   space 7680K, 0% used [0x00000000efe80000,0x00000000efe80000,0x00000000f0600000)
 ParOldGen       total 51200K, used 17420K [0x00000000c1800000, 0x00000000c4a00000, 0x00000000eb300000)
  object space 51200K, 34% used [0x00000000c1800000,0x00000000c2903198,0x00000000c4a00000)
 Metaspace       used 43074K, capacity 44532K, committed 44672K, reserved 1087488K
  class space    used 5741K, capacity 6016K, committed 6016K, reserved 1048576K

Card table byte_map: [0x0000000013da0000,0x0000000013fa0000] byte_map_base: 0x0000000013794000

Marking Bits: (ParMarkBitMap*) 0x00000000666108c0
 Begin Bits: [0x00000000144f0000, 0x0000000015490000)
 End Bits:   [0x0000000015490000, 0x0000000016430000)

Polling page: 0x0000000002980000

CodeCache: size=245760Kb used=13540Kb max_used=13540Kb free=232219Kb
 bounds [0x00000000049e0000, 0x0000000005730000, 0x00000000139e0000]
 total_blobs=4167 nmethods=3672 adapters=407
 compilation: enabled

Compilation events (10 events):
Event: 17.839 Thread 0x0000000016fd7000 3913       3       org.springframework.beans.factory.config.InstantiationAwareBeanPostProcessorAdapter::postProcessBeforeInitialization (2 bytes)
Event: 17.840 Thread 0x0000000016fd7000 nmethod 3913 0x0000000004b11f10 code [0x0000000004b12060, 0x0000000004b121b0]
Event: 17.855 Thread 0x0000000016fd7000 3914       3       org.springframework.beans.factory.support.AbstractAutowireCapableBeanFactory::applyBeanPostProcessorsBeforeInitialization (61 bytes)
Event: 17.856 Thread 0x0000000016fd7000 nmethod 3914 0x00000000057209d0 code [0x0000000005720b80, 0x0000000005721298]
Event: 17.856 Thread 0x0000000016fd7000 3915       3       org.springframework.beans.factory.support.AbstractAutowireCapableBeanFactory::applyBeanPostProcessorsAfterInitialization (61 bytes)
Event: 17.857 Thread 0x0000000016fd7000 nmethod 3915 0x00000000057214d0 code [0x0000000005721680, 0x0000000005721d98]
Event: 17.858 Thread 0x0000000016fd7000 3916       3       org.springframework.util.ReflectionUtils::findField (119 bytes)
Event: 17.860 Thread 0x0000000016fd7000 nmethod 3916 0x0000000005721fd0 code [0x00000000057221e0, 0x0000000005722d48]
Event: 17.868 Thread 0x0000000016fd7000 3918       3       org.springframework.asm.Type::getMethodDescriptor (53 bytes)
Event: 17.871 Thread 0x0000000016fd7000 nmethod 3918 0x0000000005723290 code [0x0000000005723500, 0x0000000005724508]

GC Heap History (10 events):
Event: 13.969 GC heap before
{Heap before GC invocations=16 (full 1):
 PSYoungGen      total 51712K, used 46400K [0x00000000eb300000, 0x00000000eed00000, 0x0000000100000000)
  eden space 44544K, 100% used [0x00000000eb300000,0x00000000ede80000,0x00000000ede80000)
  from space 7168K, 25% used [0x00000000ee580000,0x00000000ee750000,0x00000000eec80000)
  to   space 7168K, 0% used [0x00000000ede80000,0x00000000ede80000,0x00000000ee580000)
 ParOldGen       total 31744K, used 15059K [0x00000000c1800000, 0x00000000c3700000, 0x00000000eb300000)
  object space 31744K, 47% used [0x00000000c1800000,0x00000000c26b4e48,0x00000000c3700000)
 Metaspace       used 33727K, capacity 34794K, committed 35072K, reserved 1079296K
  class space    used 4311K, capacity 4559K, committed 4608K, reserved 1048576K
Event: 13.978 GC heap after
Heap after GC invocations=16 (full 1):
 PSYoungGen      total 51712K, used 4189K [0x00000000eb300000, 0x00000000efd80000, 0x0000000100000000)
  eden space 44544K, 0% used [0x00000000eb300000,0x00000000eb300000,0x00000000ede80000)
  from space 7168K, 58% used [0x00000000ede80000,0x00000000ee297738,0x00000000ee580000)
  to   space 7168K, 0% used [0x00000000ef680000,0x00000000ef680000,0x00000000efd80000)
 ParOldGen       total 31744K, used 16459K [0x00000000c1800000, 0x00000000c3700000, 0x00000000eb300000)
  object space 31744K, 51% used [0x00000000c1800000,0x00000000c2812e48,0x00000000c3700000)
 Metaspace       used 33727K, capacity 34794K, committed 35072K, reserved 1079296K
  class space    used 4311K, capacity 4559K, committed 4608K, reserved 1048576K
}
Event: 14.067 GC heap before
{Heap before GC invocations=17 (full 1):
 PSYoungGen      total 51712K, used 9478K [0x00000000eb300000, 0x00000000efd80000, 0x0000000100000000)
  eden space 44544K, 11% used [0x00000000eb300000,0x00000000eb82a328,0x00000000ede80000)
  from space 7168K, 58% used [0x00000000ede80000,0x00000000ee297738,0x00000000ee580000)
  to   space 7168K, 0% used [0x00000000ef680000,0x00000000ef680000,0x00000000efd80000)
 ParOldGen       total 31744K, used 16459K [0x00000000c1800000, 0x00000000c3700000, 0x00000000eb300000)
  object space 31744K, 51% used [0x00000000c1800000,0x00000000c2812e48,0x00000000c3700000)
 Metaspace       used 34247K, capacity 35292K, committed 35416K, reserved 1081344K
  class space    used 4350K, capacity 4594K, committed 4608K, reserved 1048576K
Event: 14.075 GC heap after
Heap after GC invocations=17 (full 1):
 PSYoungGen      total 69120K, used 959K [0x00000000eb300000, 0x00000000f0280000, 0x0000000100000000)
  eden space 61952K, 0% used [0x00000000eb300000,0x00000000eb300000,0x00000000eef80000)
  from space 7168K, 13% used [0x00000000ef680000,0x00000000ef76fea8,0x00000000efd80000)
  to   space 7168K, 0% used [0x00000000eef80000,0x00000000eef80000,0x00000000ef680000)
 ParOldGen       total 31744K, used 18839K [0x00000000c1800000, 0x00000000c3700000, 0x00000000eb300000)
  object space 31744K, 59% used [0x00000000c1800000,0x00000000c2a65ed8,0x00000000c3700000)
 Metaspace       used 34247K, capacity 35292K, committed 35416K, reserved 1081344K
  class space    used 4350K, capacity 4594K, committed 4608K, reserved 1048576K
}
Event: 14.075 GC heap before
{Heap before GC invocations=18 (full 2):
 PSYoungGen      total 69120K, used 959K [0x00000000eb300000, 0x00000000f0280000, 0x0000000100000000)
  eden space 61952K, 0% used [0x00000000eb300000,0x00000000eb300000,0x00000000eef80000)
  from space 7168K, 13% used [0x00000000ef680000,0x00000000ef76fea8,0x00000000efd80000)
  to   space 7168K, 0% used [0x00000000eef80000,0x00000000eef80000,0x00000000ef680000)
 ParOldGen       total 31744K, used 18839K [0x00000000c1800000, 0x00000000c3700000, 0x00000000eb300000)
  object space 31744K, 59% used [0x00000000c1800000,0x00000000c2a65ed8,0x00000000c3700000)
 Metaspace       used 34247K, capacity 35292K, committed 35416K, reserved 1081344K
  class space    used 4350K, capacity 4594K, committed 4608K, reserved 1048576K
Event: 14.186 GC heap after
Heap after GC invocations=18 (full 2):
 PSYoungGen      total 69120K, used 0K [0x00000000eb300000, 0x00000000f0280000, 0x0000000100000000)
  eden space 61952K, 0% used [0x00000000eb300000,0x00000000eb300000,0x00000000eef80000)
  from space 7168K, 0% used [0x00000000ef680000,0x00000000ef680000,0x00000000efd80000)
  to   space 7168K, 0% used [0x00000000eef80000,0x00000000eef80000,0x00000000ef680000)
 ParOldGen       total 51200K, used 16347K [0x00000000c1800000, 0x00000000c4a00000, 0x00000000eb300000)
  object space 51200K, 31% used [0x00000000c1800000,0x00000000c27f6e08,0x00000000c4a00000)
 Metaspace       used 34247K, capacity 35292K, committed 35416K, reserved 1081344K
  class space    used 4350K, capacity 4594K, committed 4608K, reserved 1048576K
}
Event: 15.481 GC heap before
{Heap before GC invocations=19 (full 2):
 PSYoungGen      total 69120K, used 61952K [0x00000000eb300000, 0x00000000f0280000, 0x0000000100000000)
  eden space 61952K, 100% used [0x00000000eb300000,0x00000000eef80000,0x00000000eef80000)
  from space 7168K, 0% used [0x00000000ef680000,0x00000000ef680000,0x00000000efd80000)
  to   space 7168K, 0% used [0x00000000eef80000,0x00000000eef80000,0x00000000ef680000)
 ParOldGen       total 51200K, used 16347K [0x00000000c1800000, 0x00000000c4a00000, 0x00000000eb300000)
  object space 51200K, 31% used [0x00000000c1800000,0x00000000c27f6e08,0x00000000c4a00000)
 Metaspace       used 39476K, capacity 40542K, committed 40832K, reserved 1085440K
  class space    used 5231K, capacity 5469K, committed 5504K, reserved 1048576K
Event: 15.489 GC heap after
Heap after GC invocations=19 (full 2):
 PSYoungGen      total 69120K, used 5504K [0x00000000eb300000, 0x00000000f0e00000, 0x0000000100000000)
  eden space 61952K, 0% used [0x00000000eb300000,0x00000000eb300000,0x00000000eef80000)
  from space 7168K, 76% used [0x00000000eef80000,0x00000000ef4e01c0,0x00000000ef680000)
  to   space 7680K, 0% used [0x00000000f0680000,0x00000000f0680000,0x00000000f0e00000)
 ParOldGen       total 51200K, used 16355K [0x00000000c1800000, 0x00000000c4a00000, 0x00000000eb300000)
  object space 51200K, 31% used [0x00000000c1800000,0x00000000c27f8e08,0x00000000c4a00000)
 Metaspace       used 39476K, capacity 40542K, committed 40832K, reserved 1085440K
  class space    used 5231K, capacity 5469K, committed 5504K, reserved 1048576K
}
Event: 16.885 GC heap before
{Heap before GC invocations=20 (full 2):
 PSYoungGen      total 69120K, used 67456K [0x00000000eb300000, 0x00000000f0e00000, 0x0000000100000000)
  eden space 61952K, 100% used [0x00000000eb300000,0x00000000eef80000,0x00000000eef80000)
  from space 7168K, 76% used [0x00000000eef80000,0x00000000ef4e01c0,0x00000000ef680000)
  to   space 7680K, 0% used [0x00000000f0680000,0x00000000f0680000,0x00000000f0e00000)
 ParOldGen       total 51200K, used 16355K [0x00000000c1800000, 0x00000000c4a00000, 0x00000000eb300000)
  object space 51200K, 31% used [0x00000000c1800000,0x00000000c27f8e08,0x00000000c4a00000)
 Metaspace       used 41927K, capacity 43376K, committed 43520K, reserved 1087488K
  class space    used 5575K, capacity 5874K, committed 5888K, reserved 1048576K
Event: 16.905 GC heap after
Heap after GC invocations=20 (full 2):
 PSYoungGen      total 84480K, used 4534K [0x00000000eb300000, 0x00000000f0d80000, 0x0000000100000000)
  eden space 77312K, 0% used [0x00000000eb300000,0x00000000eb300000,0x00000000efe80000)
  from space 7168K, 63% used [0x00000000f0680000,0x00000000f0aed9e8,0x00000000f0d80000)
  to   space 7680K, 0% used [0x00000000efe80000,0x00000000efe80000,0x00000000f0600000)
 ParOldGen       total 51200K, used 17420K [0x00000000c1800000, 0x00000000c4a00000, 0x00000000eb300000)
  object space 51200K, 34% used [0x00000000c1800000,0x00000000c2903198,0x00000000c4a00000)
 Metaspace       used 41927K, capacity 43376K, committed 43520K, reserved 1087488K
  class space    used 5575K, capacity 5874K, committed 5888K, reserved 1048576K
}

Deoptimization events (10 events):
Event: 16.059 Thread 0x000000000467e000 Uncommon trap: reason=class_check action=maybe_recompile pc=0x00000000054be654 method=org.springframework.beans.factory.support.AbstractBeanFactory.isTypeMatch(Ljava/lang/String;Lorg/springframework/core/ResolvableType;)Z @ 47
Event: 16.443 Thread 0x000000000467e000 Uncommon trap: reason=unstable_if action=reinterpret pc=0x0000000004fee5bc method=org.springframework.util.ConcurrentReferenceHashMap$Segment.findInChain(Lorg/springframework/util/ConcurrentReferenceHashMap$Reference;Ljava/lang/Object;I)Lorg/springframewo
Event: 16.443 Thread 0x000000000467e000 Uncommon trap: reason=unstable_if action=reinterpret pc=0x0000000004ff9b74 method=org.springframework.util.ConcurrentReferenceHashMap$Segment.findInChain(Lorg/springframework/util/ConcurrentReferenceHashMap$Reference;Ljava/lang/Object;I)Lorg/springframewo
Event: 16.911 Thread 0x000000000467e000 Uncommon trap: reason=unstable_if action=reinterpret pc=0x0000000005643c8c method=org.springframework.asm.Frame.merge(Lorg/springframework/asm/ClassWriter;I[II)Z @ 80
Event: 16.912 Thread 0x000000000467e000 Uncommon trap: reason=unstable_if action=reinterpret pc=0x00000000053b8fe4 method=org.springframework.asm.Frame.merge(Lorg/springframework/asm/ClassWriter;I[II)Z @ 80
Event: 16.919 Thread 0x000000000467e000 Uncommon trap: reason=range_check action=make_not_entrant pc=0x00000000056b4628 method=java.lang.String.charAt(I)C @ 27
Event: 16.992 Thread 0x000000000467e000 Uncommon trap: reason=unstable_if action=reinterpret pc=0x000000000562c738 method=org.springframework.boot.context.properties.source.ConfigurationPropertyName.elementEquals(Ljava/lang/CharSequence;Ljava/lang/CharSequence;)Z @ 75
Event: 17.138 Thread 0x000000000467e000 Uncommon trap: reason=unstable_if action=reinterpret pc=0x00000000055be30c method=java.util.WeakHashMap.put(Ljava/lang/Object;Ljava/lang/Object;)Ljava/lang/Object; @ 47
Event: 17.419 Thread 0x000000000467e000 Uncommon trap: reason=unstable_if action=reinterpret pc=0x00000000055437bc method=java.util.concurrent.ConcurrentHashMap.putVal(Ljava/lang/Object;Ljava/lang/Object;Z)Ljava/lang/Object; @ 331
Event: 17.442 Thread 0x000000000467e000 Uncommon trap: reason=unstable_if action=reinterpret pc=0x00000000054b09e4 method=java.util.concurrent.ConcurrentHashMap.get(Ljava/lang/Object;)Ljava/lang/Object; @ 86

Classes redefined (0 events):
No events

Internal exceptions (10 events):
Event: 17.835 Thread 0x000000000467e000 Exception <a 'java/lang/ClassNotFoundException': org/springframework/boot/autoconfigure/web/format/WebConversionServiceCustomizer> (0x00000000ed9064f8) thrown at [C:\re\workspace\8-2-build-windows-amd64-cygwin\jdk8u171\10807\hotspot\src\share\vm\classfile
Event: 17.836 Thread 0x000000000467e000 Exception <a 'java/lang/ClassNotFoundException': org/springframework/format/FormatterRegistryCustomizer> (0x00000000ed9225e8) thrown at [C:\re\workspace\8-2-build-windows-amd64-cygwin\jdk8u171\10807\hotspot\src\share\vm\classfile\systemDictionary.cpp, lin
Event: 17.838 Thread 0x000000000467e000 Exception <a 'java/lang/ClassNotFoundException': org/springframework/context/EmbeddedValueResolverAwareCustomizer> (0x00000000ed943368) thrown at [C:\re\workspace\8-2-build-windows-amd64-cygwin\jdk8u171\10807\hotspot\src\share\vm\classfile\systemDictionar
Event: 17.839 Thread 0x000000000467e000 Exception <a 'java/lang/ClassNotFoundException': org/springframework/core/convert/support/ConfigurableConversionServiceCustomizer> (0x00000000ed962408) thrown at [C:\re\workspace\8-2-build-windows-amd64-cygwin\jdk8u171\10807\hotspot\src\share\vm\classfile
Event: 17.848 Thread 0x000000000467e000 Exception <a 'java/lang/ClassNotFoundException': java/lang/ObjectCustomizer> (0x00000000ed9a1240) thrown at [C:\re\workspace\8-2-build-windows-amd64-cygwin\jdk8u171\10807\hotspot\src\share\vm\classfile\systemDictionary.cpp, line 210]
Event: 17.850 Thread 0x000000000467e000 Exception <a 'java/lang/ClassNotFoundException': org/springframework/boot/autoconfigure/validation/ValidatorAdapterCustomizer> (0x00000000ed9c1598) thrown at [C:\re\workspace\8-2-build-windows-amd64-cygwin\jdk8u171\10807\hotspot\src\share\vm\classfile\sys
Event: 17.852 Thread 0x000000000467e000 Exception <a 'java/lang/ClassNotFoundException': org/springframework/validation/SmartValidatorCustomizer> (0x00000000ed9e20a8) thrown at [C:\re\workspace\8-2-build-windows-amd64-cygwin\jdk8u171\10807\hotspot\src\share\vm\classfile\systemDictionary.cpp, li
Event: 17.853 Thread 0x000000000467e000 Exception <a 'java/lang/ClassNotFoundException': org/springframework/context/ApplicationContextAwareCustomizer> (0x00000000ed9fbd38) thrown at [C:\re\workspace\8-2-build-windows-amd64-cygwin\jdk8u171\10807\hotspot\src\share\vm\classfile\systemDictionary.c
Event: 17.854 Thread 0x000000000467e000 Exception <a 'java/lang/ClassNotFoundException': org/springframework/beans/factory/InitializingBeanCustomizer> (0x00000000eda15a70) thrown at [C:\re\workspace\8-2-build-windows-amd64-cygwin\jdk8u171\10807\hotspot\src\share\vm\classfile\systemDictionary.cp
Event: 17.855 Thread 0x000000000467e000 Exception <a 'java/lang/ClassNotFoundException': org/springframework/beans/factory/DisposableBeanCustomizer> (0x00000000eda2d990) thrown at [C:\re\workspace\8-2-build-windows-amd64-cygwin\jdk8u171\10807\hotspot\src\share\vm\classfile\systemDictionary.cpp,

Events (10 events):
Event: 17.875 loading class org/springframework/data/web/SortDefault$SortDefaults
Event: 17.875 loading class org/springframework/data/web/SortDefault$SortDefaults done
Event: 17.876 loading class org/springframework/data/web/SortDefault
Event: 17.876 loading class org/springframework/data/web/SortDefault done
Event: 17.877 loading class org/springframework/data/web/SortHandlerMethodArgumentResolver
Event: 17.877 loading class org/springframework/data/web/SortHandlerMethodArgumentResolver done
Event: 17.877 loading class org/springframework/data/web/config/SortHandlerMethodArgumentResolverCustomizer
Event: 17.877 loading class org/springframework/data/web/config/SortHandlerMethodArgumentResolverCustomizer done
Event: 17.877 loading class org/springframework/data/web/SortHandlerMethodArgumentResolver
Event: 17.877 loading class org/springframework/data/web/SortHandlerMethodArgumentResolver done


Dynamic libraries:
0x00007ff72db00000 - 0x00007ff72db37000 	C:\Program Files\Java\jdk1.8.0_171\jre\bin\java.exe
0x00007ffbc83a0000 - 0x00007ffbc8580000 	C:\WINDOWS\SYSTEM32\ntdll.dll
0x00007ffbc8150000 - 0x00007ffbc81fe000 	C:\WINDOWS\System32\KERNEL32.DLL
0x00007ffbc4ef0000 - 0x00007ffbc5156000 	C:\WINDOWS\System32\KERNELBASE.dll
0x00007ffbc59b0000 - 0x00007ffbc5a51000 	C:\WINDOWS\System32\ADVAPI32.dll
0x00007ffbc7ef0000 - 0x00007ffbc7f8d000 	C:\WINDOWS\System32\msvcrt.dll
0x00007ffbc7f90000 - 0x00007ffbc7feb000 	C:\WINDOWS\System32\sechost.dll
0x00007ffbc5cb0000 - 0x00007ffbc5dcf000 	C:\WINDOWS\System32\RPCRT4.dll
0x00007ffbc63c0000 - 0x00007ffbc654f000 	C:\WINDOWS\System32\USER32.dll
0x00007ffbc5680000 - 0x00007ffbc56a0000 	C:\WINDOWS\System32\win32u.dll
0x00007ffbc62d0000 - 0x00007ffbc62f8000 	C:\WINDOWS\System32\GDI32.dll
0x00007ffbc52f0000 - 0x00007ffbc5483000 	C:\WINDOWS\System32\gdi32full.dll
0x00007ffbc5490000 - 0x00007ffbc552b000 	C:\WINDOWS\System32\msvcp_win.dll
0x00007ffbc5530000 - 0x00007ffbc5626000 	C:\WINDOWS\System32\ucrtbase.dll
0x00007ffbbce90000 - 0x00007ffbbd0f9000 	C:\WINDOWS\WinSxS\amd64_microsoft.windows.common-controls_6595b64144ccf1df_6.0.16299.492_none_15c8d3609364b9b0\COMCTL32.dll
0x00007ffbc6710000 - 0x00007ffbc6a17000 	C:\WINDOWS\System32\combase.dll
0x00007ffbc51c0000 - 0x00007ffbc5232000 	C:\WINDOWS\System32\bcryptPrimitives.dll
0x00007ffbc5c60000 - 0x00007ffbc5c8d000 	C:\WINDOWS\System32\IMM32.DLL
0x0000000067230000 - 0x0000000067302000 	C:\Program Files\Java\jdk1.8.0_171\jre\bin\msvcr100.dll
0x0000000065df0000 - 0x0000000066690000 	C:\Program Files\Java\jdk1.8.0_171\jre\bin\server\jvm.dll
0x00007ffbc6a20000 - 0x00007ffbc6a28000 	C:\WINDOWS\System32\PSAPI.DLL
0x00007ffbc27a0000 - 0x00007ffbc27c3000 	C:\WINDOWS\SYSTEM32\WINMM.dll
0x00007ffbaace0000 - 0x00007ffbaace9000 	C:\WINDOWS\SYSTEM32\WSOCK32.dll
0x00007ffbbb060000 - 0x00007ffbbb06a000 	C:\WINDOWS\SYSTEM32\VERSION.dll
0x00007ffbc5870000 - 0x00007ffbc58dc000 	C:\WINDOWS\System32\WS2_32.dll
0x00007ffbc25a0000 - 0x00007ffbc25ca000 	C:\WINDOWS\SYSTEM32\winmmbase.dll
0x00007ffbc5630000 - 0x00007ffbc567a000 	C:\WINDOWS\System32\cfgmgr32.dll
0x0000000067220000 - 0x000000006722f000 	C:\Program Files\Java\jdk1.8.0_171\jre\bin\verify.dll
0x00000000671f0000 - 0x0000000067219000 	C:\Program Files\Java\jdk1.8.0_171\jre\bin\java.dll
0x00000000671d0000 - 0x00000000671e6000 	C:\Program Files\Java\jdk1.8.0_171\jre\bin\zip.dll
0x00007ffbc6ab0000 - 0x00007ffbc7ee8000 	C:\WINDOWS\System32\SHELL32.dll
0x00007ffbc6550000 - 0x00007ffbc65f6000 	C:\WINDOWS\System32\shcore.dll
0x00007ffbc47a0000 - 0x00007ffbc4ee7000 	C:\WINDOWS\System32\windows.storage.dll
0x00007ffbc6300000 - 0x00007ffbc6351000 	C:\WINDOWS\System32\shlwapi.dll
0x00007ffbc4760000 - 0x00007ffbc4771000 	C:\WINDOWS\System32\kernel.appcore.dll
0x00007ffbc4710000 - 0x00007ffbc475c000 	C:\WINDOWS\System32\powrprof.dll
0x00007ffbc46f0000 - 0x00007ffbc470b000 	C:\WINDOWS\System32\profapi.dll
0x0000000067140000 - 0x000000006714d000 	C:\Program Files\Java\jdk1.8.0_171\jre\bin\management.dll
0x00000000671b0000 - 0x00000000671ca000 	C:\Program Files\Java\jdk1.8.0_171\jre\bin\net.dll
0x00007ffbc3f20000 - 0x00007ffbc3f86000 	C:\WINDOWS\system32\mswsock.dll
0x0000000067190000 - 0x00000000671a1000 	C:\Program Files\Java\jdk1.8.0_171\jre\bin\nio.dll
0x00007ffbaa3b0000 - 0x00007ffbaa3c6000 	C:\WINDOWS\system32\napinsp.dll
0x00007ffba9eb0000 - 0x00007ffba9eca000 	C:\WINDOWS\system32\pnrpnsp.dll
0x00007ffbc1510000 - 0x00007ffbc1528000 	C:\WINDOWS\system32\NLAapi.dll
0x00007ffbc3cf0000 - 0x00007ffbc3da6000 	C:\WINDOWS\SYSTEM32\DNSAPI.dll
0x00007ffbc7ff0000 - 0x00007ffbc7ff8000 	C:\WINDOWS\System32\NSI.dll
0x00007ffbc3cb0000 - 0x00007ffbc3ce9000 	C:\WINDOWS\SYSTEM32\IPHLPAPI.DLL
0x00007ffbaa060000 - 0x00007ffbaa06e000 	C:\WINDOWS\System32\winrnr.dll
0x00007ffbb0ef0000 - 0x00007ffbb0f05000 	C:\WINDOWS\System32\wshbth.dll
0x00007ffbbc6b0000 - 0x00007ffbbc6ba000 	C:\Windows\System32\rasadhlp.dll
0x00007ffbbcd90000 - 0x00007ffbbce00000 	C:\WINDOWS\System32\fwpuclnt.dll
0x00007ffbc41f0000 - 0x00007ffbc4215000 	C:\WINDOWS\SYSTEM32\bcrypt.dll
0x00007ffbc40e0000 - 0x00007ffbc40f7000 	C:\WINDOWS\SYSTEM32\CRYPTSP.dll
0x00007ffbc3b20000 - 0x00007ffbc3b53000 	C:\WINDOWS\system32\rsaenh.dll
0x00007ffbc4620000 - 0x00007ffbc4649000 	C:\WINDOWS\SYSTEM32\USERENV.dll
0x00007ffbc4100000 - 0x00007ffbc410b000 	C:\WINDOWS\SYSTEM32\CRYPTBASE.dll
0x00007ffbbeca0000 - 0x00007ffbbecb6000 	C:\WINDOWS\SYSTEM32\dhcpcsvc6.DLL
0x00007ffbbf250000 - 0x00007ffbbf26a000 	C:\WINDOWS\SYSTEM32\dhcpcsvc.DLL

VM Arguments:
java_command: C:\Users\JOOCAR~1\AppData\Local\Temp\surefire993117759692067433\surefirebooter6849499418826452107.jar C:\Users\João Carlos\AppData\Local\Temp\surefire993117759692067433 2018-07-07T11-31-26_921-jvmRun1 surefire7062666840794486678tmp surefire_07061962754799053102tmp
java_class_path (initial): C:\Users\JOOCAR~1\AppData\Local\Temp\surefire993117759692067433\surefirebooter6849499418826452107.jar
Launcher Type: SUN_STANDARD

Environment Variables:
PATH=C:/Program Files/Java/jre1.8.0_171/bin/server;C:/Program Files/Java/jre1.8.0_171/bin;C:/Program Files/Java/jre1.8.0_171/lib/amd64;C:\Program Files (x86)\Common Files\Oracle\Java\javapath;C:\ProgramData\Oracle\Java\javapath;C:\Program Files (x86)\Intel\iCLS Client\;C:\Program Files\Intel\iCLS Client\;C:\WINDOWS\system32;C:\WINDOWS;C:\WINDOWS\System32\Wbem;C:\WINDOWS\System32\WindowsPowerShell\v1.0\;C:\Program Files\Intel\Intel(R) Management Engine Components\DAL;C:\Program Files\Intel\Intel(R) Management Engine Components\IPT;C:\Program Files (x86)\Intel\Intel(R) Management Engine Components\DAL;C:\Program Files (x86)\Intel\Intel(R) Management Engine Components\IPT;C:\Program Files (x86)\Intel\OpenCL SDK\2.0\bin\x86;C:\Program Files (x86)\Intel\OpenCL SDK\2.0\bin\x64;C:\Program Files\TortoiseSVN\bin;C:\PostgreSQL\pg96\bin;C:\Program Files\Git\cmd;C:\Program Files\TortoiseGit\bin;C:\Program Files\nodejs\;C:\Program Files (x86)\Skype\Phone\;C:\Ruby25-x64\bin;C:\Users\João Carlos\AppData\Local\Microsoft\WindowsApps;C:\Users\João Carlos\AppData\Roaming\npm;C:\Program Files\Microsoft VS Code\bin;C:\Program Files\heroku\bin;C:\Users\João Carlos\Desktop\eclipse;
USERNAME=João Carlos
OS=Windows_NT
PROCESSOR_IDENTIFIER=Intel64 Family 6 Model 58 Stepping 9, GenuineIntel



---------------  S Y S T E M  ---------------

OS: Windows 10.0 , 64 bit Build 16299 (10.0.16299.431)

CPU:total 4 (initial active 4) (2 cores per cpu, 2 threads per core) family 6 model 58 stepping 9, cmov, cx8, fxsr, mmx, sse, sse2, sse3, ssse3, sse4.1, sse4.2, popcnt, avx, clmul, erms, ht, tsc, tscinvbit, tscinv

Memory: 4k page, physical 4088928k(622112k free), swap 4088928k(5436k free)

vm_info: Java HotSpot(TM) 64-Bit Server VM (25.171-b11) for windows-amd64 JRE (1.8.0_171-b11), built on Mar 28 2018 16:06:12 by "java_re" with MS VC++ 10.0 (VS2010)

time: Sat Jul 07 11:31:47 2018
elapsed time: 17 seconds (0d 0h 0m 17s)

