#
# There is insufficient memory for the Java Runtime Environment to continue.
# Native memory allocation (malloc) failed to allocate 32744 bytes for ChunkPool::allocate
# Possible reasons:
#   The system is out of physical RAM or swap space
#   In 32 bit mode, the process size limit was hit
# Possible solutions:
#   Reduce memory load on the system
#   Increase physical memory or swap space
#   Check if swap backing store is full
#   Use 64 bit Java on a 64 bit OS
#   Decrease Java heap size (-Xmx/-Xms)
#   Decrease number of Java threads
#   Decrease Java thread stack sizes (-Xss)
#   Set larger code cache with -XX:ReservedCodeCacheSize=
# This output file may be truncated or incomplete.
#
#  Out of Memory Error (allocation.cpp:273), pid=9240, tid=0x0000000000001d40
#
# JRE version: Java(TM) SE Runtime Environment (8.0_171-b11) (build 1.8.0_171-b11)
# Java VM: Java HotSpot(TM) 64-Bit Server VM (25.171-b11 mixed mode windows-amd64 compressed oops)
# Failed to write core dump. Minidumps are not enabled by default on client versions of Windows
#

---------------  T H R E A D  ---------------

Current thread (0x0000000017379800):  JavaThread "C2 CompilerThread0" daemon [_thread_in_native, id=7488, stack(0x0000000018ae0000,0x0000000018be0000)]

Stack: [0x0000000018ae0000,0x0000000018be0000]
[error occurred during error reporting (printing stack bounds), id 0xc0000005]

Native frames: (J=compiled Java code, j=interpreted, Vv=VM code, C=native code)


Current CompileTask:
C2:   6521 2720       4       org.apache.maven.repository.internal.ArtifactDescriptorReaderDelegate::convert (194 bytes)


---------------  P R O C E S S  ---------------

Java Threads: ( => current thread )
  0x0000000018e0b800 JavaThread "Service Thread" daemon [_thread_blocked, id=6676, stack(0x00000000191e0000,0x00000000192e0000)]
  0x00000000173a1800 JavaThread "C1 CompilerThread2" daemon [_thread_in_native, id=5188, stack(0x0000000018ce0000,0x0000000018de0000)]
  0x0000000017373800 JavaThread "C2 CompilerThread1" daemon [_thread_in_native, id=9552, stack(0x0000000018be0000,0x0000000018ce0000)]
=>0x0000000017379800 JavaThread "C2 CompilerThread0" daemon [_thread_in_native, id=7488, stack(0x0000000018ae0000,0x0000000018be0000)]
  0x0000000017378800 JavaThread "Attach Listener" daemon [_thread_blocked, id=6032, stack(0x00000000189e0000,0x0000000018ae0000)]
  0x0000000017377000 JavaThread "Signal Dispatcher" daemon [_thread_blocked, id=4148, stack(0x00000000188e0000,0x00000000189e0000)]
  0x0000000004d7d800 JavaThread "Finalizer" daemon [_thread_blocked, id=8312, stack(0x00000000185e0000,0x00000000186e0000)]
  0x0000000004d72000 JavaThread "Reference Handler" daemon [_thread_blocked, id=5144, stack(0x00000000184e0000,0x00000000185e0000)]
  0x0000000004c82800 JavaThread "main" [_thread_in_Java, id=5600, stack(0x0000000004b80000,0x0000000004c80000)]

Other Threads:
  0x0000000017337000 VMThread [stack: 0x00000000183e0000,0x00000000184e0000] [id=6820]
  0x0000000018e0c800 WatcherThread [stack: 0x00000000192e0000,0x00000000193e0000] [id=2472]

VM state:not at safepoint (normal execution)

VM Mutex/Monitor currently owned by a thread: None

Heap:
 PSYoungGen      total 35328K, used 20173K [0x00000000eb300000, 0x00000000f0500000, 0x0000000100000000)
  eden space 32768K, 53% used [0x00000000eb300000,0x00000000ec43b6f8,0x00000000ed300000)
  from space 2560K, 98% used [0x00000000ed300000,0x00000000ed578020,0x00000000ed580000)
  to   space 9216K, 0% used [0x00000000efc00000,0x00000000efc00000,0x00000000f0500000)
 ParOldGen       total 44032K, used 19334K [0x00000000c1800000, 0x00000000c4300000, 0x00000000eb300000)
  object space 44032K, 43% used [0x00000000c1800000,0x00000000c2ae1b60,0x00000000c4300000)
 Metaspace       used 15242K, capacity 15538K, committed 15744K, reserved 1062912K
  class space    used 1826K, capacity 1917K, committed 1920K, reserved 1048576K

Card table byte_map: [0x0000000014140000,0x0000000014340000] byte_map_base: 0x0000000013b34000

Marking Bits: (ParMarkBitMap*) 0x00000000666108c0
 Begin Bits: [0x0000000014890000, 0x0000000015830000)
 End Bits:   [0x0000000015830000, 0x00000000167d0000)

Polling page: 0x00000000048e0000

CodeCache: size=245760Kb used=9431Kb max_used=9442Kb free=236328Kb
 bounds [0x0000000004d80000, 0x00000000056d0000, 0x0000000013d80000]
 total_blobs=3051 nmethods=2709 adapters=254
 compilation: enabled

Compilation events (10 events):
Event: 6.468 Thread 0x00000000173a1800 2718       3       org.apache.maven.model.management.DefaultDependencyManagementInjector$ManagementModelMerger::mergeManagedDependencies (151 bytes)
Event: 6.470 Thread 0x00000000173a1800 nmethod 2718 0x00000000056bc910 code [0x00000000056bcc40, 0x00000000056be7e8]
Event: 6.470 Thread 0x00000000173a1800 2719       3       org.apache.maven.repository.internal.ArtifactDescriptorUtils::toRemoteRepository (49 bytes)
Event: 6.470 Thread 0x0000000017379800 2720       4       org.apache.maven.repository.internal.ArtifactDescriptorReaderDelegate::convert (194 bytes)
Event: 6.470 Thread 0x0000000017373800 2721       4       java.util.HashSet::size (8 bytes)
Event: 6.471 Thread 0x00000000173a1800 nmethod 2719 0x00000000056bf650 code [0x00000000056bf820, 0x00000000056c00b8]
Event: 6.471 Thread 0x0000000017373800 nmethod 2721 0x0000000005582e90 code [0x0000000005582fc0, 0x0000000005583038]
Event: 6.471 Thread 0x0000000017373800 2722       4       org.eclipse.aether.graph.Dependency::<init> (49 bytes)
Event: 6.472 Thread 0x0000000017373800 nmethod 2722 0x0000000005603890 code [0x00000000056039c0, 0x0000000005603a98]
Event: 6.512 Thread 0x00000000173a1800 2723   !   3       org.apache.maven.model.building.DefaultModelBuilder::importDependencyManagement (1093 bytes)

GC Heap History (10 events):
Event: 1.625 GC heap before
{Heap before GC invocations=3 (full 0):
 PSYoungGen      total 18944K, used 18936K [0x00000000eb300000, 0x00000000ed800000, 0x0000000100000000)
  eden space 16384K, 100% used [0x00000000eb300000,0x00000000ec300000,0x00000000ec300000)
  from space 2560K, 99% used [0x00000000ec580000,0x00000000ec7fe0e8,0x00000000ec800000)
  to   space 2560K, 0% used [0x00000000ec300000,0x00000000ec300000,0x00000000ec580000)
 ParOldGen       total 44032K, used 877K [0x00000000c1800000, 0x00000000c4300000, 0x00000000eb300000)
  object space 44032K, 1% used [0x00000000c1800000,0x00000000c18db7f8,0x00000000c4300000)
 Metaspace       used 9820K, capacity 9988K, committed 10112K, reserved 1058816K
  class space    used 1205K, capacity 1285K, committed 1408K, reserved 1048576K
Event: 1.632 GC heap after
Heap after GC invocations=3 (full 0):
 PSYoungGen      total 18944K, used 2537K [0x00000000eb300000, 0x00000000ed800000, 0x0000000100000000)
  eden space 16384K, 0% used [0x00000000eb300000,0x00000000eb300000,0x00000000ec300000)
  from space 2560K, 99% used [0x00000000ec300000,0x00000000ec57a7a8,0x00000000ec580000)
  to   space 2560K, 0% used [0x00000000ed580000,0x00000000ed580000,0x00000000ed800000)
 ParOldGen       total 44032K, used 2662K [0x00000000c1800000, 0x00000000c4300000, 0x00000000eb300000)
  object space 44032K, 6% used [0x00000000c1800000,0x00000000c1a99868,0x00000000c4300000)
 Metaspace       used 9820K, capacity 9988K, committed 10112K, reserved 1058816K
  class space    used 1205K, capacity 1285K, committed 1408K, reserved 1048576K
}
Event: 2.039 GC heap before
{Heap before GC invocations=4 (full 0):
 PSYoungGen      total 18944K, used 18921K [0x00000000eb300000, 0x00000000ed800000, 0x0000000100000000)
  eden space 16384K, 100% used [0x00000000eb300000,0x00000000ec300000,0x00000000ec300000)
  from space 2560K, 99% used [0x00000000ec300000,0x00000000ec57a7a8,0x00000000ec580000)
  to   space 2560K, 0% used [0x00000000ed580000,0x00000000ed580000,0x00000000ed800000)
 ParOldGen       total 44032K, used 2662K [0x00000000c1800000, 0x00000000c4300000, 0x00000000eb300000)
  object space 44032K, 6% used [0x00000000c1800000,0x00000000c1a99868,0x00000000c4300000)
 Metaspace       used 11768K, capacity 12026K, committed 12416K, reserved 1060864K
  class space    used 1484K, capacity 1577K, committed 1664K, reserved 1048576K
Event: 2.050 GC heap after
Heap after GC invocations=4 (full 0):
 PSYoungGen      total 35328K, used 2544K [0x00000000eb300000, 0x00000000ed800000, 0x0000000100000000)
  eden space 32768K, 0% used [0x00000000eb300000,0x00000000eb300000,0x00000000ed300000)
  from space 2560K, 99% used [0x00000000ed580000,0x00000000ed7fc030,0x00000000ed800000)
  to   space 2560K, 0% used [0x00000000ed300000,0x00000000ed300000,0x00000000ed580000)
 ParOldGen       total 44032K, used 5158K [0x00000000c1800000, 0x00000000c4300000, 0x00000000eb300000)
  object space 44032K, 11% used [0x00000000c1800000,0x00000000c1d09838,0x00000000c4300000)
 Metaspace       used 11768K, capacity 12026K, committed 12416K, reserved 1060864K
  class space    used 1484K, capacity 1577K, committed 1664K, reserved 1048576K
}
Event: 3.040 GC heap before
{Heap before GC invocations=5 (full 0):
 PSYoungGen      total 35328K, used 35312K [0x00000000eb300000, 0x00000000ed800000, 0x0000000100000000)
  eden space 32768K, 100% used [0x00000000eb300000,0x00000000ed300000,0x00000000ed300000)
  from space 2560K, 99% used [0x00000000ed580000,0x00000000ed7fc030,0x00000000ed800000)
  to   space 2560K, 0% used [0x00000000ed300000,0x00000000ed300000,0x00000000ed580000)
 ParOldGen       total 44032K, used 5158K [0x00000000c1800000, 0x00000000c4300000, 0x00000000eb300000)
  object space 44032K, 11% used [0x00000000c1800000,0x00000000c1d09838,0x00000000c4300000)
 Metaspace       used 14478K, capacity 14772K, committed 14976K, reserved 1062912K
  class space    used 1786K, capacity 1880K, committed 1920K, reserved 1048576K
Event: 3.056 GC heap after
Heap after GC invocations=5 (full 0):
 PSYoungGen      total 35328K, used 2544K [0x00000000eb300000, 0x00000000ed800000, 0x0000000100000000)
  eden space 32768K, 0% used [0x00000000eb300000,0x00000000eb300000,0x00000000ed300000)
  from space 2560K, 99% used [0x00000000ed300000,0x00000000ed57c010,0x00000000ed580000)
  to   space 2560K, 0% used [0x00000000ed580000,0x00000000ed580000,0x00000000ed800000)
 ParOldGen       total 44032K, used 11495K [0x00000000c1800000, 0x00000000c4300000, 0x00000000eb300000)
  object space 44032K, 26% used [0x00000000c1800000,0x00000000c2339e18,0x00000000c4300000)
 Metaspace       used 14478K, capacity 14772K, committed 14976K, reserved 1062912K
  class space    used 1786K, capacity 1880K, committed 1920K, reserved 1048576K
}
Event: 4.010 GC heap before
{Heap before GC invocations=6 (full 0):
 PSYoungGen      total 35328K, used 35312K [0x00000000eb300000, 0x00000000ed800000, 0x0000000100000000)
  eden space 32768K, 100% used [0x00000000eb300000,0x00000000ed300000,0x00000000ed300000)
  from space 2560K, 99% used [0x00000000ed300000,0x00000000ed57c010,0x00000000ed580000)
  to   space 2560K, 0% used [0x00000000ed580000,0x00000000ed580000,0x00000000ed800000)
 ParOldGen       total 44032K, used 11495K [0x00000000c1800000, 0x00000000c4300000, 0x00000000eb300000)
  object space 44032K, 26% used [0x00000000c1800000,0x00000000c2339e18,0x00000000c4300000)
 Metaspace       used 14986K, capacity 15258K, committed 15488K, reserved 1062912K
  class space    used 1813K, capacity 1913K, committed 1920K, reserved 1048576K
Event: 4.030 GC heap after
Heap after GC invocations=6 (full 0):
 PSYoungGen      total 35328K, used 2528K [0x00000000eb300000, 0x00000000ed800000, 0x0000000100000000)
  eden space 32768K, 0% used [0x00000000eb300000,0x00000000eb300000,0x00000000ed300000)
  from space 2560K, 98% used [0x00000000ed580000,0x00000000ed7f8020,0x00000000ed800000)
  to   space 2560K, 0% used [0x00000000ed300000,0x00000000ed300000,0x00000000ed580000)
 ParOldGen       total 44032K, used 15954K [0x00000000c1800000, 0x00000000c4300000, 0x00000000eb300000)
  object space 44032K, 36% used [0x00000000c1800000,0x00000000c2794b50,0x00000000c4300000)
 Metaspace       used 14986K, capacity 15258K, committed 15488K, reserved 1062912K
  class space    used 1813K, capacity 1913K, committed 1920K, reserved 1048576K
}
Event: 5.471 GC heap before
{Heap before GC invocations=7 (full 0):
 PSYoungGen      total 35328K, used 35296K [0x00000000eb300000, 0x00000000ed800000, 0x0000000100000000)
  eden space 32768K, 100% used [0x00000000eb300000,0x00000000ed300000,0x00000000ed300000)
  from space 2560K, 98% used [0x00000000ed580000,0x00000000ed7f8020,0x00000000ed800000)
  to   space 2560K, 0% used [0x00000000ed300000,0x00000000ed300000,0x00000000ed580000)
 ParOldGen       total 44032K, used 15954K [0x00000000c1800000, 0x00000000c4300000, 0x00000000eb300000)
  object space 44032K, 36% used [0x00000000c1800000,0x00000000c2794b50,0x00000000c4300000)
 Metaspace       used 15159K, capacity 15462K, committed 15744K, reserved 1062912K
  class space    used 1824K, capacity 1915K, committed 1920K, reserved 1048576K
Event: 5.487 GC heap after
Heap after GC invocations=7 (full 0):
 PSYoungGen      total 35328K, used 2528K [0x00000000eb300000, 0x00000000f0500000, 0x0000000100000000)
  eden space 32768K, 0% used [0x00000000eb300000,0x00000000eb300000,0x00000000ed300000)
  from space 2560K, 98% used [0x00000000ed300000,0x00000000ed578020,0x00000000ed580000)
  to   space 9216K, 0% used [0x00000000efc00000,0x00000000efc00000,0x00000000f0500000)
 ParOldGen       total 44032K, used 19334K [0x00000000c1800000, 0x00000000c4300000, 0x00000000eb300000)
  object space 44032K, 43% used [0x00000000c1800000,0x00000000c2ae1b60,0x00000000c4300000)
 Metaspace       used 15159K, capacity 15462K, committed 15744K, reserved 1062912K
  class space    used 1824K, capacity 1915K, committed 1920K, reserved 1048576K
}

Deoptimization events (10 events):
Event: 4.631 Thread 0x0000000004c82800 Uncommon trap: reason=class_check action=maybe_recompile pc=0x00000000055c19b0 method=java.util.regex.Pattern$CharProperty$1.isSatisfiedBy(I)Z @ 5
Event: 4.631 Thread 0x0000000004c82800 Uncommon trap: reason=bimorphic action=maybe_recompile pc=0x0000000005466368 method=java.util.regex.Pattern$BmpCharProperty.match(Ljava/util/regex/Matcher;ILjava/lang/CharSequence;)Z @ 16
Event: 4.631 Thread 0x0000000004c82800 Uncommon trap: reason=bimorphic action=maybe_recompile pc=0x0000000005466368 method=java.util.regex.Pattern$BmpCharProperty.match(Ljava/util/regex/Matcher;ILjava/lang/CharSequence;)Z @ 16
Event: 4.631 Thread 0x0000000004c82800 Uncommon trap: reason=bimorphic action=maybe_recompile pc=0x0000000005466368 method=java.util.regex.Pattern$BmpCharProperty.match(Ljava/util/regex/Matcher;ILjava/lang/CharSequence;)Z @ 16
Event: 4.631 Thread 0x0000000004c82800 Uncommon trap: reason=bimorphic action=maybe_recompile pc=0x0000000005466368 method=java.util.regex.Pattern$BmpCharProperty.match(Ljava/util/regex/Matcher;ILjava/lang/CharSequence;)Z @ 16
Event: 4.915 Thread 0x0000000004c82800 Uncommon trap: reason=class_check action=maybe_recompile pc=0x00000000055c9f1c method=org.codehaus.plexus.interpolation.MapBasedValueSource.getValue(Ljava/lang/String;)Ljava/lang/Object; @ 16
Event: 4.915 Thread 0x0000000004c82800 Uncommon trap: reason=class_check action=maybe_recompile pc=0x00000000055c9f1c method=org.codehaus.plexus.interpolation.MapBasedValueSource.getValue(Ljava/lang/String;)Ljava/lang/Object; @ 16
Event: 4.915 Thread 0x0000000004c82800 Uncommon trap: reason=class_check action=maybe_recompile pc=0x00000000055c9f1c method=org.codehaus.plexus.interpolation.MapBasedValueSource.getValue(Ljava/lang/String;)Ljava/lang/Object; @ 16
Event: 4.918 Thread 0x0000000004c82800 Uncommon trap: reason=class_check action=maybe_recompile pc=0x0000000005501548 method=org.apache.maven.model.interpolation.StringSearchModelInterpolator$InterpolateObjectAction$MapField.doInterpolate(Ljava/lang/Object;Lorg/apache/maven/model/interpolation
Event: 5.959 Thread 0x0000000004c82800 Uncommon trap: reason=unstable_if action=reinterpret pc=0x000000000556a974 method=org.codehaus.plexus.util.xml.pull.MXParser.parseAttribute()C @ 995

Classes redefined (0 events):
No events

Internal exceptions (10 events):
Event: 2.438 Thread 0x0000000004c82800 Exception <a 'java/lang/NullPointerException'> (0x00000000ebcf0428) thrown at [C:\re\workspace\8-2-build-windows-amd64-cygwin\jdk8u171\10807\hotspot\src\share\vm\interpreter\linkResolver.cpp, line 1185]
Event: 2.440 Thread 0x0000000004c82800 Exception <a 'java/lang/NullPointerException'> (0x00000000ebd08758) thrown at [C:\re\workspace\8-2-build-windows-amd64-cygwin\jdk8u171\10807\hotspot\src\share\vm\interpreter\linkResolver.cpp, line 1185]
Event: 2.440 Thread 0x0000000004c82800 Exception <a 'java/lang/NullPointerException'> (0x00000000ebd08970) thrown at [C:\re\workspace\8-2-build-windows-amd64-cygwin\jdk8u171\10807\hotspot\src\share\vm\interpreter\linkResolver.cpp, line 1185]
Event: 2.440 Thread 0x0000000004c82800 Exception <a 'java/lang/NullPointerException'> (0x00000000ebd08b88) thrown at [C:\re\workspace\8-2-build-windows-amd64-cygwin\jdk8u171\10807\hotspot\src\share\vm\interpreter\linkResolver.cpp, line 1185]
Event: 2.873 Thread 0x0000000004c82800 Implicit null exception at 0x00000000053aff03 to 0x00000000053b1165
Event: 3.683 Thread 0x0000000004c82800 Implicit null exception at 0x0000000005150015 to 0x00000000051501ed
Event: 3.683 Thread 0x0000000004c82800 Implicit null exception at 0x00000000050d31af to 0x00000000050d3219
Event: 3.702 Thread 0x0000000004c82800 Implicit null exception at 0x00000000055037af to 0x00000000055039f1
Event: 4.041 Thread 0x0000000004c82800 Implicit null exception at 0x000000000557ac8f to 0x000000000557b1dd
Event: 4.497 Thread 0x0000000004c82800 Implicit null exception at 0x00000000055d3098 to 0x00000000055d4295

Events (10 events):
Event: 4.918 Thread 0x0000000004c82800 DEOPT UNPACKING pc=0x0000000004dc583b sp=0x0000000004c7c428 mode 2
Event: 5.247 loading class org/eclipse/aether/util/graph/selector/ExclusionDependencySelector$ExclusionComparator
Event: 5.247 loading class org/eclipse/aether/util/graph/selector/ExclusionDependencySelector$ExclusionComparator done
Event: 5.471 Executing VM operation: ParallelGCFailedAllocation
Event: 5.487 Executing VM operation: ParallelGCFailedAllocation done
Event: 5.958 Thread 0x0000000004c82800 Uncommon trap: trap_request=0xffffff65 fr.pc=0x000000000556a974
Event: 5.959 Thread 0x0000000004c82800 DEOPT PACKING pc=0x000000000556a974 sp=0x0000000004c7c1d0
Event: 5.959 Thread 0x0000000004c82800 DEOPT UNPACKING pc=0x0000000004dc583b sp=0x0000000004c7c160 mode 2
Event: 6.062 loading class sun/nio/cs/ISO_8859_1$Decoder
Event: 6.063 loading class sun/nio/cs/ISO_8859_1$Decoder done


Dynamic libraries:
0x00007ff7e9db0000 - 0x00007ff7e9de7000 	C:\Program Files\Java\jdk1.8.0_171\bin\javaw.exe
0x00007ffbc83a0000 - 0x00007ffbc8580000 	C:\WINDOWS\SYSTEM32\ntdll.dll
0x00007ffbc8150000 - 0x00007ffbc81fe000 	C:\WINDOWS\System32\KERNEL32.DLL
0x00007ffbc4ef0000 - 0x00007ffbc5156000 	C:\WINDOWS\System32\KERNELBASE.dll
0x00007ffbc59b0000 - 0x00007ffbc5a51000 	C:\WINDOWS\System32\ADVAPI32.dll
0x00007ffbc7ef0000 - 0x00007ffbc7f8d000 	C:\WINDOWS\System32\msvcrt.dll
0x00007ffbc7f90000 - 0x00007ffbc7feb000 	C:\WINDOWS\System32\sechost.dll
0x00007ffbc5cb0000 - 0x00007ffbc5dcf000 	C:\WINDOWS\System32\RPCRT4.dll
0x00007ffbc63c0000 - 0x00007ffbc654f000 	C:\WINDOWS\System32\USER32.dll
0x00007ffbc5680000 - 0x00007ffbc56a0000 	C:\WINDOWS\System32\win32u.dll
0x00007ffbc62d0000 - 0x00007ffbc62f8000 	C:\WINDOWS\System32\GDI32.dll
0x00007ffbc52f0000 - 0x00007ffbc5483000 	C:\WINDOWS\System32\gdi32full.dll
0x00007ffbc5490000 - 0x00007ffbc552b000 	C:\WINDOWS\System32\msvcp_win.dll
0x00007ffbc5530000 - 0x00007ffbc5626000 	C:\WINDOWS\System32\ucrtbase.dll
0x00007ffbbce90000 - 0x00007ffbbd0f9000 	C:\WINDOWS\WinSxS\amd64_microsoft.windows.common-controls_6595b64144ccf1df_6.0.16299.492_none_15c8d3609364b9b0\COMCTL32.dll
0x00007ffbc6710000 - 0x00007ffbc6a17000 	C:\WINDOWS\System32\combase.dll
0x00007ffbc51c0000 - 0x00007ffbc5232000 	C:\WINDOWS\System32\bcryptPrimitives.dll
0x00007ffbc5c60000 - 0x00007ffbc5c8d000 	C:\WINDOWS\System32\IMM32.DLL
0x0000000067240000 - 0x0000000067312000 	C:\Program Files\Java\jdk1.8.0_171\jre\bin\msvcr100.dll
0x0000000065df0000 - 0x0000000066690000 	C:\Program Files\Java\jdk1.8.0_171\jre\bin\server\jvm.dll
0x00007ffbc6a20000 - 0x00007ffbc6a28000 	C:\WINDOWS\System32\PSAPI.DLL
0x00007ffbaace0000 - 0x00007ffbaace9000 	C:\WINDOWS\SYSTEM32\WSOCK32.dll
0x00007ffbc27a0000 - 0x00007ffbc27c3000 	C:\WINDOWS\SYSTEM32\WINMM.dll
0x00007ffbc5870000 - 0x00007ffbc58dc000 	C:\WINDOWS\System32\WS2_32.dll
0x00007ffbbb060000 - 0x00007ffbbb06a000 	C:\WINDOWS\SYSTEM32\VERSION.dll
0x00007ffbc25a0000 - 0x00007ffbc25ca000 	C:\WINDOWS\SYSTEM32\WINMMBASE.dll
0x00007ffbc5630000 - 0x00007ffbc567a000 	C:\WINDOWS\System32\cfgmgr32.dll
0x0000000067230000 - 0x000000006723f000 	C:\Program Files\Java\jdk1.8.0_171\jre\bin\verify.dll
0x0000000067200000 - 0x0000000067229000 	C:\Program Files\Java\jdk1.8.0_171\jre\bin\java.dll
0x00000000671e0000 - 0x00000000671f6000 	C:\Program Files\Java\jdk1.8.0_171\jre\bin\zip.dll
0x00007ffbc6ab0000 - 0x00007ffbc7ee8000 	C:\WINDOWS\System32\SHELL32.dll
0x00007ffbc6550000 - 0x00007ffbc65f6000 	C:\WINDOWS\System32\shcore.dll
0x00007ffbc47a0000 - 0x00007ffbc4ee7000 	C:\WINDOWS\System32\windows.storage.dll
0x00007ffbc6300000 - 0x00007ffbc6351000 	C:\WINDOWS\System32\shlwapi.dll
0x00007ffbc4760000 - 0x00007ffbc4771000 	C:\WINDOWS\System32\kernel.appcore.dll
0x00007ffbc4710000 - 0x00007ffbc475c000 	C:\WINDOWS\System32\powrprof.dll
0x00007ffbc46f0000 - 0x00007ffbc470b000 	C:\WINDOWS\System32\profapi.dll
0x00000000671c0000 - 0x00000000671da000 	C:\Program Files\Java\jdk1.8.0_171\jre\bin\net.dll
0x00007ffbc3f20000 - 0x00007ffbc3f86000 	C:\WINDOWS\system32\mswsock.dll
0x00000000671a0000 - 0x00000000671b1000 	C:\Program Files\Java\jdk1.8.0_171\jre\bin\nio.dll

VM Arguments:
jvm_args: -Dmaven.home=EMBEDDED -Dclassworlds.conf=C:\Users\João Carlos\eclipse-workspace\.metadata\.plugins\org.eclipse.m2e.launching\launches\m2conf8132524266467785881.tmp -Dmaven.multiModuleProjectDirectory=C:\Users\João Carlos\eclipse-workspace\boot-web -Dfile.encoding=Cp1252 
java_command: org.codehaus.plexus.classworlds.launcher.Launcher -B install
java_class_path (initial): C:\Users\João Carlos\Desktop\eclipse\plugins\org.eclipse.m2e.maven.runtime_1.8.3.20180227-2135\jars\plexus-classworlds-2.5.2.jar
Launcher Type: SUN_STANDARD

Environment Variables:
PATH=C:/Program Files/Java/jre1.8.0_171/bin/server;C:/Program Files/Java/jre1.8.0_171/bin;C:/Program Files/Java/jre1.8.0_171/lib/amd64;C:\Program Files (x86)\Common Files\Oracle\Java\javapath;C:\ProgramData\Oracle\Java\javapath;C:\Program Files (x86)\Intel\iCLS Client\;C:\Program Files\Intel\iCLS Client\;C:\WINDOWS\system32;C:\WINDOWS;C:\WINDOWS\System32\Wbem;C:\WINDOWS\System32\WindowsPowerShell\v1.0\;C:\Program Files\Intel\Intel(R) Management Engine Components\DAL;C:\Program Files\Intel\Intel(R) Management Engine Components\IPT;C:\Program Files (x86)\Intel\Intel(R) Management Engine Components\DAL;C:\Program Files (x86)\Intel\Intel(R) Management Engine Components\IPT;C:\Program Files (x86)\Intel\OpenCL SDK\2.0\bin\x86;C:\Program Files (x86)\Intel\OpenCL SDK\2.0\bin\x64;C:\Program Files\TortoiseSVN\bin;C:\PostgreSQL\pg96\bin;C:\Program Files\Git\cmd;C:\Program Files\TortoiseGit\bin;C:\Program Files\nodejs\;C:\Program Files (x86)\Skype\Phone\;C:\Ruby25-x64\bin;C:\Users\João Carlos\AppData\Local\Microsoft\WindowsApps;C:\Users\João Carlos\AppData\Roaming\npm;C:\Program Files\Microsoft VS Code\bin;C:\Program Files\heroku\bin;C:\Users\João Carlos\Desktop\eclipse;
USERNAME=João Carlos
OS=Windows_NT
PROCESSOR_IDENTIFIER=Intel64 Family 6 Model 58 Stepping 9, GenuineIntel



---------------  S Y S T E M  ---------------

OS: Windows 10.0 , 64 bit Build 16299 (10.0.16299.431)

CPU:total 4 (initial active 4) (2 cores per cpu, 2 threads per core) family 6 model 58 stepping 9, cmov, cx8, fxsr, mmx, sse, sse2, sse3, ssse3, sse4.1, sse4.2, popcnt, avx, clmul, erms, ht, tsc, tscinvbit, tscinv

Memory: 4k page, physical 4088928k(533444k free), swap 4088928k(4540k free)

vm_info: Java HotSpot(TM) 64-Bit Server VM (25.171-b11) for windows-amd64 JRE (1.8.0_171-b11), built on Mar 28 2018 16:06:12 by "java_re" with MS VC++ 10.0 (VS2010)

time: Sat Jul 07 11:58:16 2018
elapsed time: 6 seconds (0d 0h 0m 6s)

