#
# There is insufficient memory for the Java Runtime Environment to continue.
# Native memory allocation (malloc) failed to allocate 670976 bytes for Chunk::new
# Possible reasons:
#   The system is out of physical RAM or swap space
#   In 32 bit mode, the process size limit was hit
# Possible solutions:
#   Reduce memory load on the system
#   Increase physical memory or swap space
#   Check if swap backing store is full
#   Use 64 bit Java on a 64 bit OS
#   Decrease Java heap size (-Xmx/-Xms)
#   Decrease number of Java threads
#   Decrease Java thread stack sizes (-Xss)
#   Set larger code cache with -XX:ReservedCodeCacheSize=
# This output file may be truncated or incomplete.
#
#  Out of Memory Error (allocation.cpp:390), pid=9544, tid=0x00000000000026f0
#
# JRE version: Java(TM) SE Runtime Environment (8.0_171-b11) (build 1.8.0_171-b11)
# Java VM: Java HotSpot(TM) 64-Bit Server VM (25.171-b11 mixed mode windows-amd64 compressed oops)
# Failed to write core dump. Minidumps are not enabled by default on client versions of Windows
#

---------------  T H R E A D  ---------------

Current thread (0x000000001777f000):  JavaThread "C2 CompilerThread0" daemon [_thread_in_native, id=9968, stack(0x0000000018ee0000,0x0000000018fe0000)]

Stack: [0x0000000018ee0000,0x0000000018fe0000]
[error occurred during error reporting (printing stack bounds), id 0xc0000005]

Native frames: (J=compiled Java code, j=interpreted, Vv=VM code, C=native code)


Current CompileTask:
C2:   5195 2021       4       org.eclipse.sisu.plexus.RealmFilteredBeans$FilteredItr::hasNext (81 bytes)


---------------  P R O C E S S  ---------------

Java Threads: ( => current thread )
  0x00000000177dd000 JavaThread "Service Thread" daemon [_thread_blocked, id=540, stack(0x00000000195e0000,0x00000000196e0000)]
  0x0000000017788000 JavaThread "C1 CompilerThread2" daemon [_thread_blocked, id=5988, stack(0x00000000190e0000,0x00000000191e0000)]
  0x0000000017783800 JavaThread "C2 CompilerThread1" daemon [_thread_blocked, id=6280, stack(0x0000000018fe0000,0x00000000190e0000)]
=>0x000000001777f000 JavaThread "C2 CompilerThread0" daemon [_thread_in_native, id=9968, stack(0x0000000018ee0000,0x0000000018fe0000)]
  0x000000001777d800 JavaThread "Attach Listener" daemon [_thread_blocked, id=9632, stack(0x0000000018de0000,0x0000000018ee0000)]
  0x000000001777c800 JavaThread "Signal Dispatcher" daemon [_thread_blocked, id=7732, stack(0x0000000018ce0000,0x0000000018de0000)]
  0x000000000518e800 JavaThread "Finalizer" daemon [_thread_blocked, id=2404, stack(0x00000000189e0000,0x0000000018ae0000)]
  0x0000000005182000 JavaThread "Reference Handler" daemon [_thread_blocked, id=4164, stack(0x00000000188e0000,0x00000000189e0000)]
  0x0000000005092800 JavaThread "main" [_thread_in_native, id=8920, stack(0x0000000004f90000,0x0000000005090000)]

Other Threads:
  0x0000000017747000 VMThread [stack: 0x00000000187e0000,0x00000000188e0000] [id=388]
  0x00000000177de000 WatcherThread [stack: 0x00000000196e0000,0x00000000197e0000] [id=3968]

VM state:not at safepoint (normal execution)

VM Mutex/Monitor currently owned by a thread: None

Heap:
 PSYoungGen      total 18944K, used 16696K [0x00000000eb300000, 0x00000000ec800000, 0x0000000100000000)
  eden space 16384K, 86% used [0x00000000eb300000,0x00000000ec0d62c8,0x00000000ec300000)
  from space 2560K, 98% used [0x00000000ec580000,0x00000000ec7f8020,0x00000000ec800000)
  to   space 2560K, 0% used [0x00000000ec300000,0x00000000ec300000,0x00000000ec580000)
 ParOldGen       total 44032K, used 11567K [0x00000000c1800000, 0x00000000c4300000, 0x00000000eb300000)
  object space 44032K, 26% used [0x00000000c1800000,0x00000000c234bcb8,0x00000000c4300000)
 Metaspace       used 14742K, capacity 15028K, committed 15232K, reserved 1062912K
  class space    used 1792K, capacity 1880K, committed 1920K, reserved 1048576K

Card table byte_map: [0x0000000014550000,0x0000000014750000] byte_map_base: 0x0000000013f44000

Marking Bits: (ParMarkBitMap*) 0x00000000666108c0
 Begin Bits: [0x0000000014ca0000, 0x0000000015c40000)
 End Bits:   [0x0000000015c40000, 0x0000000016be0000)

Polling page: 0x0000000003130000

CodeCache: size=245760Kb used=7383Kb max_used=7394Kb free=238376Kb
 bounds [0x0000000005190000, 0x00000000058e0000, 0x0000000014190000]
 total_blobs=2404 nmethods=2063 adapters=253
 compilation: enabled

Compilation events (10 events):
Event: 5.099 Thread 0x0000000017788000 2054       3       org.apache.maven.artifact.versioning.ComparableVersion$StringItem::comparableQualifier (53 bytes)
Event: 5.100 Thread 0x0000000017788000 nmethod 2054 0x00000000058be310 code [0x00000000058be520, 0x00000000058beeb8]
Event: 5.100 Thread 0x0000000017788000 2057       3       java.util.regex.Pattern::<init> (90 bytes)
Event: 5.101 Thread 0x0000000017788000 nmethod 2057 0x00000000058bf2d0 code [0x00000000058bf4a0, 0x00000000058bfd18]
Event: 5.102 Thread 0x0000000017788000 2059       3       java.lang.AbstractStringBuilder::append (62 bytes)
Event: 5.103 Thread 0x0000000017788000 nmethod 2059 0x00000000058c0110 code [0x00000000058c0300, 0x00000000058c0c38]
Event: 5.103 Thread 0x0000000017788000 2058       3       org.apache.maven.artifact.versioning.ComparableVersion$StringItem::<init> (87 bytes)
Event: 5.104 Thread 0x0000000017788000 nmethod 2058 0x00000000058c1150 code [0x00000000058c1300, 0x00000000058c1ab8]
Event: 5.127 Thread 0x0000000017783800 nmethod 2000 0x00000000058c76d0 code [0x00000000058c7ac0, 0x00000000058ca5e8]
Event: 5.127 Thread 0x0000000017783800 2062       4       java.lang.Integer::parseInt (261 bytes)

GC Heap History (10 events):
Event: 2.272 GC heap before
{Heap before GC invocations=2 (full 0):
 PSYoungGen      total 18944K, used 18929K [0x00000000eb300000, 0x00000000ec800000, 0x0000000100000000)
  eden space 16384K, 100% used [0x00000000eb300000,0x00000000ec300000,0x00000000ec300000)
  from space 2560K, 99% used [0x00000000ec300000,0x00000000ec57c700,0x00000000ec580000)
  to   space 2560K, 0% used [0x00000000ec580000,0x00000000ec580000,0x00000000ec800000)
 ParOldGen       total 44032K, used 725K [0x00000000c1800000, 0x00000000c4300000, 0x00000000eb300000)
  object space 44032K, 1% used [0x00000000c1800000,0x00000000c18b5550,0x00000000c4300000)
 Metaspace       used 7864K, capacity 8072K, committed 8320K, reserved 1056768K
  class space    used 987K, capacity 1052K, committed 1152K, reserved 1048576K
Event: 2.278 GC heap after
Heap after GC invocations=2 (full 0):
 PSYoungGen      total 18944K, used 2528K [0x00000000eb300000, 0x00000000ec800000, 0x0000000100000000)
  eden space 16384K, 0% used [0x00000000eb300000,0x00000000eb300000,0x00000000ec300000)
  from space 2560K, 98% used [0x00000000ec580000,0x00000000ec7f8398,0x00000000ec800000)
  to   space 2560K, 0% used [0x00000000ec300000,0x00000000ec300000,0x00000000ec580000)
 ParOldGen       total 44032K, used 871K [0x00000000c1800000, 0x00000000c4300000, 0x00000000eb300000)
  object space 44032K, 1% used [0x00000000c1800000,0x00000000c18d9c08,0x00000000c4300000)
 Metaspace       used 7864K, capacity 8072K, committed 8320K, reserved 1056768K
  class space    used 987K, capacity 1052K, committed 1152K, reserved 1048576K
}
Event: 2.702 GC heap before
{Heap before GC invocations=3 (full 0):
 PSYoungGen      total 18944K, used 18912K [0x00000000eb300000, 0x00000000ec800000, 0x0000000100000000)
  eden space 16384K, 100% used [0x00000000eb300000,0x00000000ec300000,0x00000000ec300000)
  from space 2560K, 98% used [0x00000000ec580000,0x00000000ec7f8398,0x00000000ec800000)
  to   space 2560K, 0% used [0x00000000ec300000,0x00000000ec300000,0x00000000ec580000)
 ParOldGen       total 44032K, used 871K [0x00000000c1800000, 0x00000000c4300000, 0x00000000eb300000)
  object space 44032K, 1% used [0x00000000c1800000,0x00000000c18d9c08,0x00000000c4300000)
 Metaspace       used 9848K, capacity 10052K, committed 10368K, reserved 1058816K
  class space    used 1205K, capacity 1285K, committed 1408K, reserved 1048576K
Event: 2.708 GC heap after
Heap after GC invocations=3 (full 0):
 PSYoungGen      total 18944K, used 2535K [0x00000000eb300000, 0x00000000ec800000, 0x0000000100000000)
  eden space 16384K, 0% used [0x00000000eb300000,0x00000000eb300000,0x00000000ec300000)
  from space 2560K, 99% used [0x00000000ec300000,0x00000000ec579ce8,0x00000000ec580000)
  to   space 2560K, 0% used [0x00000000ec580000,0x00000000ec580000,0x00000000ec800000)
 ParOldGen       total 44032K, used 2718K [0x00000000c1800000, 0x00000000c4300000, 0x00000000eb300000)
  object space 44032K, 6% used [0x00000000c1800000,0x00000000c1aa79b0,0x00000000c4300000)
 Metaspace       used 9848K, capacity 10052K, committed 10368K, reserved 1058816K
  class space    used 1205K, capacity 1285K, committed 1408K, reserved 1048576K
}
Event: 3.177 GC heap before
{Heap before GC invocations=4 (full 0):
 PSYoungGen      total 18944K, used 18919K [0x00000000eb300000, 0x00000000ec800000, 0x0000000100000000)
  eden space 16384K, 100% used [0x00000000eb300000,0x00000000ec300000,0x00000000ec300000)
  from space 2560K, 99% used [0x00000000ec300000,0x00000000ec579ce8,0x00000000ec580000)
  to   space 2560K, 0% used [0x00000000ec580000,0x00000000ec580000,0x00000000ec800000)
 ParOldGen       total 44032K, used 2718K [0x00000000c1800000, 0x00000000c4300000, 0x00000000eb300000)
  object space 44032K, 6% used [0x00000000c1800000,0x00000000c1aa79b0,0x00000000c4300000)
 Metaspace       used 11780K, capacity 12026K, committed 12416K, reserved 1060864K
  class space    used 1484K, capacity 1577K, committed 1664K, reserved 1048576K
Event: 3.185 GC heap after
Heap after GC invocations=4 (full 0):
 PSYoungGen      total 18944K, used 2544K [0x00000000eb300000, 0x00000000ec800000, 0x0000000100000000)
  eden space 16384K, 0% used [0x00000000eb300000,0x00000000eb300000,0x00000000ec300000)
  from space 2560K, 99% used [0x00000000ec580000,0x00000000ec7fc010,0x00000000ec800000)
  to   space 2560K, 0% used [0x00000000ec300000,0x00000000ec300000,0x00000000ec580000)
 ParOldGen       total 44032K, used 5206K [0x00000000c1800000, 0x00000000c4300000, 0x00000000eb300000)
  object space 44032K, 11% used [0x00000000c1800000,0x00000000c1d15978,0x00000000c4300000)
 Metaspace       used 11780K, capacity 12026K, committed 12416K, reserved 1060864K
  class space    used 1484K, capacity 1577K, committed 1664K, reserved 1048576K
}
Event: 4.179 GC heap before
{Heap before GC invocations=5 (full 0):
 PSYoungGen      total 18944K, used 18928K [0x00000000eb300000, 0x00000000ec800000, 0x0000000100000000)
  eden space 16384K, 100% used [0x00000000eb300000,0x00000000ec300000,0x00000000ec300000)
  from space 2560K, 99% used [0x00000000ec580000,0x00000000ec7fc010,0x00000000ec800000)
  to   space 2560K, 0% used [0x00000000ec300000,0x00000000ec300000,0x00000000ec580000)
 ParOldGen       total 44032K, used 5206K [0x00000000c1800000, 0x00000000c4300000, 0x00000000eb300000)
  object space 44032K, 11% used [0x00000000c1800000,0x00000000c1d15978,0x00000000c4300000)
 Metaspace       used 14208K, capacity 14454K, committed 14720K, reserved 1062912K
  class space    used 1772K, capacity 1843K, committed 1920K, reserved 1048576K
Event: 4.189 GC heap after
Heap after GC invocations=5 (full 0):
 PSYoungGen      total 18944K, used 2560K [0x00000000eb300000, 0x00000000ec800000, 0x0000000100000000)
  eden space 16384K, 0% used [0x00000000eb300000,0x00000000eb300000,0x00000000ec300000)
  from space 2560K, 100% used [0x00000000ec300000,0x00000000ec580000,0x00000000ec580000)
  to   space 2560K, 0% used [0x00000000ec580000,0x00000000ec580000,0x00000000ec800000)
 ParOldGen       total 44032K, used 8361K [0x00000000c1800000, 0x00000000c4300000, 0x00000000eb300000)
  object space 44032K, 18% used [0x00000000c1800000,0x00000000c202a5f8,0x00000000c4300000)
 Metaspace       used 14208K, capacity 14454K, committed 14720K, reserved 1062912K
  class space    used 1772K, capacity 1843K, committed 1920K, reserved 1048576K
}
Event: 4.861 GC heap before
{Heap before GC invocations=6 (full 0):
 PSYoungGen      total 18944K, used 18944K [0x00000000eb300000, 0x00000000ec800000, 0x0000000100000000)
  eden space 16384K, 100% used [0x00000000eb300000,0x00000000ec300000,0x00000000ec300000)
  from space 2560K, 100% used [0x00000000ec300000,0x00000000ec580000,0x00000000ec580000)
  to   space 2560K, 0% used [0x00000000ec580000,0x00000000ec580000,0x00000000ec800000)
 ParOldGen       total 44032K, used 8361K [0x00000000c1800000, 0x00000000c4300000, 0x00000000eb300000)
  object space 44032K, 18% used [0x00000000c1800000,0x00000000c202a5f8,0x00000000c4300000)
 Metaspace       used 14490K, capacity 14772K, committed 14976K, reserved 1062912K
  class space    used 1786K, capacity 1880K, committed 1920K, reserved 1048576K
Event: 4.873 GC heap after
Heap after GC invocations=6 (full 0):
 PSYoungGen      total 18944K, used 2528K [0x00000000eb300000, 0x00000000ec800000, 0x0000000100000000)
  eden space 16384K, 0% used [0x00000000eb300000,0x00000000eb300000,0x00000000ec300000)
  from space 2560K, 98% used [0x00000000ec580000,0x00000000ec7f8020,0x00000000ec800000)
  to   space 2560K, 0% used [0x00000000ec300000,0x00000000ec300000,0x00000000ec580000)
 ParOldGen       total 44032K, used 11567K [0x00000000c1800000, 0x00000000c4300000, 0x00000000eb300000)
  object space 44032K, 26% used [0x00000000c1800000,0x00000000c234bcb8,0x00000000c4300000)
 Metaspace       used 14490K, capacity 14772K, committed 14976K, reserved 1062912K
  class space    used 1786K, capacity 1880K, committed 1920K, reserved 1048576K
}

Deoptimization events (10 events):
Event: 3.774 Thread 0x0000000005092800 Uncommon trap: reason=unstable_if action=reinterpret pc=0x000000000546d458 method=org.codehaus.plexus.util.xml.pull.MXParser.nextImpl()I @ 269
Event: 3.836 Thread 0x0000000005092800 Uncommon trap: reason=predicate action=maybe_recompile pc=0x0000000005547fc0 method=java.lang.String.regionMatches(ZILjava/lang/String;II)Z @ 63
Event: 3.901 Thread 0x0000000005092800 Uncommon trap: reason=unstable_if action=reinterpret pc=0x000000000530eeb0 method=java.lang.String.replace(CC)Ljava/lang/String; @ 2
Event: 4.175 Thread 0x0000000005092800 Uncommon trap: reason=unstable_if action=reinterpret pc=0x000000000572cdb4 method=java.lang.reflect.AccessibleObject.setAccessible0(Ljava/lang/reflect/AccessibleObject;Z)V @ 4
Event: 4.191 Thread 0x0000000005092800 Uncommon trap: reason=unstable_if action=reinterpret pc=0x00000000054843b0 method=java.lang.String.startsWith(Ljava/lang/String;I)Z @ 25
Event: 4.198 Thread 0x0000000005092800 Uncommon trap: reason=unstable_if action=reinterpret pc=0x0000000005309e88 method=java.lang.String.startsWith(Ljava/lang/String;I)Z @ 25
Event: 4.256 Thread 0x0000000005092800 Uncommon trap: reason=unstable_if action=reinterpret pc=0x00000000056ffd90 method=org.codehaus.plexus.util.xml.pull.MXParser.nextImpl()I @ 879
Event: 4.341 Thread 0x0000000005092800 Uncommon trap: reason=null_check action=make_not_entrant pc=0x00000000057565cc method=org.apache.maven.model.io.xpp3.MavenXpp3ReaderEx.checkFieldWithDuplicate(Lorg/codehaus/plexus/util/xml/pull/XmlPullParser;Ljava/lang/String;Ljava/lang/String;Ljava/util/
Event: 4.400 Thread 0x0000000005092800 Uncommon trap: reason=unstable_if action=reinterpret pc=0x000000000546a084 method=sun.nio.cs.UTF_8$Decoder.decode([BII[C)I @ 30
Event: 4.401 Thread 0x0000000005092800 Uncommon trap: reason=unstable_if action=reinterpret pc=0x000000000543a178 method=sun.nio.cs.UTF_8$Decoder.decodeArrayLoop(Ljava/nio/ByteBuffer;Ljava/nio/CharBuffer;)Ljava/nio/charset/CoderResult; @ 84

Classes redefined (0 events):
No events

Internal exceptions (10 events):
Event: 3.313 Thread 0x0000000005092800 Exception <a 'java/lang/NoClassDefFoundError': com/google/inject/servlet/ServletModuleTargetVisitor> (0x00000000eb6f0b88) thrown at [C:\re\workspace\8-2-build-windows-amd64-cygwin\jdk8u171\10807\hotspot\src\share\vm\classfile\systemDictionary.cpp, line 19
Event: 3.313 Thread 0x0000000005092800 Exception <a 'java/lang/NoClassDefFoundError'> (0x00000000eb6f0b88) thrown at [C:\re\workspace\8-2-build-windows-amd64-cygwin\jdk8u171\10807\hotspot\src\share\vm\prims\jvm.cpp, line 1439]
Event: 3.313 Thread 0x0000000005092800 Exception <a 'java/lang/NoClassDefFoundError': javax/annotation/Priority> (0x00000000eb6f7928) thrown at [C:\re\workspace\8-2-build-windows-amd64-cygwin\jdk8u171\10807\hotspot\src\share\vm\classfile\systemDictionary.cpp, line 199]
Event: 3.688 Thread 0x0000000005092800 Exception <a 'java/lang/NullPointerException'> (0x00000000ebcdb2d0) thrown at [C:\re\workspace\8-2-build-windows-amd64-cygwin\jdk8u171\10807\hotspot\src\share\vm\interpreter\linkResolver.cpp, line 1185]
Event: 3.688 Thread 0x0000000005092800 Exception <a 'java/lang/NullPointerException'> (0x00000000ebcdb4e8) thrown at [C:\re\workspace\8-2-build-windows-amd64-cygwin\jdk8u171\10807\hotspot\src\share\vm\interpreter\linkResolver.cpp, line 1185]
Event: 3.688 Thread 0x0000000005092800 Exception <a 'java/lang/NullPointerException'> (0x00000000ebcdb700) thrown at [C:\re\workspace\8-2-build-windows-amd64-cygwin\jdk8u171\10807\hotspot\src\share\vm\interpreter\linkResolver.cpp, line 1185]
Event: 3.690 Thread 0x0000000005092800 Exception <a 'java/lang/NullPointerException'> (0x00000000ebcf3a30) thrown at [C:\re\workspace\8-2-build-windows-amd64-cygwin\jdk8u171\10807\hotspot\src\share\vm\interpreter\linkResolver.cpp, line 1185]
Event: 3.690 Thread 0x0000000005092800 Exception <a 'java/lang/NullPointerException'> (0x00000000ebcf3c48) thrown at [C:\re\workspace\8-2-build-windows-amd64-cygwin\jdk8u171\10807\hotspot\src\share\vm\interpreter\linkResolver.cpp, line 1185]
Event: 3.690 Thread 0x0000000005092800 Exception <a 'java/lang/NullPointerException'> (0x00000000ebcf3e60) thrown at [C:\re\workspace\8-2-build-windows-amd64-cygwin\jdk8u171\10807\hotspot\src\share\vm\interpreter\linkResolver.cpp, line 1185]
Event: 4.341 Thread 0x0000000005092800 Implicit null exception at 0x000000000575636f to 0x00000000057565b1

Events (10 events):
Event: 4.953 loading class org/apache/maven/artifact/resolver/filter/ExcludesArtifactFilter
Event: 4.953 loading class org/apache/maven/artifact/resolver/filter/ExcludesArtifactFilter done
Event: 4.962 loading class org/apache/maven/artifact/resolver/filter/IncludesArtifactFilter
Event: 4.962 loading class org/apache/maven/artifact/resolver/filter/IncludesArtifactFilter done
Event: 5.042 loading class org/apache/maven/project/DefaultProjectBuildingResult
Event: 5.042 loading class org/apache/maven/project/DefaultProjectBuildingResult done
Event: 5.128 loading class org/apache/maven/artifact/ArtifactUtils
Event: 5.128 loading class org/apache/maven/artifact/ArtifactUtils done
Event: 5.129 loading class org/apache/commons/lang3/StringUtils
Event: 5.129 loading class org/apache/commons/lang3/StringUtils done


Dynamic libraries:
0x00007ff7e9db0000 - 0x00007ff7e9de7000 	C:\Program Files\Java\jdk1.8.0_171\bin\javaw.exe
0x00007ffbc83a0000 - 0x00007ffbc8580000 	C:\WINDOWS\SYSTEM32\ntdll.dll
0x00007ffbc8150000 - 0x00007ffbc81fe000 	C:\WINDOWS\System32\KERNEL32.DLL
0x00007ffbc4ef0000 - 0x00007ffbc5156000 	C:\WINDOWS\System32\KERNELBASE.dll
0x00007ffbc59b0000 - 0x00007ffbc5a51000 	C:\WINDOWS\System32\ADVAPI32.dll
0x00007ffbc7ef0000 - 0x00007ffbc7f8d000 	C:\WINDOWS\System32\msvcrt.dll
0x00007ffbc7f90000 - 0x00007ffbc7feb000 	C:\WINDOWS\System32\sechost.dll
0x00007ffbc5cb0000 - 0x00007ffbc5dcf000 	C:\WINDOWS\System32\RPCRT4.dll
0x00007ffbc63c0000 - 0x00007ffbc654f000 	C:\WINDOWS\System32\USER32.dll
0x00007ffbc5680000 - 0x00007ffbc56a0000 	C:\WINDOWS\System32\win32u.dll
0x00007ffbc62d0000 - 0x00007ffbc62f8000 	C:\WINDOWS\System32\GDI32.dll
0x00007ffbc52f0000 - 0x00007ffbc5483000 	C:\WINDOWS\System32\gdi32full.dll
0x00007ffbc5490000 - 0x00007ffbc552b000 	C:\WINDOWS\System32\msvcp_win.dll
0x00007ffbc5530000 - 0x00007ffbc5626000 	C:\WINDOWS\System32\ucrtbase.dll
0x00007ffbbce90000 - 0x00007ffbbd0f9000 	C:\WINDOWS\WinSxS\amd64_microsoft.windows.common-controls_6595b64144ccf1df_6.0.16299.492_none_15c8d3609364b9b0\COMCTL32.dll
0x00007ffbc6710000 - 0x00007ffbc6a17000 	C:\WINDOWS\System32\combase.dll
0x00007ffbc51c0000 - 0x00007ffbc5232000 	C:\WINDOWS\System32\bcryptPrimitives.dll
0x00007ffbc5c60000 - 0x00007ffbc5c8d000 	C:\WINDOWS\System32\IMM32.DLL
0x0000000067230000 - 0x0000000067302000 	C:\Program Files\Java\jdk1.8.0_171\jre\bin\msvcr100.dll
0x0000000065df0000 - 0x0000000066690000 	C:\Program Files\Java\jdk1.8.0_171\jre\bin\server\jvm.dll
0x00007ffbc6a20000 - 0x00007ffbc6a28000 	C:\WINDOWS\System32\PSAPI.DLL
0x00007ffbbb060000 - 0x00007ffbbb06a000 	C:\WINDOWS\SYSTEM32\VERSION.dll
0x00007ffbc27a0000 - 0x00007ffbc27c3000 	C:\WINDOWS\SYSTEM32\WINMM.dll
0x00007ffbaace0000 - 0x00007ffbaace9000 	C:\WINDOWS\SYSTEM32\WSOCK32.dll
0x00007ffbc5870000 - 0x00007ffbc58dc000 	C:\WINDOWS\System32\WS2_32.dll
0x00007ffbc25a0000 - 0x00007ffbc25ca000 	C:\WINDOWS\SYSTEM32\WINMMBASE.dll
0x00007ffbc5630000 - 0x00007ffbc567a000 	C:\WINDOWS\System32\cfgmgr32.dll
0x0000000067220000 - 0x000000006722f000 	C:\Program Files\Java\jdk1.8.0_171\jre\bin\verify.dll
0x00000000671f0000 - 0x0000000067219000 	C:\Program Files\Java\jdk1.8.0_171\jre\bin\java.dll
0x00000000671d0000 - 0x00000000671e6000 	C:\Program Files\Java\jdk1.8.0_171\jre\bin\zip.dll
0x00007ffbc6ab0000 - 0x00007ffbc7ee8000 	C:\WINDOWS\System32\SHELL32.dll
0x00007ffbc6550000 - 0x00007ffbc65f6000 	C:\WINDOWS\System32\shcore.dll
0x00007ffbc47a0000 - 0x00007ffbc4ee7000 	C:\WINDOWS\System32\windows.storage.dll
0x00007ffbc6300000 - 0x00007ffbc6351000 	C:\WINDOWS\System32\shlwapi.dll
0x00007ffbc4760000 - 0x00007ffbc4771000 	C:\WINDOWS\System32\kernel.appcore.dll
0x00007ffbc4710000 - 0x00007ffbc475c000 	C:\WINDOWS\System32\powrprof.dll
0x00007ffbc46f0000 - 0x00007ffbc470b000 	C:\WINDOWS\System32\profapi.dll
0x00000000671b0000 - 0x00000000671ca000 	C:\Program Files\Java\jdk1.8.0_171\jre\bin\net.dll
0x00007ffbc3f20000 - 0x00007ffbc3f86000 	C:\WINDOWS\system32\mswsock.dll
0x0000000067190000 - 0x00000000671a1000 	C:\Program Files\Java\jdk1.8.0_171\jre\bin\nio.dll

VM Arguments:
jvm_args: -Dmaven.home=EMBEDDED -Dclassworlds.conf=C:\Users\João Carlos\eclipse-workspace\.metadata\.plugins\org.eclipse.m2e.launching\launches\m2conf4876480052286439304.tmp -Dmaven.multiModuleProjectDirectory=C:\Users\João Carlos\eclipse-workspace\boot-web -Dfile.encoding=Cp1252 
java_command: org.codehaus.plexus.classworlds.launcher.Launcher -B install
java_class_path (initial): C:\Users\João Carlos\Desktop\eclipse\plugins\org.eclipse.m2e.maven.runtime_1.8.3.20180227-2135\jars\plexus-classworlds-2.5.2.jar
Launcher Type: SUN_STANDARD

Environment Variables:
PATH=C:/Program Files/Java/jre1.8.0_171/bin/server;C:/Program Files/Java/jre1.8.0_171/bin;C:/Program Files/Java/jre1.8.0_171/lib/amd64;C:\Program Files (x86)\Common Files\Oracle\Java\javapath;C:\ProgramData\Oracle\Java\javapath;C:\Program Files (x86)\Intel\iCLS Client\;C:\Program Files\Intel\iCLS Client\;C:\WINDOWS\system32;C:\WINDOWS;C:\WINDOWS\System32\Wbem;C:\WINDOWS\System32\WindowsPowerShell\v1.0\;C:\Program Files\Intel\Intel(R) Management Engine Components\DAL;C:\Program Files\Intel\Intel(R) Management Engine Components\IPT;C:\Program Files (x86)\Intel\Intel(R) Management Engine Components\DAL;C:\Program Files (x86)\Intel\Intel(R) Management Engine Components\IPT;C:\Program Files (x86)\Intel\OpenCL SDK\2.0\bin\x86;C:\Program Files (x86)\Intel\OpenCL SDK\2.0\bin\x64;C:\Program Files\TortoiseSVN\bin;C:\PostgreSQL\pg96\bin;C:\Program Files\Git\cmd;C:\Program Files\TortoiseGit\bin;C:\Program Files\nodejs\;C:\Program Files (x86)\Skype\Phone\;C:\Ruby25-x64\bin;C:\Users\João Carlos\AppData\Local\Microsoft\WindowsApps;C:\Users\João Carlos\AppData\Roaming\npm;C:\Program Files\Microsoft VS Code\bin;C:\Program Files\heroku\bin;C:\Users\João Carlos\Desktop\eclipse;
USERNAME=João Carlos
OS=Windows_NT
PROCESSOR_IDENTIFIER=Intel64 Family 6 Model 58 Stepping 9, GenuineIntel



---------------  S Y S T E M  ---------------

OS: Windows 10.0 , 64 bit Build 16299 (10.0.16299.431)

CPU:total 4 (initial active 4) (2 cores per cpu, 2 threads per core) family 6 model 58 stepping 9, cmov, cx8, fxsr, mmx, sse, sse2, sse3, ssse3, sse4.1, sse4.2, popcnt, avx, clmul, erms, ht, tsc, tscinvbit, tscinv

Memory: 4k page, physical 4088928k(571704k free), swap 4088928k(6704k free)

vm_info: Java HotSpot(TM) 64-Bit Server VM (25.171-b11) for windows-amd64 JRE (1.8.0_171-b11), built on Mar 28 2018 16:06:12 by "java_re" with MS VC++ 10.0 (VS2010)

time: Sat Jul 07 11:30:31 2018
elapsed time: 5 seconds (0d 0h 0m 5s)

