#
# There is insufficient memory for the Java Runtime Environment to continue.
# Native memory allocation (malloc) failed to allocate 32744 bytes for ChunkPool::allocate
# Possible reasons:
#   The system is out of physical RAM or swap space
#   In 32 bit mode, the process size limit was hit
# Possible solutions:
#   Reduce memory load on the system
#   Increase physical memory or swap space
#   Check if swap backing store is full
#   Use 64 bit Java on a 64 bit OS
#   Decrease Java heap size (-Xmx/-Xms)
#   Decrease number of Java threads
#   Decrease Java thread stack sizes (-Xss)
#   Set larger code cache with -XX:ReservedCodeCacheSize=
# This output file may be truncated or incomplete.
#
#  Out of Memory Error (allocation.cpp:273), pid=7960, tid=0x000000000000034c
#
# JRE version: Java(TM) SE Runtime Environment (8.0_171-b11) (build 1.8.0_171-b11)
# Java VM: Java HotSpot(TM) 64-Bit Server VM (25.171-b11 mixed mode windows-amd64 compressed oops)
# Failed to write core dump. Minidumps are not enabled by default on client versions of Windows
#

---------------  T H R E A D  ---------------

Current thread (0x00000000172c2000):  JavaThread "C2 CompilerThread1" daemon [_thread_in_native, id=844, stack(0x0000000018b30000,0x0000000018c30000)]

Stack: [0x0000000018b30000,0x0000000018c30000]
[error occurred during error reporting (printing stack bounds), id 0xc0000005]

Native frames: (J=compiled Java code, j=interpreted, Vv=VM code, C=native code)


Current CompileTask:
C2:   5673 2395       4       org.springframework.asm.Frame::execute (2252 bytes)


---------------  P R O C E S S  ---------------

Java Threads: ( => current thread )
  0x0000000018d68800 JavaThread "Service Thread" daemon [_thread_blocked, id=6940, stack(0x0000000019130000,0x0000000019230000)]
  0x00000000172c8000 JavaThread "C1 CompilerThread2" daemon [_thread_blocked, id=8300, stack(0x0000000018c30000,0x0000000018d30000)]
=>0x00000000172c2000 JavaThread "C2 CompilerThread1" daemon [_thread_in_native, id=844, stack(0x0000000018b30000,0x0000000018c30000)]
  0x00000000172c0000 JavaThread "C2 CompilerThread0" daemon [_thread_in_native, id=6664, stack(0x0000000018a30000,0x0000000018b30000)]
  0x00000000172be800 JavaThread "Attach Listener" daemon [_thread_blocked, id=6392, stack(0x0000000018930000,0x0000000018a30000)]
  0x00000000172ce800 JavaThread "Signal Dispatcher" daemon [_thread_blocked, id=2932, stack(0x0000000018830000,0x0000000018930000)]
  0x00000000172aa000 JavaThread "Finalizer" daemon [_thread_blocked, id=8204, stack(0x0000000018530000,0x0000000018630000)]
  0x0000000004cc4000 JavaThread "Reference Handler" daemon [_thread_blocked, id=4492, stack(0x0000000018430000,0x0000000018530000)]
  0x0000000004bd4800 JavaThread "main" [_thread_in_vm, id=9204, stack(0x0000000004ad0000,0x0000000004bd0000)]

Other Threads:
  0x0000000017287000 VMThread [stack: 0x0000000018330000,0x0000000018430000] [id=1604]
  0x0000000018d83800 WatcherThread [stack: 0x0000000019230000,0x0000000019330000] [id=6640]

VM state:not at safepoint (normal execution)

VM Mutex/Monitor currently owned by a thread: None

Heap:
 PSYoungGen      total 73216K, used 58144K [0x00000000eb300000, 0x00000000f0200000, 0x0000000100000000)
  eden space 65536K, 88% used [0x00000000eb300000,0x00000000eebc8338,0x00000000ef300000)
  from space 7680K, 0% used [0x00000000efa80000,0x00000000efa80000,0x00000000f0200000)
  to   space 7680K, 0% used [0x00000000ef300000,0x00000000ef300000,0x00000000efa80000)
 ParOldGen       total 36352K, used 9205K [0x00000000c1800000, 0x00000000c3b80000, 0x00000000eb300000)
  object space 36352K, 25% used [0x00000000c1800000,0x00000000c20fd428,0x00000000c3b80000)
 Metaspace       used 26479K, capacity 27268K, committed 27440K, reserved 1073152K
  class space    used 3410K, capacity 3600K, committed 3632K, reserved 1048576K

Card table byte_map: [0x0000000014090000,0x0000000014290000] byte_map_base: 0x0000000013a84000

Marking Bits: (ParMarkBitMap*) 0x0000000071cd08c0
 Begin Bits: [0x00000000147e0000, 0x0000000015780000)
 End Bits:   [0x0000000015780000, 0x0000000016720000)

Polling page: 0x00000000009e0000

CodeCache: size=245760Kb used=8969Kb max_used=8969Kb free=236790Kb
 bounds [0x0000000004cd0000, 0x00000000055a0000, 0x0000000013cd0000]
 total_blobs=2915 nmethods=2518 adapters=309
 compilation: enabled

Compilation events (10 events):
Event: 5.611 Thread 0x00000000172c8000 nmethod 2522 0x0000000005591090 code [0x0000000005591200, 0x0000000005591408]
Event: 5.611 Thread 0x00000000172c8000 2523       3       sun.reflect.annotation.AnnotationParser$1::run (40 bytes)
Event: 5.612 Thread 0x00000000172c8000 nmethod 2523 0x0000000005591490 code [0x00000000055916c0, 0x00000000055924d8]
Event: 5.612 Thread 0x00000000172c8000 2524       3       sun.reflect.annotation.AnnotationInvocationHandler::<init> (56 bytes)
Event: 5.613 Thread 0x00000000172c8000 nmethod 2524 0x0000000005592a90 code [0x0000000005592c40, 0x0000000005593268]
Event: 5.614 Thread 0x00000000172c8000 2525       3       sun.reflect.MethodAccessorImpl::<init> (5 bytes)
Event: 5.614 Thread 0x00000000172c8000 nmethod 2525 0x0000000005593490 code [0x0000000005593600, 0x0000000005593810]
Event: 5.635 Thread 0x00000000172c8000 2526       3       org.springframework.asm.Type::getArgumentTypes (131 bytes)
Event: 5.636 Thread 0x00000000172c8000 nmethod 2526 0x00000000055938d0 code [0x0000000005593aa0, 0x0000000005594378]
Event: 5.637 Thread 0x00000000172c8000 2527       3       org.springframework.asm.Type::getArgumentsAndReturnSizes (151 bytes)

GC Heap History (10 events):
Event: 2.292 GC heap before
{Heap before GC invocations=3 (full 0):
 PSYoungGen      total 18944K, used 18923K [0x00000000eb300000, 0x00000000ec800000, 0x0000000100000000)
  eden space 16384K, 100% used [0x00000000eb300000,0x00000000ec300000,0x00000000ec300000)
  from space 2560K, 99% used [0x00000000ec580000,0x00000000ec7fac58,0x00000000ec800000)
  to   space 2560K, 0% used [0x00000000ec300000,0x00000000ec300000,0x00000000ec580000)
 ParOldGen       total 44032K, used 1845K [0x00000000c1800000, 0x00000000c4300000, 0x00000000eb300000)
  object space 44032K, 4% used [0x00000000c1800000,0x00000000c19cd748,0x00000000c4300000)
 Metaspace       used 12599K, capacity 13052K, committed 13312K, reserved 1060864K
  class space    used 1635K, capacity 1748K, committed 1792K, reserved 1048576K
Event: 2.300 GC heap after
Heap after GC invocations=3 (full 0):
 PSYoungGen      total 18944K, used 2544K [0x00000000eb300000, 0x00000000ed800000, 0x0000000100000000)
  eden space 16384K, 0% used [0x00000000eb300000,0x00000000eb300000,0x00000000ec300000)
  from space 2560K, 99% used [0x00000000ec300000,0x00000000ec57c010,0x00000000ec580000)
  to   space 2560K, 0% used [0x00000000ed580000,0x00000000ed580000,0x00000000ed800000)
 ParOldGen       total 44032K, used 3351K [0x00000000c1800000, 0x00000000c4300000, 0x00000000eb300000)
  object space 44032K, 7% used [0x00000000c1800000,0x00000000c1b45d90,0x00000000c4300000)
 Metaspace       used 12599K, capacity 13052K, committed 13312K, reserved 1060864K
  class space    used 1635K, capacity 1748K, committed 1792K, reserved 1048576K
}
Event: 2.553 GC heap before
{Heap before GC invocations=4 (full 0):
 PSYoungGen      total 18944K, used 18928K [0x00000000eb300000, 0x00000000ed800000, 0x0000000100000000)
  eden space 16384K, 100% used [0x00000000eb300000,0x00000000ec300000,0x00000000ec300000)
  from space 2560K, 99% used [0x00000000ec300000,0x00000000ec57c010,0x00000000ec580000)
  to   space 2560K, 0% used [0x00000000ed580000,0x00000000ed580000,0x00000000ed800000)
 ParOldGen       total 44032K, used 3351K [0x00000000c1800000, 0x00000000c4300000, 0x00000000eb300000)
  object space 44032K, 7% used [0x00000000c1800000,0x00000000c1b45d90,0x00000000c4300000)
 Metaspace       used 14391K, capacity 14938K, committed 15232K, reserved 1062912K
  class space    used 1893K, capacity 2053K, committed 2176K, reserved 1048576K
Event: 2.560 GC heap after
Heap after GC invocations=4 (full 0):
 PSYoungGen      total 35328K, used 2560K [0x00000000eb300000, 0x00000000ed800000, 0x0000000100000000)
  eden space 32768K, 0% used [0x00000000eb300000,0x00000000eb300000,0x00000000ed300000)
  from space 2560K, 100% used [0x00000000ed580000,0x00000000ed800000,0x00000000ed800000)
  to   space 2560K, 0% used [0x00000000ed300000,0x00000000ed300000,0x00000000ed580000)
 ParOldGen       total 44032K, used 5471K [0x00000000c1800000, 0x00000000c4300000, 0x00000000eb300000)
  object space 44032K, 12% used [0x00000000c1800000,0x00000000c1d57e00,0x00000000c4300000)
 Metaspace       used 14391K, capacity 14938K, committed 15232K, reserved 1062912K
  class space    used 1893K, capacity 2053K, committed 2176K, reserved 1048576K
}
Event: 3.360 GC heap before
{Heap before GC invocations=5 (full 0):
 PSYoungGen      total 35328K, used 35328K [0x00000000eb300000, 0x00000000ed800000, 0x0000000100000000)
  eden space 32768K, 100% used [0x00000000eb300000,0x00000000ed300000,0x00000000ed300000)
  from space 2560K, 100% used [0x00000000ed580000,0x00000000ed800000,0x00000000ed800000)
  to   space 2560K, 0% used [0x00000000ed300000,0x00000000ed300000,0x00000000ed580000)
 ParOldGen       total 44032K, used 5471K [0x00000000c1800000, 0x00000000c4300000, 0x00000000eb300000)
  object space 44032K, 12% used [0x00000000c1800000,0x00000000c1d57e00,0x00000000c4300000)
 Metaspace       used 19817K, capacity 20330K, committed 20736K, reserved 1067008K
  class space    used 2546K, capacity 2691K, committed 2816K, reserved 1048576K
Event: 3.370 GC heap after
Heap after GC invocations=5 (full 0):
 PSYoungGen      total 35328K, used 2560K [0x00000000eb300000, 0x00000000f0200000, 0x0000000100000000)
  eden space 32768K, 0% used [0x00000000eb300000,0x00000000eb300000,0x00000000ed300000)
  from space 2560K, 100% used [0x00000000ed300000,0x00000000ed580000,0x00000000ed580000)
  to   space 7680K, 0% used [0x00000000efa80000,0x00000000efa80000,0x00000000f0200000)
 ParOldGen       total 44032K, used 10921K [0x00000000c1800000, 0x00000000c4300000, 0x00000000eb300000)
  object space 44032K, 24% used [0x00000000c1800000,0x00000000c22aa428,0x00000000c4300000)
 Metaspace       used 19817K, capacity 20330K, committed 20736K, reserved 1067008K
  class space    used 2546K, capacity 2691K, committed 2816K, reserved 1048576K
}
Event: 3.519 GC heap before
{Heap before GC invocations=6 (full 0):
 PSYoungGen      total 35328K, used 10549K [0x00000000eb300000, 0x00000000f0200000, 0x0000000100000000)
  eden space 32768K, 24% used [0x00000000eb300000,0x00000000ebacd798,0x00000000ed300000)
  from space 2560K, 100% used [0x00000000ed300000,0x00000000ed580000,0x00000000ed580000)
  to   space 7680K, 0% used [0x00000000efa80000,0x00000000efa80000,0x00000000f0200000)
 ParOldGen       total 44032K, used 10921K [0x00000000c1800000, 0x00000000c4300000, 0x00000000eb300000)
  object space 44032K, 24% used [0x00000000c1800000,0x00000000c22aa428,0x00000000c4300000)
 Metaspace       used 20661K, capacity 21226K, committed 21296K, reserved 1067008K
  class space    used 2659K, capacity 2821K, committed 2864K, reserved 1048576K
Event: 3.531 GC heap after
Heap after GC invocations=6 (full 0):
 PSYoungGen      total 73216K, used 3382K [0x00000000eb300000, 0x00000000f0200000, 0x0000000100000000)
  eden space 65536K, 0% used [0x00000000eb300000,0x00000000eb300000,0x00000000ef300000)
  from space 7680K, 44% used [0x00000000efa80000,0x00000000efdcdb90,0x00000000f0200000)
  to   space 7680K, 0% used [0x00000000ef300000,0x00000000ef300000,0x00000000efa80000)
 ParOldGen       total 44032K, used 10929K [0x00000000c1800000, 0x00000000c4300000, 0x00000000eb300000)
  object space 44032K, 24% used [0x00000000c1800000,0x00000000c22ac428,0x00000000c4300000)
 Metaspace       used 20661K, capacity 21226K, committed 21296K, reserved 1067008K
  class space    used 2659K, capacity 2821K, committed 2864K, reserved 1048576K
}
Event: 3.531 GC heap before
{Heap before GC invocations=7 (full 1):
 PSYoungGen      total 73216K, used 3382K [0x00000000eb300000, 0x00000000f0200000, 0x0000000100000000)
  eden space 65536K, 0% used [0x00000000eb300000,0x00000000eb300000,0x00000000ef300000)
  from space 7680K, 44% used [0x00000000efa80000,0x00000000efdcdb90,0x00000000f0200000)
  to   space 7680K, 0% used [0x00000000ef300000,0x00000000ef300000,0x00000000efa80000)
 ParOldGen       total 44032K, used 10929K [0x00000000c1800000, 0x00000000c4300000, 0x00000000eb300000)
  object space 44032K, 24% used [0x00000000c1800000,0x00000000c22ac428,0x00000000c4300000)
 Metaspace       used 20661K, capacity 21226K, committed 21296K, reserved 1067008K
  class space    used 2659K, capacity 2821K, committed 2864K, reserved 1048576K
Event: 3.581 GC heap after
Heap after GC invocations=7 (full 1):
 PSYoungGen      total 73216K, used 0K [0x00000000eb300000, 0x00000000f0200000, 0x0000000100000000)
  eden space 65536K, 0% used [0x00000000eb300000,0x00000000eb300000,0x00000000ef300000)
  from space 7680K, 0% used [0x00000000efa80000,0x00000000efa80000,0x00000000f0200000)
  to   space 7680K, 0% used [0x00000000ef300000,0x00000000ef300000,0x00000000efa80000)
 ParOldGen       total 36352K, used 9205K [0x00000000c1800000, 0x00000000c3b80000, 0x00000000eb300000)
  object space 36352K, 25% used [0x00000000c1800000,0x00000000c20fd428,0x00000000c3b80000)
 Metaspace       used 20661K, capacity 21226K, committed 21296K, reserved 1067008K
  class space    used 2659K, capacity 2821K, committed 2864K, reserved 1048576K
}

Deoptimization events (10 events):
Event: 4.161 Thread 0x00000000198d7000 Uncommon trap: reason=unstable_if action=reinterpret pc=0x00000000052ac69c method=com.sun.org.apache.xerces.internal.impl.XMLEntityScanner.skipSpaces()Z @ 125
Event: 4.231 Thread 0x00000000198d7000 Uncommon trap: reason=unstable_if action=reinterpret pc=0x000000000535c008 method=com.sun.org.apache.xerces.internal.util.SymbolTable.addSymbol([CII)Ljava/lang/String; @ 38
Event: 4.232 Thread 0x00000000198d7000 Uncommon trap: reason=unstable_if action=reinterpret pc=0x00000000052af750 method=com.sun.org.apache.xerces.internal.impl.XMLEntityScanner.scanLiteral(ILcom/sun/org/apache/xerces/internal/xni/XMLString;Z)I @ 44
Event: 4.259 Thread 0x0000000004bd4800 Uncommon trap: reason=unstable_if action=reinterpret pc=0x000000000508e0c0 method=org.springframework.boot.context.properties.source.ConfigurationPropertyName$ElementValidator.isValidChar(CI)Z @ 21
Event: 4.586 Thread 0x00000000198d7000 Uncommon trap: reason=predicate action=maybe_recompile pc=0x00000000050a8ea8 method=java.lang.String.regionMatches(ZILjava/lang/String;II)Z @ 63
Event: 4.605 Thread 0x00000000198d7000 Uncommon trap: reason=unstable_if action=reinterpret pc=0x00000000053fb75c method=sun.misc.ASCIICaseInsensitiveComparator.compare(Ljava/lang/String;Ljava/lang/String;)I @ 106
Event: 5.002 Thread 0x0000000004bd4800 Uncommon trap: reason=unstable_if action=reinterpret pc=0x00000000050a7cd4 method=java.util.concurrent.ConcurrentHashMap.putVal(Ljava/lang/Object;Ljava/lang/Object;Z)Ljava/lang/Object; @ 206
Event: 5.192 Thread 0x0000000004bd4800 Uncommon trap: reason=class_check action=maybe_recompile pc=0x000000000507c3c8 method=java.util.HashMap.putVal(ILjava/lang/Object;Ljava/lang/Object;ZZ)Ljava/lang/Object; @ 203
Event: 5.634 Thread 0x0000000004bd4800 Uncommon trap: reason=unstable_if action=reinterpret pc=0x000000000550d324 method=org.springframework.asm.Type.getArgumentsAndReturnSizes(Ljava/lang/String;)I @ 88
Event: 5.635 Thread 0x0000000004bd4800 Uncommon trap: reason=unstable_if action=reinterpret pc=0x0000000005507578 method=org.springframework.asm.Type.getArgumentTypes(Ljava/lang/String;)[Lorg/springframework/asm/Type; @ 58

Classes redefined (0 events):
No events

Internal exceptions (10 events):
Event: 5.574 Thread 0x0000000004bd4800 Exception <a 'java/lang/ClassNotFoundException': org/springframework/beans/factory/config/BeanPostProcessorCustomizer> (0x00000000ee9a0b48) thrown at [C:\re\workspace\8-2-build-windows-amd64-cygwin\jdk8u171\10807\hotspot\src\share\vm\classfile\systemDicti
Event: 5.575 Thread 0x0000000004bd4800 Exception <a 'java/lang/ClassNotFoundException': org/springframework/beans/factory/BeanFactoryAwareCustomizer> (0x00000000ee9afac8) thrown at [C:\re\workspace\8-2-build-windows-amd64-cygwin\jdk8u171\10807\hotspot\src\share\vm\classfile\systemDictionary.cp
Event: 5.584 Thread 0x0000000004bd4800 Exception <a 'java/lang/ClassNotFoundException': java/lang/ObjectCustomizer> (0x00000000ee9b8f70) thrown at [C:\re\workspace\8-2-build-windows-amd64-cygwin\jdk8u171\10807\hotspot\src\share\vm\classfile\systemDictionary.cpp, line 210]
Event: 5.585 Thread 0x0000000004bd4800 Exception <a 'java/lang/ClassNotFoundException': org/springframework/boot/web/server/ErrorPageRegistrarBeanPostProcessorCustomizer> (0x00000000ee9cce20) thrown at [C:\re\workspace\8-2-build-windows-amd64-cygwin\jdk8u171\10807\hotspot\src\share\vm\classfil
Event: 5.587 Thread 0x0000000004bd4800 Exception <a 'java/lang/ClassNotFoundException': org/springframework/beans/factory/config/BeanPostProcessorCustomizer> (0x00000000ee9e04b0) thrown at [C:\re\workspace\8-2-build-windows-amd64-cygwin\jdk8u171\10807\hotspot\src\share\vm\classfile\systemDicti
Event: 5.588 Thread 0x0000000004bd4800 Exception <a 'java/lang/ClassNotFoundException': org/springframework/beans/factory/BeanFactoryAwareCustomizer> (0x00000000ee9ef430) thrown at [C:\re\workspace\8-2-build-windows-amd64-cygwin\jdk8u171\10807\hotspot\src\share\vm\classfile\systemDictionary.cp
Event: 5.604 Thread 0x0000000004bd4800 Exception <a 'java/lang/ClassNotFoundException': java/lang/ObjectCustomizer> (0x00000000eea41078) thrown at [C:\re\workspace\8-2-build-windows-amd64-cygwin\jdk8u171\10807\hotspot\src\share\vm\classfile\systemDictionary.cpp, line 210]
Event: 5.606 Thread 0x0000000004bd4800 Exception <a 'java/lang/ClassNotFoundException': org/springframework/boot/autoconfigure/web/servlet/ServletWebServerFactoryConfiguration$EmbeddedTomcatCustomizer> (0x00000000eea597a8) thrown at [C:\re\workspace\8-2-build-windows-amd64-cygwin\jdk8u171\1080
Event: 5.607 Thread 0x0000000004bd4800 Exception <a 'java/lang/ClassNotFoundException': org/springframework/boot/autoconfigure/web/servlet/ServletWebServerFactoryConfiguration$EmbeddedTomcat$$EnhancerBySpringCGLIB$$ad6852e6Customizer> (0x00000000eea74cc8) thrown at [C:\re\workspace\8-2-build-w
Event: 5.609 Thread 0x0000000004bd4800 Exception <a 'java/lang/ClassNotFoundException': org/springframework/context/annotation/ConfigurationClassEnhancer$EnhancedConfigurationCustomizer> (0x00000000eea8f2c0) thrown at [C:\re\workspace\8-2-build-windows-amd64-cygwin\jdk8u171\10807\hotspot\src\s

Events (10 events):
Event: 5.634 Thread 0x0000000004bd4800 Uncommon trap: trap_request=0xffffff65 fr.pc=0x000000000550d324
Event: 5.634 Thread 0x0000000004bd4800 DEOPT PACKING pc=0x000000000550d324 sp=0x0000000004bcd010
Event: 5.635 Thread 0x0000000004bd4800 DEOPT UNPACKING pc=0x0000000004d1583b sp=0x0000000004bccfa0 mode 2
Event: 5.635 Thread 0x0000000004bd4800 Uncommon trap: trap_request=0xffffff65 fr.pc=0x0000000005507578
Event: 5.635 Thread 0x0000000004bd4800 DEOPT PACKING pc=0x0000000005507578 sp=0x0000000004bcd000
Event: 5.635 Thread 0x0000000004bd4800 DEOPT UNPACKING pc=0x0000000004d1583b sp=0x0000000004bccfd8 mode 2
Event: 5.635 loading class org/springframework/cglib/core/Block
Event: 5.635 loading class org/springframework/cglib/core/Block done
Event: 5.636 loading class org/springframework/cglib/reflect/FastClassEmitter$4
Event: 5.636 loading class org/springframework/cglib/reflect/FastClassEmitter$4 done


Dynamic libraries:
0x00007ff70fd10000 - 0x00007ff70fd47000 	C:\Program Files\Java\jdk1.8.0_171\bin\javaw.exe
0x00007ff9f9690000 - 0x00007ff9f9870000 	C:\WINDOWS\SYSTEM32\ntdll.dll
0x00007ff9f9470000 - 0x00007ff9f951e000 	C:\WINDOWS\System32\KERNEL32.DLL
0x00007ff9f61e0000 - 0x00007ff9f6446000 	C:\WINDOWS\System32\KERNELBASE.dll
0x00007ff9f3f60000 - 0x00007ff9f3fe8000 	C:\WINDOWS\SYSTEM32\apphelp.dll
0x00007ff9f9170000 - 0x00007ff9f9211000 	C:\WINDOWS\System32\ADVAPI32.dll
0x00007ff9f6cc0000 - 0x00007ff9f6d5d000 	C:\WINDOWS\System32\msvcrt.dll
0x00007ff9f9220000 - 0x00007ff9f927b000 	C:\WINDOWS\System32\sechost.dll
0x00007ff9f6fb0000 - 0x00007ff9f70cf000 	C:\WINDOWS\System32\RPCRT4.dll
0x00007ff9f9280000 - 0x00007ff9f940f000 	C:\WINDOWS\System32\USER32.dll
0x00007ff9f6840000 - 0x00007ff9f6860000 	C:\WINDOWS\System32\win32u.dll
0x00007ff9f6c90000 - 0x00007ff9f6cb8000 	C:\WINDOWS\System32\GDI32.dll
0x00007ff9f6550000 - 0x00007ff9f66e3000 	C:\WINDOWS\System32\gdi32full.dll
0x00007ff9f66f0000 - 0x00007ff9f678b000 	C:\WINDOWS\System32\msvcp_win.dll
0x00007ff9f6450000 - 0x00007ff9f6546000 	C:\WINDOWS\System32\ucrtbase.dll
0x00007ff9edcd0000 - 0x00007ff9edf39000 	C:\WINDOWS\WinSxS\amd64_microsoft.windows.common-controls_6595b64144ccf1df_6.0.16299.492_none_15c8d3609364b9b0\COMCTL32.dll
0x00007ff9f7400000 - 0x00007ff9f7707000 	C:\WINDOWS\System32\combase.dll
0x00007ff9f6a30000 - 0x00007ff9f6aa2000 	C:\WINDOWS\System32\bcryptPrimitives.dll
0x00007ff9f7710000 - 0x00007ff9f773d000 	C:\WINDOWS\System32\IMM32.DLL
0x0000000071d50000 - 0x0000000071e22000 	C:\Program Files\Java\jdk1.8.0_171\jre\bin\msvcr100.dll
0x00000000714b0000 - 0x0000000071d50000 	C:\Program Files\Java\jdk1.8.0_171\jre\bin\server\jvm.dll
0x00007ff9f6b60000 - 0x00007ff9f6b68000 	C:\WINDOWS\System32\PSAPI.DLL
0x00007ff9f1610000 - 0x00007ff9f1619000 	C:\WINDOWS\SYSTEM32\WSOCK32.dll
0x00007ff9f22a0000 - 0x00007ff9f22c3000 	C:\WINDOWS\SYSTEM32\WINMM.dll
0x00007ff9f72a0000 - 0x00007ff9f730c000 	C:\WINDOWS\System32\WS2_32.dll
0x00007ff9ebb10000 - 0x00007ff9ebb1a000 	C:\WINDOWS\SYSTEM32\VERSION.dll
0x00007ff9f2270000 - 0x00007ff9f229a000 	C:\WINDOWS\SYSTEM32\winmmbase.dll
0x00007ff9f6ab0000 - 0x00007ff9f6afa000 	C:\WINDOWS\System32\cfgmgr32.dll
0x00000000714a0000 - 0x00000000714af000 	C:\Program Files\Java\jdk1.8.0_171\jre\bin\verify.dll
0x0000000071470000 - 0x0000000071499000 	C:\Program Files\Java\jdk1.8.0_171\jre\bin\java.dll
0x0000000071450000 - 0x0000000071466000 	C:\Program Files\Java\jdk1.8.0_171\jre\bin\zip.dll
0x00007ff9f78e0000 - 0x00007ff9f8d18000 	C:\WINDOWS\System32\SHELL32.dll
0x00007ff9f95b0000 - 0x00007ff9f9656000 	C:\WINDOWS\System32\shcore.dll
0x00007ff9f5a90000 - 0x00007ff9f61d7000 	C:\WINDOWS\System32\windows.storage.dll
0x00007ff9f6d60000 - 0x00007ff9f6db1000 	C:\WINDOWS\System32\shlwapi.dll
0x00007ff9f59e0000 - 0x00007ff9f59f1000 	C:\WINDOWS\System32\kernel.appcore.dll
0x00007ff9f5a00000 - 0x00007ff9f5a4c000 	C:\WINDOWS\System32\powrprof.dll
0x00007ff9f5a50000 - 0x00007ff9f5a6b000 	C:\WINDOWS\System32\profapi.dll
0x0000000071440000 - 0x000000007144d000 	C:\Program Files\Java\jdk1.8.0_171\jre\bin\management.dll
0x0000000071420000 - 0x000000007143a000 	C:\Program Files\Java\jdk1.8.0_171\jre\bin\net.dll
0x00007ff9f5210000 - 0x00007ff9f5276000 	C:\WINDOWS\system32\mswsock.dll
0x00007ff9e3b60000 - 0x00007ff9e3b76000 	C:\WINDOWS\system32\napinsp.dll
0x00007ff9e2bc0000 - 0x00007ff9e2bda000 	C:\WINDOWS\system32\pnrpnsp.dll
0x00007ff9f2810000 - 0x00007ff9f2828000 	C:\WINDOWS\system32\NLAapi.dll
0x00007ff9f4fe0000 - 0x00007ff9f5096000 	C:\WINDOWS\SYSTEM32\DNSAPI.dll
0x00007ff9f6c80000 - 0x00007ff9f6c88000 	C:\WINDOWS\System32\NSI.dll
0x00007ff9f4fa0000 - 0x00007ff9f4fd9000 	C:\WINDOWS\SYSTEM32\IPHLPAPI.DLL
0x00007ff9e4d50000 - 0x00007ff9e4d5e000 	C:\WINDOWS\System32\winrnr.dll
0x00007ff9e37f0000 - 0x00007ff9e3805000 	C:\WINDOWS\System32\wshbth.dll
0x00007ff9ed860000 - 0x00007ff9ed86a000 	C:\Windows\System32\rasadhlp.dll
0x00007ff9edf40000 - 0x00007ff9edfb0000 	C:\WINDOWS\System32\fwpuclnt.dll
0x00007ff9f54e0000 - 0x00007ff9f5505000 	C:\WINDOWS\SYSTEM32\bcrypt.dll
0x0000000071400000 - 0x0000000071411000 	C:\Program Files\Java\jdk1.8.0_171\jre\bin\nio.dll

VM Arguments:
jvm_args: -Dfile.encoding=UTF-8 
java_command: br.edu.unoescsmo.bootweb.BootWebApplication
java_class_path (initial): C:\Program Files\Java\jdk1.8.0_171\jre\lib\resources.jar;C:\Program Files\Java\jdk1.8.0_171\jre\lib\rt.jar;C:\Program Files\Java\jdk1.8.0_171\jre\lib\jsse.jar;C:\Program Files\Java\jdk1.8.0_171\jre\lib\jce.jar;C:\Program Files\Java\jdk1.8.0_171\jre\lib\charsets.jar;C:\Program Files\Java\jdk1.8.0_171\jre\lib\jfr.jar;C:\Program Files\Java\jdk1.8.0_171\jre\lib\ext\access-bridge-64.jar;C:\Program Files\Java\jdk1.8.0_171\jre\lib\ext\cldrdata.jar;C:\Program Files\Java\jdk1.8.0_171\jre\lib\ext\dnsns.jar;C:\Program Files\Java\jdk1.8.0_171\jre\lib\ext\jaccess.jar;C:\Program Files\Java\jdk1.8.0_171\jre\lib\ext\jfxrt.jar;C:\Program Files\Java\jdk1.8.0_171\jre\lib\ext\localedata.jar;C:\Program Files\Java\jdk1.8.0_171\jre\lib\ext\nashorn.jar;C:\Program Files\Java\jdk1.8.0_171\jre\lib\ext\sunec.jar;C:\Program Files\Java\jdk1.8.0_171\jre\lib\ext\sunjce_provider.jar;C:\Program Files\Java\jdk1.8.0_171\jre\lib\ext\sunmscapi.jar;C:\Program Files\Java\jdk1.8.0_171\jre\lib\ext\sunpkcs11.jar;C:\Program Files\Java\jdk1.8.0_171\jre\lib\ext\zipfs.jar;C:\Users\João Carlos\eclipse-workspace\boot-web\target\classes;C:\Users\João Carlos\.m2\repository\org\springframework\boot\spring-boot-starter-web\2.0.3.RELEASE\spring-boot-starter-web-2.0.3.RELEASE.jar;C:\Users\João Carlos\.m2\repository\org\springframework\boot\spring-boot-starter\2.0.3.RELEASE\spring-boot-starter-2.0.3.RELEASE.jar;C:\Users\João Carlos\.m2\repository\org\springframework\boot\spring-boot\2.0.3.RELEASE\spring-boot-2.0.3.RELEASE.jar;C:\Users\João Carlos\.m2\repository\org\springframework\boot\spring-boot-autoconfigure\2.0.3.RELEASE\spring-boot-autoconfigure-2.0.3.RELEASE.jar;C:\Users\João Carlos\.m2\repository\org\springframework\boot\spring-boot-starter-logging\2.0.3.RELEASE\spring-boot-starter-logging-2.0.3.RELEASE.jar;C:\Users\João Carlos\.m2\repository\ch\qos\logback\logback-classic\1.2.3\logback-classic-1.2.3.jar;C:\Users\João Carlos\.m2\repository\ch\qos\logback\logback-core\1.2.3\logback-core
Launcher Type: SUN_STANDARD

Environment Variables:
PATH=C:/Program Files/Java/jre1.8.0_171/bin/server;C:/Program Files/Java/jre1.8.0_171/bin;C:/Program Files/Java/jre1.8.0_171/lib/amd64;C:\Program Files (x86)\Common Files\Oracle\Java\javapath;C:\ProgramData\Oracle\Java\javapath;C:\Program Files (x86)\Intel\iCLS Client\;C:\Program Files\Intel\iCLS Client\;C:\WINDOWS\system32;C:\WINDOWS;C:\WINDOWS\System32\Wbem;C:\WINDOWS\System32\WindowsPowerShell\v1.0\;C:\Program Files\Intel\Intel(R) Management Engine Components\DAL;C:\Program Files\Intel\Intel(R) Management Engine Components\IPT;C:\Program Files (x86)\Intel\Intel(R) Management Engine Components\DAL;C:\Program Files (x86)\Intel\Intel(R) Management Engine Components\IPT;C:\Program Files (x86)\Intel\OpenCL SDK\2.0\bin\x86;C:\Program Files (x86)\Intel\OpenCL SDK\2.0\bin\x64;C:\Program Files\TortoiseSVN\bin;C:\PostgreSQL\pg96\bin;C:\Program Files\Git\cmd;C:\Program Files\TortoiseGit\bin;C:\Program Files\nodejs\;C:\Program Files (x86)\Skype\Phone\;C:\Ruby25-x64\bin;C:\Users\João Carlos\AppData\Local\Microsoft\WindowsApps;C:\Users\João Carlos\AppData\Roaming\npm;C:\Program Files\Microsoft VS Code\bin;C:\Program Files\heroku\bin;C:\Users\João Carlos\Desktop\eclipse;
USERNAME=João Carlos
OS=Windows_NT
PROCESSOR_IDENTIFIER=Intel64 Family 6 Model 58 Stepping 9, GenuineIntel



---------------  S Y S T E M  ---------------

OS: Windows 10.0 , 64 bit Build 16299 (10.0.16299.431)

CPU:total 4 (initial active 4) (2 cores per cpu, 2 threads per core) family 6 model 58 stepping 9, cmov, cx8, fxsr, mmx, sse, sse2, sse3, ssse3, sse4.1, sse4.2, popcnt, avx, clmul, erms, ht, tsc, tscinvbit, tscinv

Memory: 4k page, physical 4088928k(381224k free), swap 4088928k(7036k free)

vm_info: Java HotSpot(TM) 64-Bit Server VM (25.171-b11) for windows-amd64 JRE (1.8.0_171-b11), built on Mar 28 2018 16:06:12 by "java_re" with MS VC++ 10.0 (VS2010)

time: Sat Jul 07 09:22:10 2018
elapsed time: 5 seconds (0d 0h 0m 5s)

