JvmtiExport can_access_local_variables 0
JvmtiExport can_hotswap_or_post_breakpoint 0
JvmtiExport can_post_on_exceptions 0
# 289 ciObject found
ciMethod java/lang/Object <init> ()V 4097 1 323848 0 0
ciMethod java/lang/Object hashCode ()I 3073 1 384 0 -1
ciMethod java/lang/Object equals (Ljava/lang/Object;)Z 4097 1 5788 0 -1
ciMethod java/lang/Object toString ()Ljava/lang/String; 0 0 1 0 -1
ciMethod java/lang/String equals (Ljava/lang/Object;)Z 3137 12753 3847 0 -1
ciMethod java/lang/String startsWith (Ljava/lang/String;I)Z 2073 729 13397 0 416
ciMethod java/lang/String startsWith (Ljava/lang/String;)Z 2385 1 49474 0 352
ciMethod java/lang/String hashCode ()I 2841 32769 1014 0 288
ciMethod java/lang/String valueOf (Ljava/lang/Object;)Ljava/lang/String; 561 1 10090 0 0
ciMethod java/lang/System identityHashCode (Ljava/lang/Object;)I 2049 1 256 0 -1
ciMethod java/util/Map get (Ljava/lang/Object;)Ljava/lang/Object; 0 0 1 0 -1
ciMethod java/util/Map put (Ljava/lang/Object;Ljava/lang/Object;)Ljava/lang/Object; 0 0 1 0 -1
ciMethod java/lang/annotation/Annotation annotationType ()Ljava/lang/Class; 0 0 1 0 -1
ciMethod sun/misc/Unsafe compareAndSwapObject (Ljava/lang/Object;JLjava/lang/Object;Ljava/lang/Object;)Z 2049 1 256 0 -1
ciMethod java/lang/Boolean booleanValue ()Z 1145 1 143 0 -1
ciMethod java/lang/Iterable iterator ()Ljava/util/Iterator; 0 0 1 0 -1
ciMethod java/util/Set contains (Ljava/lang/Object;)Z 0 0 1 0 -1
ciMethod java/util/HashMap hash (Ljava/lang/Object;)I 2049 1 52032 0 160
ciMethod java/util/HashMap getNode (ILjava/lang/Object;)Ljava/util/HashMap$Node; 2097 17 11535 0 544
ciMethod java/util/HashMap containsKey (Ljava/lang/Object;)Z 305 1 7553 0 576
ciMethod java/util/Iterator hasNext ()Z 0 0 1 0 -1
ciMethod java/util/Iterator next ()Ljava/lang/Object; 0 0 1 0 -1
ciMethodData java/lang/Object <init> ()V 2 323936 orig 264 152 98 61 102 0 0 0 0 128 4 157 22 0 0 0 0 32 1 0 0 0 0 0 0 0 0 0 0 0 0 0 0 0 0 0 0 0 0 0 0 0 0 0 0 0 0 0 0 0 0 0 0 0 0 0 0 0 0 0 0 0 0 0 0 0 0 0 0 0 0 0 0 0 0 0 0 0 0 0 0 77 68 79 32 101 120 116 114 97 32 100 97 116 97 32 108 111 99 107 0 0 0 0 0 0 0 0 0 0 0 0 0 0 0 0 0 0 0 0 0 0 0 0 0 0 0 0 0 0 0 0 0 0 0 0 0 0 0 0 0 0 0 0 0 0 0 0 0 0 0 0 0 0 0 0 0 0 0 0 0 0 0 0 0 0 0 0 0 0 0 0 0 0 0 0 0 0 0 0 0 0 0 0 0 1 0 0 0 0 0 0 0 1 0 0 0 0 0 0 0 1 0 0 0 0 0 0 0 0 0 0 0 0 0 0 0 0 2 0 0 1 123 39 0 1 0 0 0 0 0 0 0 0 0 0 0 2 0 0 0 0 0 3 0 1 0 0 0 0 0 0 0 255 255 255 255 0 0 0 0 0 0 0 0 data 0 oops 0
ciMethod java/util/HashMap$TreeNode getTreeNode (ILjava/lang/Object;)Ljava/util/HashMap$TreeNode; 0 0 1 0 -1
ciMethodData java/lang/String hashCode ()I 2 21322 orig 264 152 98 61 102 0 0 0 0 184 79 157 22 0 0 0 0 152 1 0 0 32 0 0 0 0 0 0 0 0 0 0 0 0 0 0 0 0 0 0 0 0 0 0 0 0 0 0 0 0 0 0 0 0 0 0 0 0 0 0 0 0 0 0 0 0 0 0 0 0 0 0 0 0 0 0 0 0 0 0 0 77 68 79 32 101 120 116 114 97 32 100 97 116 97 32 108 111 99 107 0 0 0 0 0 0 0 0 0 0 0 0 0 0 0 0 0 0 0 0 0 0 0 0 0 0 0 0 0 0 0 0 0 0 0 0 0 0 0 0 0 0 0 0 0 0 0 0 0 0 0 0 0 0 0 0 0 0 0 0 0 0 0 0 0 0 0 0 0 0 0 0 0 0 0 0 0 0 0 0 0 0 0 0 0 0 0 0 0 0 0 0 0 0 0 0 0 0 0 0 0 0 0 0 0 0 0 0 0 0 0 0 0 0 0 0 0 0 16 0 0 153 20 0 0 81 26 2 0 0 0 0 0 0 0 0 0 2 0 0 0 1 0 11 0 2 0 0 0 120 0 0 0 255 255 255 255 7 0 6 0 0 0 0 0 data 15 0x60007 0x10a 0x78 0x189 0xe0007 0x3 0x58 0x186 0x1e0007 0x186 0x38 0x4347 0x2d0003 0x4347 0xffffffffffffffe0 oops 0
ciMethod java/util/HashSet contains (Ljava/lang/Object;)Z 2145 1 6189 0 1184
ciMethodData java/lang/String startsWith (Ljava/lang/String;I)Z 2 29722 orig 264 152 98 61 102 0 0 0 0 176 77 157 22 0 0 0 0 176 1 0 0 0 0 0 0 0 0 0 0 0 0 0 0 0 0 0 0 0 0 0 0 0 0 0 0 0 0 0 0 0 0 0 0 0 0 0 0 0 0 0 0 0 0 0 0 0 0 0 0 0 0 0 0 0 0 0 0 0 0 0 0 77 68 79 32 101 120 116 114 97 32 100 97 116 97 32 108 111 99 107 0 0 0 0 0 0 0 0 0 0 0 0 0 0 0 0 0 0 0 0 0 0 0 0 0 0 0 0 0 0 0 0 0 0 0 0 0 0 0 0 0 0 0 0 0 1 0 0 0 0 0 0 0 0 0 0 0 0 0 0 0 0 0 0 0 0 0 0 0 0 0 0 0 0 0 0 0 0 0 0 1 0 0 0 0 0 0 0 0 0 0 0 0 0 0 0 0 0 0 0 0 0 0 0 0 0 0 0 0 0 0 0 0 0 0 0 0 3 1 0 0 145 154 1 0 249 157 3 0 244 20 0 0 43 55 0 0 2 0 0 0 1 0 13 0 2 0 0 0 128 0 0 0 255 255 255 255 7 224 25 0 0 0 0 0 data 16 0x19e007 0x16 0x40 0x333d 0x250007 0x3291 0x20 0xac 0x2f0007 0x618 0x40 0x73c1 0x410007 0x4748 0xffffffffffffffe0 0x2c79 oops 0
ciMethodData java/lang/String startsWith (Ljava/lang/String;)Z 2 51181 orig 264 152 98 61 102 0 0 0 0 72 78 157 22 0 0 0 0 128 1 0 0 0 0 0 0 0 0 0 0 0 0 0 0 0 0 0 0 0 0 0 0 0 0 0 0 0 0 0 0 0 0 0 0 0 0 0 0 0 0 0 0 0 0 0 0 0 0 0 0 0 0 0 0 0 0 0 0 0 0 0 0 77 68 79 32 101 120 116 114 97 32 100 97 116 97 32 108 111 99 107 0 0 0 0 0 0 0 0 0 0 0 0 0 0 0 0 0 0 0 0 0 0 0 0 0 0 0 0 0 0 0 0 0 0 0 0 0 0 0 0 0 0 0 0 0 0 0 0 0 0 0 0 0 0 0 0 0 0 0 0 0 0 0 0 0 0 0 0 0 0 0 0 0 0 0 0 0 0 0 0 0 0 0 0 0 0 0 0 0 0 0 0 0 0 0 0 0 0 0 0 0 0 0 0 0 0 0 0 0 0 0 0 0 0 0 0 0 42 1 0 0 25 54 6 0 1 0 0 0 0 0 0 0 0 0 0 0 2 0 0 0 0 0 3 0 2 0 0 0 48 0 0 0 255 255 255 255 5 0 3 0 0 0 0 0 data 6 0x30005 0x2 0x4c8ae70 0xc6c1 0x0 0x0 oops 1 2 java/lang/String
ciMethodData java/util/HashMap hash (Ljava/lang/Object;)I 2 52032 orig 264 152 98 61 102 0 0 0 0 224 131 171 22 0 0 0 0 176 1 0 0 32 0 0 0 0 0 0 0 0 0 0 0 0 0 0 0 0 0 0 0 0 0 0 0 0 0 0 0 0 0 0 0 0 0 0 0 0 0 0 0 0 0 0 0 0 0 0 0 0 0 0 0 0 0 0 0 0 0 0 0 77 68 79 32 101 120 116 114 97 32 100 97 116 97 32 108 111 99 107 0 0 0 0 0 0 0 0 0 0 0 0 0 0 0 0 0 0 0 0 0 0 0 0 0 0 0 0 0 0 0 0 0 0 0 0 0 0 0 0 0 0 0 0 0 0 0 0 0 0 0 0 0 0 0 0 0 0 0 0 0 0 0 0 0 0 0 0 0 0 0 0 0 0 0 0 0 0 0 0 0 0 0 0 0 17 0 0 0 0 0 0 0 0 0 0 0 0 0 0 0 0 0 0 0 0 0 0 0 0 0 0 0 0 0 0 0 0 1 0 0 1 82 6 0 1 0 0 0 0 0 0 0 0 0 0 0 2 0 0 0 0 0 6 0 2 0 0 0 104 0 0 0 255 255 255 255 7 0 1 0 0 0 0 0 data 13 0x10007 0xca40 0x38 0x0 0x50003 0x0 0x48 0x90005 0x34f1 0x4c8b530 0x2c6 0x4c8ae70 0x9289 oops 2 9 java/security/ProtectionDomain 11 java/lang/String
ciMethodData java/util/HashMap getNode (ILjava/lang/Object;)Ljava/util/HashMap$Node; 2 11535 orig 264 152 98 61 102 0 0 0 0 144 141 171 22 0 0 0 0 8 4 0 0 112 2 0 0 0 0 0 0 0 0 0 0 0 0 0 0 0 0 0 0 0 0 0 0 0 0 0 0 0 0 0 0 0 0 0 0 0 0 0 0 0 0 0 0 0 0 0 0 0 0 0 0 0 0 0 0 0 0 0 0 77 68 79 32 101 120 116 114 97 32 100 97 116 97 32 108 111 99 107 0 0 0 0 0 0 0 0 0 0 0 0 0 0 0 0 0 0 0 0 0 0 0 0 0 0 0 0 0 0 0 0 0 0 0 0 0 0 0 0 0 0 0 0 0 1 0 0 0 1 0 0 0 0 0 0 0 0 0 0 0 0 0 0 0 0 0 0 0 0 0 0 0 0 0 0 0 0 0 0 2 0 0 0 0 17 0 0 0 0 0 0 0 0 0 0 0 0 0 0 0 1 0 0 0 0 0 0 0 0 0 0 0 0 0 0 0 6 1 0 0 73 96 1 0 81 17 0 0 126 20 0 0 241 0 0 0 2 0 0 0 1 0 37 0 2 0 0 0 176 2 0 0 255 255 255 255 7 0 6 0 0 0 0 0 data 86 0x60007 0x493 0x2b0 0x2776 0xe0007 0x0 0x290 0x2776 0x1c0007 0x8d9 0x270 0x1e9d 0x250007 0xb3d 0xb0 0x1360 0x310007 0x72b 0x90 0xc35 0x350007 0x0 0x70 0xc35 0x3b0005 0x6e7 0x4c8ae70 0x4ea 0x18f29950 0x64 0x3e0007 0xb6 0x20 0xb7f 0x4c0007 0x608 0x1a0 0x5eb 0x510004 0xfffffffffffffa15 0x1987a670 0x3c 0x0 0x0 0x540007 0x5eb 0x80 0x0 0x590004 0x0 0x0 0x0 0x0 0x0 0x5e0005 0x0 0x0 0x0 0x0 0x0 0x680007 0x227 0xb0 0x4c6 0x740007 0x107 0x90 0x3bf 0x780007 0x0 0x70 0x3bf 0x7e0005 0x24d 0x18f29950 0x60 0x1735d270 0x112 0x81e007 0x9 0x20 0x3b8 0x8f0007 0x102 0xffffffffffffff50 0x12e oops 5 26 java/lang/String 28 java/util/jar/Attributes$Name 40 java/util/HashMap$Node 74 java/util/jar/Attributes$Name 76 java/security/CodeSource
ciMethodData java/util/HashMap containsKey (Ljava/lang/Object;)Z 2 7553 orig 264 152 98 61 102 0 0 0 0 48 142 171 22 0 0 0 0 200 1 0 0 0 0 0 0 0 0 0 0 0 0 0 0 0 0 0 0 0 0 0 0 0 0 0 0 0 0 0 0 0 0 0 0 0 0 0 0 0 0 0 0 0 0 0 0 0 0 0 0 0 0 0 0 0 0 0 0 0 0 0 0 77 68 79 32 101 120 116 114 97 32 100 97 116 97 32 108 111 99 107 0 0 0 0 0 0 0 0 0 0 0 0 0 0 0 0 0 0 0 0 0 0 0 0 0 0 0 0 0 0 0 0 0 0 0 0 0 0 0 0 0 0 0 0 0 0 0 0 0 0 0 0 0 0 0 0 0 0 0 0 0 0 0 0 0 0 0 0 0 0 0 0 0 0 0 0 0 0 0 0 0 0 0 0 0 17 0 0 0 0 0 0 0 0 0 0 0 0 0 0 0 1 0 0 0 0 0 0 0 0 0 0 0 0 0 0 0 38 0 0 0 217 234 0 0 1 0 0 0 0 0 0 0 0 0 0 0 2 0 0 0 0 0 10 0 2 0 0 0 120 0 0 0 255 255 255 255 2 0 2 0 0 0 0 0 data 15 0x20002 0x1d5b 0x60005 0xe2 0x19879260 0x13b4 0x19879740 0x8c5 0x90007 0x1ae2 0x38 0x279 0xd0003 0x279 0x18 oops 2 4 java/util/HashMap 6 java/util/LinkedHashMap
ciMethod java/util/IdentityHashMap maskNull (Ljava/lang/Object;)Ljava/lang/Object; 3409 1 4692 0 0
ciMethod java/util/IdentityHashMap <init> (I)V 225 1 28 0 -1
ciMethod java/util/IdentityHashMap hash (Ljava/lang/Object;I)I 4097 1 5733 0 0
ciMethod java/util/IdentityHashMap nextKeyIndex (II)I 3273 1 1995 0 0
ciMethod java/util/IdentityHashMap get (Ljava/lang/Object;)Ljava/lang/Object; 3081 721 3826 0 0
ciMethod java/util/concurrent/atomic/AtomicReference get ()Ljava/lang/Object; 1257 1 157 0 0
ciMethod java/util/concurrent/atomic/AtomicReference compareAndSet (Ljava/lang/Object;Ljava/lang/Object;)Z 4097 1 1142 0 0
ciMethodData java/lang/String valueOf (Ljava/lang/Object;)Ljava/lang/String; 2 12896 orig 264 152 98 61 102 0 0 0 0 128 112 157 22 0 0 0 0 176 1 0 0 32 0 0 0 0 0 0 0 0 0 0 0 0 0 0 0 0 0 0 0 0 0 0 0 0 0 0 0 0 0 0 0 0 0 0 0 0 0 0 0 0 0 0 0 0 0 0 0 0 0 0 0 0 0 0 0 0 0 0 0 77 68 79 32 101 120 116 114 97 32 100 97 116 97 32 108 111 99 107 0 0 0 0 0 0 0 0 0 0 0 0 0 0 0 0 0 0 0 0 0 0 0 0 0 0 0 0 0 0 0 0 0 0 0 0 0 0 0 0 0 0 0 0 0 0 0 0 0 0 0 0 0 0 0 0 0 0 0 0 0 0 0 0 0 0 0 0 0 0 0 0 0 0 0 0 0 0 0 0 0 0 0 0 0 17 0 0 0 0 0 0 0 0 0 0 0 0 0 0 0 0 0 0 0 0 0 0 0 0 0 0 0 0 0 0 0 70 0 0 0 185 144 1 0 1 0 0 0 0 0 0 0 0 0 0 0 2 0 0 0 0 0 6 0 2 0 0 0 104 0 0 0 255 255 255 255 7 0 1 0 0 0 0 0 data 13 0x10007 0x3214 0x38 0x4 0x60003 0x4 0x48 0xa0005 0xc4b 0x4c8ae70 0x25c0 0x1735d300 0x9 oops 2 9 java/lang/String 11 java/lang/StackTraceElement
ciMethod org/eclipse/sisu/inject/BindingSubscriber type ()Lcom/google/inject/TypeLiteral; 0 0 1 0 -1
ciMethod org/eclipse/sisu/inject/RankingFunction maxRank ()I 0 0 1 0 -1
ciMethod org/eclipse/sisu/inject/BindingPublisher subscribe (Lorg/eclipse/sisu/inject/BindingSubscriber;)V 0 0 1 0 -1
ciMethod org/eclipse/sisu/inject/BindingPublisher maxBindingRank ()I 0 0 1 0 -1
ciMethod org/eclipse/sisu/inject/RankedSequence peek ()Ljava/lang/Object; 3497 1 4949 0 0
ciMethod org/eclipse/sisu/inject/RankedSequence removeThis (Ljava/lang/Object;)Z 633 1 115 0 0
ciMethod org/eclipse/sisu/inject/RankedSequence uid2rank (J)I 1521 1 911 0 0
ciMethod org/eclipse/sisu/inject/RankedSequence safeBinarySearch ([JJ)I 2417 33 1663 0 0
ciMethod org/eclipse/sisu/inject/ImplicitBindings get (Lcom/google/inject/TypeLiteral;)Lcom/google/inject/Binding; 1 1 1 0 0
ciMethod com/google/inject/Key getTypeLiteral ()Lcom/google/inject/TypeLiteral; 1033 1 129 0 0
ciMethod com/google/inject/Key get (Lcom/google/inject/TypeLiteral;)Lcom/google/inject/Key; 1193 1 552 0 -1
ciMethod com/google/inject/TypeLiteral getRawType ()Ljava/lang/Class; 1081 1 135 0 -1
ciMethod com/google/inject/TypeLiteral getType ()Ljava/lang/reflect/Type; 1249 1 156 0 -1
ciMethod com/google/inject/Scope scope (Lcom/google/inject/Key;Lcom/google/inject/Provider;)Lcom/google/inject/Provider; 0 0 1 0 -1
ciMethod com/google/inject/spi/Element getSource ()Ljava/lang/Object; 0 0 1 0 -1
ciMethod com/google/inject/Injector getBindings ()Ljava/util/Map; 0 0 1 0 -1
ciMethod com/google/inject/Injector getBinding (Lcom/google/inject/Key;)Lcom/google/inject/Binding; 0 0 1 0 -1
ciMethod com/google/inject/Binding getKey ()Lcom/google/inject/Key; 0 0 1 0 -1
ciMethod com/google/inject/Binding getProvider ()Lcom/google/inject/Provider; 0 0 1 0 -1
ciMethod com/google/inject/Binding acceptScopingVisitor (Lcom/google/inject/spi/BindingScopingVisitor;)Ljava/lang/Object; 0 0 1 0 -1
ciMethod com/google/inject/Scopes isSingleton (Lcom/google/inject/Binding;)Z 4097 1969 904 0 0
ciMethod com/google/inject/spi/ElementSource getDeclaringSource ()Ljava/lang/Object; 1025 1 128 0 0
ciMethod com/google/inject/internal/BindingImpl getSource ()Ljava/lang/Object; 1185 1 148 0 0
ciMethod com/google/inject/internal/BindingImpl getInjector ()Lcom/google/inject/internal/InjectorImpl; 1497 1 187 0 -1
ciMethod com/google/inject/internal/LinkedBindingImpl getLinkedKey ()Lcom/google/inject/Key; 1361 1 170 0 -1
ciMethod com/google/inject/name/Named value ()Ljava/lang/String; 0 0 1 0 -1
ciMethod org/eclipse/sisu/inject/Sources getAnnotation (Lcom/google/inject/Binding;Ljava/lang/Class;)Ljava/lang/annotation/Annotation; 2569 1 321 0 -1
ciMethod org/eclipse/sisu/inject/Logs trace (Ljava/lang/String;Ljava/lang/Object;Ljava/lang/Object;)V 17 1 2 0 -1
ciMethod org/eclipse/sisu/inject/TypeArguments implicitKey (Ljava/lang/Class;)Lcom/google/inject/Key; 17 1 2 0 -1
ciMethod org/eclipse/sisu/inject/Guice4 getDeclaringSource (Lcom/google/inject/Binding;)Ljava/lang/Object; 2049 1 5549 0 0
ciMethod org/eclipse/sisu/inject/Guice4 lazy (Lcom/google/inject/Binding;)Ljavax/inject/Provider; 2401 1 418 0 0
ciMethodData java/util/HashSet contains (Ljava/lang/Object;)Z 2 6189 orig 264 152 98 61 102 0 0 0 0 224 98 185 22 0 0 0 0 128 1 0 0 0 0 0 0 0 0 0 0 0 0 0 0 0 0 0 0 0 0 0 0 0 0 0 0 0 0 0 0 0 0 0 0 0 0 0 0 0 0 0 0 0 0 0 0 0 0 0 0 0 0 0 0 0 0 0 0 0 0 0 0 77 68 79 32 101 120 116 114 97 32 100 97 116 97 32 108 111 99 107 0 0 0 0 0 0 0 0 0 0 0 0 0 0 0 0 0 0 0 0 0 0 0 0 0 0 0 0 0 0 0 0 0 0 0 0 0 0 0 0 0 0 0 0 0 0 0 0 0 0 0 0 0 0 0 0 0 0 0 0 0 0 0 0 0 0 0 0 0 0 0 0 0 0 0 0 0 0 0 0 0 0 0 0 0 0 0 0 0 0 0 0 0 0 0 0 0 0 0 0 0 0 0 0 0 0 0 0 0 0 0 0 0 0 0 0 0 12 1 0 0 9 185 0 0 1 0 0 0 0 0 0 0 0 0 0 0 2 0 0 0 0 0 3 0 2 0 0 0 48 0 0 0 255 255 255 255 5 0 5 0 0 0 0 0 data 6 0x50005 0x0 0x19879260 0x170a 0x19879740 0x17 oops 2 2 java/util/HashMap 4 java/util/LinkedHashMap
ciMethodData java/util/IdentityHashMap nextKeyIndex (II)I 2 1995 orig 264 152 98 61 102 0 0 0 0 216 205 215 22 0 0 0 0 96 1 0 0 0 0 0 0 0 0 0 0 0 0 0 0 0 0 0 0 0 0 0 0 0 0 0 0 0 0 0 0 0 0 0 0 0 0 0 0 0 0 0 0 0 0 0 0 0 0 0 0 0 0 0 0 0 0 0 0 0 0 0 0 77 68 79 32 101 120 116 114 97 32 100 97 116 97 32 108 111 99 107 0 0 0 0 0 0 0 0 0 0 0 0 0 0 0 0 0 0 0 0 0 0 0 0 0 0 0 0 0 0 0 0 0 0 0 0 0 0 0 0 0 0 0 0 0 0 0 0 0 0 0 0 0 0 0 0 0 0 0 0 0 0 0 0 0 0 0 0 0 0 0 0 0 0 0 0 0 0 0 0 0 0 0 0 0 0 0 0 0 0 0 0 0 0 0 0 0 0 0 0 0 0 0 0 0 0 0 0 0 0 0 0 0 0 0 0 0 153 1 0 0 145 49 0 0 1 0 0 0 0 0 0 0 0 0 0 0 2 0 0 0 0 0 6 0 2 0 0 0 56 0 0 0 255 255 255 255 7 0 4 0 0 0 0 0 data 7 0x40007 0x1 0x38 0x631 0xa0003 0x631 0x18 oops 0
ciMethodData java/util/IdentityHashMap hash (Ljava/lang/Object;I)I 2 5748 orig 264 152 98 61 102 0 0 0 0 56 205 215 22 0 0 0 0 96 1 0 0 0 0 0 0 0 0 0 0 0 0 0 0 0 0 0 0 0 0 0 0 0 0 0 0 0 0 0 0 0 0 0 0 0 0 0 0 0 0 0 0 0 0 0 0 0 0 0 0 0 0 0 0 0 0 0 0 0 0 0 0 77 68 79 32 101 120 116 114 97 32 100 97 116 97 32 108 111 99 107 0 0 0 0 0 0 0 0 0 0 0 0 0 0 0 0 0 0 0 0 0 0 0 0 0 0 0 0 0 0 0 0 0 0 0 0 0 0 0 0 0 0 0 0 0 0 0 0 0 0 0 0 0 0 0 0 0 0 0 0 0 0 0 0 0 0 0 0 0 0 0 0 0 0 0 0 0 0 0 0 0 0 0 0 0 0 0 0 0 0 0 0 0 0 0 0 0 0 0 0 0 0 0 0 0 0 0 0 0 0 0 0 0 0 0 0 0 0 2 0 0 161 163 0 0 1 0 0 0 0 0 0 0 0 0 0 0 2 0 0 0 0 0 3 0 2 0 0 0 16 0 0 0 255 255 255 255 2 0 1 0 0 0 0 0 data 2 0x10002 0x1474 oops 0
ciMethodData java/util/IdentityHashMap maskNull (Ljava/lang/Object;)Ljava/lang/Object; 2 4702 orig 264 152 98 61 102 0 0 0 0 96 199 215 22 0 0 0 0 88 1 0 0 0 0 0 0 0 0 0 0 0 0 0 0 0 0 0 0 0 0 0 0 0 0 0 0 0 0 0 0 0 0 0 0 0 0 0 0 0 0 0 0 0 0 0 0 0 0 0 0 0 0 0 0 0 0 0 0 0 0 0 0 77 68 79 32 101 120 116 114 97 32 100 97 116 97 32 108 111 99 107 0 0 0 0 0 0 0 0 0 0 0 0 0 0 0 0 0 0 0 0 0 0 0 0 0 0 0 0 0 0 0 0 0 0 0 0 0 0 0 0 0 0 0 0 0 0 0 0 0 0 0 0 0 0 0 0 0 0 0 0 0 0 0 0 0 0 0 0 0 0 0 0 0 0 0 0 0 0 0 0 0 0 0 0 0 0 0 0 0 0 0 0 0 0 0 0 0 0 0 0 0 0 0 0 0 0 0 0 0 0 0 0 0 0 0 0 0 170 1 0 0 161 133 0 0 1 0 0 0 0 0 0 0 0 0 0 0 2 0 0 0 0 0 6 0 2 0 0 0 56 0 0 0 255 255 255 255 7 0 1 0 0 0 0 0 data 7 0x10007 0x10b4 0x38 0x0 0x70003 0x0 0x18 oops 0
ciMethod org/eclipse/sisu/BeanEntry getSource ()Ljava/lang/Object; 0 0 1 0 -1
ciMethod com/google/inject/spi/ExposedBinding getPrivateElements ()Lcom/google/inject/spi/PrivateElements; 0 0 1 0 -1
ciMethod org/eclipse/sisu/inject/InjectorBindings getInjector ()Lcom/google/inject/Injector; 9 1 1 0 -1
ciMethod org/eclipse/sisu/inject/InjectorBindings subscribe (Lorg/eclipse/sisu/inject/BindingSubscriber;)V 633 1 115 0 0
ciMethod org/eclipse/sisu/inject/InjectorBindings maxBindingRank ()I 641 1 116 0 0
ciMethod org/eclipse/sisu/inject/InjectorBindings publishExactMatches (Lcom/google/inject/TypeLiteral;Lorg/eclipse/sisu/inject/BindingSubscriber;)V 921 1129 115 0 -1
ciMethod org/eclipse/sisu/inject/InjectorBindings publishGenericMatches (Lcom/google/inject/TypeLiteral;Lorg/eclipse/sisu/inject/BindingSubscriber;Ljava/lang/Class;)V 0 0 1 0 -1
ciMethod org/eclipse/sisu/inject/InjectorBindings publishWildcardMatches (Lcom/google/inject/TypeLiteral;Lorg/eclipse/sisu/inject/BindingSubscriber;)V 865 32833 115 0 -1
ciMethod org/eclipse/sisu/inject/RankedSequence$Content indexOfThis (Ljava/lang/Object;)I 921 921 115 0 -1
ciMethod org/eclipse/sisu/inject/RankedSequence$Content remove (I)Lorg/eclipse/sisu/inject/RankedSequence$Content; 921 1 115 0 -1
ciMethod org/eclipse/sisu/inject/QualifyingStrategy qualifies (Lcom/google/inject/Key;Lcom/google/inject/Binding;)Ljava/lang/annotation/Annotation; 0 0 1 0 -1
ciMethod org/eclipse/sisu/inject/BeanCache create (Ljava/lang/annotation/Annotation;Lcom/google/inject/Binding;I)Lorg/eclipse/sisu/BeanEntry; 1521 1 907 0 0
ciMethod org/eclipse/sisu/inject/BeanCache createMap (Lorg/eclipse/sisu/inject/LazyBeanEntry;Lorg/eclipse/sisu/inject/LazyBeanEntry;)Ljava/util/Map; 0 0 5 0 0
ciMethod org/eclipse/sisu/plexus/RealmFilteredBeans$FilteredItr hasNext ()Z 2049 1025 7501 0 -1
ciMethod org/eclipse/sisu/inject/LocatedBeans$Itr hasNext ()Z 3073 1561 9117 0 0
ciMethod org/eclipse/sisu/inject/LocatedBeans$Itr next ()Lorg/eclipse/sisu/BeanEntry; 4097 1 5187 0 0
ciMethod org/eclipse/sisu/inject/LocatedBeans$Itr next ()Ljava/lang/Object; 4097 1 5187 0 0
ciMethod org/eclipse/sisu/inject/RankedBindings$Itr hasNext ()Z 1593 473 4689 0 0
ciMethod org/eclipse/sisu/inject/RankedBindings$Itr next ()Lcom/google/inject/Binding; 1561 1 4453 0 0
ciMethod org/eclipse/sisu/inject/RankedBindings$Itr rank ()I 1521 1 906 0 0
ciMethod org/eclipse/sisu/inject/RankedSequence$Itr hasNext ()Z 4097 1 9202 0 0
ciMethod org/eclipse/sisu/inject/RankedSequence$Itr hasNext (I)Z 633 1 115 0 0
ciMethod org/eclipse/sisu/inject/RankedSequence$Itr next ()Ljava/lang/Object; 1561 1 4665 0 0
ciMethod org/eclipse/sisu/inject/RankedSequence$Itr rank ()I 1521 1 911 0 0
ciMethod org/eclipse/sisu/inject/LazyBeanEntry <init> (Ljava/lang/annotation/Annotation;Lcom/google/inject/Binding;I)V 3865 1 904 0 0
ciMethod org/eclipse/sisu/inject/LazyBeanEntry getSource ()Ljava/lang/Object; 1025 1 5223 0 0
ciMethod org/eclipse/sisu/inject/LazyBeanEntry$JsrNamed <init> (Lcom/google/inject/name/Named;)V 4097 1 904 0 0
ciMethod org/eclipse/sisu/inject/Guice4$1 <init> (Ljavax/inject/Provider;)V 3177 1 418 0 -1
ciMethodData org/eclipse/sisu/inject/LocatedBeans$Itr hasNext ()Z 2 9156 orig 264 152 98 61 102 0 0 0 0 200 185 225 26 0 0 0 0 8 4 0 0 0 0 0 0 0 0 0 0 0 0 0 0 0 0 0 0 0 0 0 0 0 0 0 0 0 0 0 0 0 0 0 0 0 0 0 0 0 0 0 0 0 0 0 0 0 0 0 0 0 0 0 0 0 0 0 0 0 0 0 0 77 68 79 32 101 120 116 114 97 32 100 97 116 97 32 108 111 99 107 0 0 0 0 0 0 0 0 0 0 0 0 0 0 0 0 0 0 0 0 0 0 0 0 0 0 0 0 0 0 0 0 0 0 0 0 0 0 0 0 0 0 0 0 0 0 0 0 0 0 0 0 0 0 0 0 0 0 0 0 0 0 0 0 0 0 0 0 0 0 0 0 0 0 0 0 0 0 0 0 0 0 0 0 0 0 0 0 0 0 0 0 0 0 0 0 0 0 0 0 0 0 0 0 0 0 0 0 0 0 0 0 0 0 0 0 0 128 1 0 0 33 18 1 0 201 140 0 0 0 0 0 0 0 0 0 0 2 0 0 0 1 0 20 0 2 0 0 0 192 2 0 0 255 255 255 255 7 0 4 0 0 0 0 0 data 88 0x40007 0x1196 0x1a0 0x10ae 0xd0005 0x6 0x190d5d10 0x10aa 0x0 0x0 0x150007 0x2ce 0xa0 0xde2 0x1e0005 0x0 0x19d28740 0xde2 0x0 0x0 0x230104 0x0 0x190cfea0 0xddc 0x0 0x0 0x2a0007 0x6 0x20 0xddc 0x3e0005 0x7 0x19d287f0 0x260 0x19d288a0 0x6d 0x430007 0x3 0x80 0x2d1 0x540005 0x6 0x190d5d10 0x2cb 0x0 0x0 0x570005 0x6 0x19d25e50 0x2cb 0x0 0x0 0x630005 0x6 0x190d5d10 0x1193 0x0 0x0 0x660007 0x10b0 0xfffffffffffffe50 0xe9 0x6d0007 0xe8 0xd0 0x1 0x7e0005 0x0 0x19d25160 0x1 0x0 0x0 0x810005 0x0 0x19d273e0 0x1 0x0 0x0 0x860007 0x0 0x50 0x1 0x970005 0x0 0x19d25e50 0x1 0x0 0x0 oops 11 6 org/eclipse/sisu/inject/RankedBindings$Itr 16 java/util/IdentityHashMap 22 org/eclipse/sisu/inject/LazyBeanEntry 32 org/eclipse/sisu/inject/QualifyingStrategy$1 34 org/eclipse/sisu/inject/QualifyingStrategy$2 42 org/eclipse/sisu/inject/RankedBindings$Itr 48 org/eclipse/sisu/inject/BeanCache 54 org/eclipse/sisu/inject/RankedBindings$Itr 68 com/google/inject/Key 74 org/eclipse/sisu/inject/ImplicitBindings 84 org/eclipse/sisu/inject/BeanCache
ciMethodData org/eclipse/sisu/inject/RankedBindings$Itr hasNext ()Z 2 4724 orig 264 152 98 61 102 0 0 0 0 240 197 225 26 0 0 0 0 184 3 0 0 96 0 0 0 0 0 0 0 0 0 0 0 0 0 0 0 0 0 0 0 0 0 0 0 0 0 0 0 0 0 0 0 0 0 0 0 0 0 0 0 0 0 0 0 0 0 0 0 0 0 0 0 0 0 0 0 0 0 0 0 77 68 79 32 101 120 116 114 97 32 100 97 116 97 32 108 111 99 107 0 0 0 0 0 0 0 0 0 0 0 0 0 0 0 0 0 0 0 0 0 0 0 0 0 0 0 0 0 0 0 0 0 0 0 0 0 0 0 0 0 0 0 0 0 0 0 0 0 0 0 0 0 0 0 0 0 0 0 0 0 0 0 0 0 0 0 0 0 0 0 0 0 0 0 0 0 0 0 0 0 0 0 0 0 0 0 0 0 0 0 0 0 0 0 0 0 0 0 0 0 0 0 0 0 0 0 0 0 0 0 0 0 0 0 0 0 199 0 0 0 105 141 0 0 193 1 0 0 0 0 0 0 0 0 0 0 2 0 0 0 1 0 29 0 2 0 0 0 112 2 0 0 255 255 255 255 5 0 7 0 0 0 0 0 data 78 0x70005 0x11d 0x19d2bb10 0x1090 0x0 0x0 0xa0104 0x0 0x18f004e0 0x38 0x0 0x0 0xe0003 0x11ad 0x140 0x1d0005 0x14 0x19d2bb10 0x24 0x0 0x0 0x200007 0x0 0x80 0x38 0x280005 0x0 0x18f004e0 0x38 0x0 0x0 0x350005 0x14 0x19d2bb10 0x24 0x0 0x0 0x3b0003 0x38 0x18 0x480005 0x14 0x19d2bb10 0x24 0x0 0x0 0x4b0104 0x0 0x0 0x0 0x0 0x0 0x500007 0x11ad 0xa0 0x38 0x580005 0x0 0x18f004e0 0x38 0x0 0x0 0x5d0005 0x14 0x19d2c370 0x24 0x0 0x0 0x600007 0x38 0xfffffffffffffe58 0x0 0x670005 0x11d 0x19d2c370 0x1090 0x0 0x0 oops 9 2 org/eclipse/sisu/inject/RankedSequence 8 org/eclipse/sisu/inject/InjectorBindings 17 org/eclipse/sisu/inject/RankedSequence 27 org/eclipse/sisu/inject/InjectorBindings 33 org/eclipse/sisu/inject/RankedSequence 42 org/eclipse/sisu/inject/RankedSequence 58 org/eclipse/sisu/inject/InjectorBindings 64 org/eclipse/sisu/inject/RankedSequence$Itr 74 org/eclipse/sisu/inject/RankedSequence$Itr
ciMethodData org/eclipse/sisu/inject/BeanCache create (Ljava/lang/annotation/Annotation;Lcom/google/inject/Binding;I)Lorg/eclipse/sisu/BeanEntry; 1 912 orig 264 152 98 61 102 0 0 0 0 120 137 225 26 0 0 0 0 64 4 0 0 16 2 0 0 0 0 0 0 0 0 0 0 0 0 0 0 0 0 0 0 0 0 0 0 0 0 0 0 0 0 0 0 0 0 0 0 0 0 0 0 0 0 0 0 0 0 0 0 0 0 0 0 0 0 0 0 0 0 0 0 77 68 79 32 101 120 116 114 97 32 100 97 116 97 32 108 111 99 107 0 0 0 0 0 0 0 0 0 0 0 0 0 0 0 0 0 0 0 0 0 0 0 0 0 0 0 0 0 0 0 0 0 0 0 0 0 0 0 0 0 0 0 0 0 0 0 0 0 0 0 0 0 0 0 0 0 0 0 0 0 0 0 0 0 0 0 0 0 0 0 0 0 0 0 0 0 0 0 0 0 0 0 0 0 0 0 0 0 0 0 0 0 0 0 0 0 0 0 0 0 0 0 0 0 0 0 0 0 0 0 0 0 0 0 0 0 190 0 0 0 145 22 0 0 129 12 0 0 0 0 0 0 0 0 0 0 2 0 0 0 1 0 22 0 2 0 0 0 224 2 0 0 255 255 255 255 5 0 1 0 0 0 0 0 data 92 0x10005 0x126 0x19d25e50 0x1ac 0x0 0x0 0x80007 0x21 0x48 0x2b1 0x120002 0x2b1 0x1a0003 0x2b1 0x1e0 0x1f0004 0xffffffffffffffec 0x190cfea0 0xd 0x0 0x0 0x220007 0x14 0xa8 0xd 0x270004 0x0 0x190cfea0 0xd 0x0 0x0 0x320007 0x5 0x20 0x8 0x410002 0x5 0x470002 0x5 0x4c0003 0x5 0x108 0x560004 0x0 0x19d28740 0x14 0x0 0x0 0x5e0005 0x0 0x19d28740 0x14 0x0 0x0 0x630104 0x0 0x0 0x0 0x0 0x0 0x690007 0x0 0x60 0x14 0x760002 0x14 0x7c0005 0x0 0x19d28740 0x14 0x0 0x0 0x960005 0x126 0x19d25e50 0x190 0x0 0x0 0x990007 0x0 0xfffffffffffffd90 0x2b6 0x9e0004 0xfffffffffffffd4f 0x190cfea0 0x126 0x19d28740 0x5 0xa10007 0x2b1 0x20 0x5 oops 9 2 org/eclipse/sisu/inject/BeanCache 17 org/eclipse/sisu/inject/LazyBeanEntry 27 org/eclipse/sisu/inject/LazyBeanEntry 44 java/util/IdentityHashMap 50 java/util/IdentityHashMap 68 java/util/IdentityHashMap 74 org/eclipse/sisu/inject/BeanCache 84 org/eclipse/sisu/inject/LazyBeanEntry 86 java/util/IdentityHashMap
ciMethodData org/eclipse/sisu/inject/RankedBindings$Itr next ()Lcom/google/inject/Binding; 2 4664 orig 264 152 98 61 102 0 0 0 0 184 198 225 26 0 0 0 0 168 1 0 0 0 0 0 0 0 0 0 0 0 0 0 0 0 0 0 0 0 0 0 0 0 0 0 0 0 0 0 0 0 0 0 0 0 0 0 0 0 0 0 0 0 0 0 0 0 0 0 0 0 0 0 0 0 0 0 0 0 0 0 0 77 68 79 32 101 120 116 114 97 32 100 97 116 97 32 108 111 99 107 0 0 0 0 0 0 0 0 0 0 0 0 0 0 0 0 0 0 0 0 0 0 0 0 0 0 0 0 0 0 0 0 0 0 0 0 0 0 0 0 0 0 0 0 0 0 0 0 0 0 0 0 0 0 0 0 0 0 0 0 0 0 0 0 0 0 0 0 0 0 0 0 0 0 0 0 0 0 0 0 0 0 0 0 0 0 0 0 0 0 0 0 0 0 0 0 0 0 0 0 0 0 0 0 0 0 0 0 0 0 0 0 0 0 0 0 0 195 0 0 0 169 139 0 0 1 0 0 0 0 0 0 0 0 0 0 0 2 0 0 0 0 0 0 0 0 0 0 0 96 0 0 0 255 255 255 255 5 0 4 0 0 0 0 0 data 12 0x40005 0x6 0x19d2c370 0x116f 0x0 0x0 0x70004 0x0 0x19466cd0 0x158 0x19466d80 0x11a oops 3 2 org/eclipse/sisu/inject/RankedSequence$Itr 8 com/google/inject/internal/LinkedBindingImpl 10 com/google/inject/internal/LinkedProviderBindingImpl
ciMethodData org/eclipse/sisu/inject/RankedSequence$Itr next ()Ljava/lang/Object; 2 4670 orig 264 152 98 61 102 0 0 0 0 184 211 225 26 0 0 0 0 168 1 0 0 48 0 0 0 0 0 0 0 0 0 0 0 0 0 0 0 0 0 0 0 0 0 0 0 0 0 0 0 0 0 0 0 0 0 0 0 0 0 0 0 0 0 0 0 0 0 0 0 0 0 0 0 0 0 0 0 0 0 0 0 77 68 79 32 101 120 116 114 97 32 100 97 116 97 32 108 111 99 107 0 0 0 0 0 0 0 0 0 0 0 0 0 0 0 0 0 0 0 0 0 0 0 0 0 0 0 0 0 0 0 0 0 0 0 0 0 0 0 0 0 0 0 0 0 0 0 0 0 0 0 0 0 0 0 0 0 0 0 0 0 0 0 0 0 0 0 0 0 0 0 0 0 0 0 0 0 0 0 0 0 0 0 0 0 0 0 0 0 0 0 0 0 0 0 0 0 0 0 0 0 0 0 0 0 0 0 0 0 0 0 0 0 0 0 0 0 195 0 0 0 217 139 0 0 1 0 0 0 0 0 0 0 0 0 0 0 2 0 0 0 0 0 5 0 2 0 0 0 96 0 0 0 255 255 255 255 5 0 1 0 0 0 0 0 data 12 0x10005 0x127 0x19d2c370 0x1054 0x0 0x0 0x40007 0x0 0x20 0x117b 0x2b0002 0x0 oops 1 2 org/eclipse/sisu/inject/RankedSequence$Itr
ciMethodData org/eclipse/sisu/inject/RankedBindings$Itr rank ()I 1 911 orig 264 152 98 61 102 0 0 0 0 96 199 225 26 0 0 0 0 120 1 0 0 0 0 0 0 0 0 0 0 0 0 0 0 0 0 0 0 0 0 0 0 0 0 0 0 0 0 0 0 0 0 0 0 0 0 0 0 0 0 0 0 0 0 0 0 0 0 0 0 0 0 0 0 0 0 0 0 0 0 0 0 77 68 79 32 101 120 116 114 97 32 100 97 116 97 32 108 111 99 107 0 0 0 0 0 0 0 0 0 0 0 0 0 0 0 0 0 0 0 0 0 0 0 0 0 0 0 0 0 0 0 0 0 0 0 0 0 0 0 0 0 0 0 0 0 0 0 0 0 0 0 0 0 0 0 0 0 0 0 0 0 0 0 0 0 0 0 0 0 0 0 0 0 0 0 0 0 0 0 0 0 0 0 0 0 0 0 0 0 0 0 0 0 0 0 0 0 0 0 0 0 0 0 0 0 0 0 0 0 0 0 0 0 0 0 0 0 190 0 0 0 137 22 0 0 1 0 0 0 0 0 0 0 0 0 0 0 2 0 0 0 0 0 0 0 0 0 0 0 48 0 0 0 255 255 255 255 5 0 4 0 0 0 0 0 data 6 0x40005 0x6 0x19d2c370 0x2cb 0x0 0x0 oops 1 2 org/eclipse/sisu/inject/RankedSequence$Itr
ciMethodData org/eclipse/sisu/inject/RankedSequence$Itr rank ()I 1 911 orig 264 152 98 61 102 0 0 0 0 120 212 225 26 0 0 0 0 88 1 0 0 0 0 0 0 0 0 0 0 0 0 0 0 0 0 0 0 0 0 0 0 0 0 0 0 0 0 0 0 0 0 0 0 0 0 0 0 0 0 0 0 0 0 0 0 0 0 0 0 0 0 0 0 0 0 0 0 0 0 0 0 77 68 79 32 101 120 116 114 97 32 100 97 116 97 32 108 111 99 107 0 0 0 0 0 0 0 0 0 0 0 0 0 0 0 0 0 0 0 0 0 0 0 0 0 0 0 0 0 0 0 0 0 0 0 0 0 0 0 0 0 0 0 0 0 0 0 0 0 0 0 0 0 0 0 0 0 0 0 0 0 0 0 0 0 0 0 0 0 0 0 0 0 0 0 0 0 0 0 0 0 0 0 0 0 0 0 0 0 0 0 0 0 0 0 0 0 0 0 0 0 0 0 0 0 0 0 0 0 0 0 0 0 0 0 0 0 190 0 0 0 137 22 0 0 1 0 0 0 0 0 0 0 0 0 0 0 2 0 0 0 0 0 0 0 0 0 0 0 16 0 0 0 255 255 255 255 2 0 4 0 0 0 0 0 data 2 0x40002 0x2d1 oops 0
ciMethodData org/eclipse/sisu/inject/RankedSequence uid2rank (J)I 1 911 orig 264 152 98 61 102 0 0 0 0 112 171 234 22 0 0 0 0 40 1 0 0 0 0 0 0 0 0 0 0 0 0 0 0 0 0 0 0 0 0 0 0 0 0 0 0 0 0 0 0 0 0 0 0 0 0 0 0 0 0 0 0 0 0 0 0 0 0 0 0 0 0 0 0 0 0 0 0 0 0 0 0 77 68 79 32 101 120 116 114 97 32 100 97 116 97 32 108 111 99 107 0 0 0 0 0 0 0 0 0 0 0 0 0 0 0 0 0 0 0 0 0 0 0 0 0 0 0 0 0 0 0 0 0 0 0 0 0 0 0 0 0 0 0 0 0 0 0 0 0 0 0 0 0 0 0 0 0 0 0 0 0 0 0 0 0 0 0 0 0 0 0 0 0 0 0 0 0 0 0 0 0 0 0 0 0 0 0 0 0 0 0 0 0 0 0 0 0 0 0 0 0 0 0 0 0 0 0 0 0 0 0 0 0 0 0 0 0 190 0 0 0 137 22 0 0 1 0 0 0 0 0 0 0 0 0 0 0 2 0 0 0 0 0 0 0 0 0 0 0 0 0 0 0 255 255 255 255 0 0 0 0 0 0 0 0 data 0 oops 0
ciMethodData org/eclipse/sisu/inject/RankedSequence$Itr hasNext ()Z 2 9464 orig 264 152 98 61 102 0 0 0 0 64 209 225 26 0 0 0 0 112 2 0 0 208 0 0 0 0 0 0 0 0 0 0 0 0 0 0 0 0 0 0 0 0 0 0 0 0 0 0 0 0 0 0 0 0 0 0 0 0 0 0 0 0 0 0 0 0 0 0 0 0 0 0 0 0 0 0 0 0 0 0 0 77 68 79 32 101 120 116 114 97 32 100 97 116 97 32 108 111 99 107 0 0 0 0 0 0 0 0 0 0 0 0 0 0 0 0 0 0 0 0 0 0 0 0 0 0 0 0 0 0 0 0 0 0 0 0 0 0 0 0 0 0 0 0 0 0 0 0 0 0 0 0 0 0 0 0 0 0 0 0 0 0 0 0 0 0 0 0 0 0 0 0 0 0 0 0 0 0 0 0 0 0 0 0 0 0 0 0 0 0 0 0 0 0 0 0 0 0 0 0 0 0 0 0 0 0 0 0 0 0 0 0 0 0 0 0 0 0 2 0 0 177 23 1 0 1 0 0 0 0 0 0 0 0 0 0 0 2 0 0 0 0 0 16 0 2 0 0 0 40 1 0 0 255 255 255 255 7 0 4 0 0 0 0 0 data 37 0x40007 0x11f1 0x20 0x1105 0xd0005 0x2f 0x19d2bb10 0x11c2 0x0 0x0 0x100104 0x0 0x18f03070 0x1184 0x0 0x0 0x190007 0xc7e 0x68 0x573 0x1e0007 0x0 0x48 0x573 0x290002 0x573 0x2c0003 0x573 0x18 0x3c0007 0x6d 0x40 0x1184 0x4b0007 0x7f 0x20 0x1105 oops 2 6 org/eclipse/sisu/inject/RankedSequence 12 org/eclipse/sisu/inject/RankedSequence$Content
ciMethodData org/eclipse/sisu/inject/RankedSequence safeBinarySearch ([JJ)I 2 1680 orig 264 152 98 61 102 0 0 0 0 160 172 234 22 0 0 0 0 8 2 0 0 32 0 0 0 0 0 0 0 0 0 0 0 0 0 0 0 0 0 0 0 0 0 0 0 0 0 0 0 0 0 0 0 0 0 0 0 0 0 0 0 0 0 0 0 0 0 0 0 0 0 0 0 0 0 0 0 0 0 0 0 77 68 79 32 101 120 116 114 97 32 100 97 116 97 32 108 111 99 107 0 0 0 0 0 0 0 0 0 0 0 0 0 0 0 0 0 0 0 0 0 0 0 0 0 0 0 0 0 0 0 0 0 0 0 0 0 0 0 0 0 0 0 0 0 0 0 0 0 0 0 0 0 0 0 0 0 0 0 0 0 0 0 0 0 0 0 0 0 0 0 0 0 0 0 0 0 0 0 0 0 0 0 0 0 0 0 0 0 0 0 0 0 0 0 0 0 0 0 0 0 0 0 0 0 0 0 0 0 0 0 0 0 0 0 0 0 46 1 0 0 17 43 0 0 209 1 0 0 0 0 0 0 0 0 0 0 2 0 0 0 1 0 15 0 2 0 0 0 208 0 0 0 255 255 255 255 7 0 5 0 0 0 0 0 data 26 0x50007 0x19 0x20 0x549 0x120003 0x19 0x50 0x230007 0x23 0x38 0x0 0x2a0003 0x0 0x18 0x350007 0x23 0xffffffffffffffc8 0x19 0x3d0007 0x0 0x40 0x19 0x450007 0x1 0x20 0x18 oops 0
ciMethodData org/eclipse/sisu/inject/RankedSequence peek ()Ljava/lang/Object; 2 4964 orig 264 152 98 61 102 0 0 0 0 248 161 234 22 0 0 0 0 224 1 0 0 0 0 0 0 0 0 0 0 0 0 0 0 0 0 0 0 0 0 0 0 0 0 0 0 0 0 0 0 0 0 0 0 0 0 0 0 0 0 0 0 0 0 0 0 0 0 0 0 0 0 0 0 0 0 0 0 0 0 0 0 77 68 79 32 101 120 116 114 97 32 100 97 116 97 32 108 111 99 107 0 0 0 0 0 0 0 0 0 0 0 0 0 0 0 0 0 0 0 0 0 0 0 0 0 0 0 0 0 0 0 0 0 0 0 0 0 0 0 0 0 0 0 0 0 0 0 0 0 0 0 0 0 0 0 0 0 0 0 0 0 0 0 0 0 0 0 0 0 0 0 0 0 0 0 0 0 0 0 0 0 0 0 0 0 0 0 0 0 0 0 0 0 0 0 0 0 0 0 0 0 0 0 0 0 0 0 0 0 0 0 0 0 0 0 0 0 181 1 0 0 121 141 0 0 1 0 0 0 0 0 0 0 0 0 0 0 2 0 0 0 0 0 6 0 2 0 0 0 152 0 0 0 255 255 255 255 5 0 1 0 0 0 0 0 data 19 0x10005 0x0 0x19d2bb10 0x11af 0x0 0x0 0x40104 0x0 0x18f03070 0x62 0x0 0x0 0x90007 0x114d 0x38 0x62 0x120003 0x62 0x18 oops 2 2 org/eclipse/sisu/inject/RankedSequence 8 org/eclipse/sisu/inject/RankedSequence$Content
ciMethodData org/eclipse/sisu/inject/Guice4 getDeclaringSource (Lcom/google/inject/Binding;)Ljava/lang/Object; 2 5554 orig 264 152 98 61 102 0 0 0 0 16 22 23 23 0 0 0 0 72 2 0 0 0 0 0 0 0 0 0 0 0 0 0 0 0 0 0 0 0 0 0 0 0 0 0 0 0 0 0 0 0 0 0 0 0 0 0 0 0 0 0 0 0 0 0 0 0 0 0 0 0 0 0 0 0 0 0 0 0 0 0 0 77 68 79 32 101 120 116 114 97 32 100 97 116 97 32 108 111 99 107 0 0 0 0 0 0 0 0 0 0 0 0 0 0 0 0 0 0 0 0 0 0 0 0 0 0 0 0 0 0 0 0 0 0 0 0 0 0 0 0 0 0 0 0 0 0 0 0 0 0 0 0 0 0 0 0 0 0 0 0 0 0 0 0 0 0 0 0 0 0 0 0 0 0 0 0 0 0 0 0 0 0 0 0 0 0 0 0 0 0 0 0 0 0 0 0 0 0 0 0 0 0 0 0 0 0 0 0 0 0 0 0 0 0 0 0 0 0 1 0 0 145 165 0 0 1 0 0 0 0 0 0 0 0 0 0 0 2 0 0 0 0 0 6 0 2 0 0 0 0 1 0 0 255 255 255 255 5 0 1 0 0 0 0 0 data 32 0x10005 0x2a 0x198a2620 0x1477 0x19466cd0 0x11 0xa0007 0x0 0xd0 0x14b2 0xe0004 0x0 0x19727380 0x14b2 0x0 0x0 0x110007 0x0 0x80 0x14b2 0x150004 0x0 0x19727380 0x14b2 0x0 0x0 0x180005 0x1 0x19727380 0x14b1 0x0 0x0 oops 5 2 com/google/inject/internal/ProviderInstanceBindingImpl 4 com/google/inject/internal/LinkedBindingImpl 12 com/google/inject/spi/ElementSource 22 com/google/inject/spi/ElementSource 28 com/google/inject/spi/ElementSource
ciMethodData org/eclipse/sisu/inject/LazyBeanEntry <init> (Ljava/lang/annotation/Annotation;Lcom/google/inject/Binding;I)V 1 904 orig 264 152 98 61 102 0 0 0 0 16 18 226 26 0 0 0 0 192 2 0 0 56 1 0 0 0 0 0 0 0 0 0 0 0 0 0 0 0 0 0 0 0 0 0 0 0 0 0 0 0 0 0 0 0 0 0 0 0 0 0 0 0 0 0 0 0 0 0 0 0 0 0 0 0 0 0 0 0 0 0 0 77 68 79 32 101 120 116 114 97 32 100 97 116 97 32 108 111 99 107 0 0 0 0 0 0 0 0 0 0 0 0 0 0 0 0 0 0 0 0 0 0 0 0 0 0 0 0 0 0 0 0 0 0 0 0 0 0 0 0 0 0 0 0 0 0 0 0 0 0 0 0 0 0 0 0 0 0 0 0 0 0 0 0 0 0 0 0 0 0 0 0 0 0 0 0 0 0 0 0 0 0 0 0 0 0 0 0 0 0 0 0 0 0 0 0 0 0 0 0 0 0 0 0 0 0 0 0 0 0 0 0 0 0 0 0 0 227 1 0 0 41 13 0 0 1 0 0 0 0 0 0 0 0 0 0 0 2 0 0 0 0 0 12 0 2 0 0 0 96 1 0 0 255 255 255 255 2 0 1 0 0 0 0 0 data 44 0x10002 0x1a5 0x50007 0x0 0xc8 0x1a5 0xb0005 0x0 0x19d27b90 0x1a5 0x0 0x0 0x100007 0x0 0x78 0x1a5 0x190004 0x0 0x19d27b90 0x1a5 0x0 0x0 0x1c0002 0x1a5 0x220003 0x1a5 0x18 0x350002 0x1a5 0x380007 0xc1 0x68 0xe4 0x3d0005 0xa4 0x198a2620 0x37 0x198a26d0 0x9 0x450003 0xe4 0x28 0x4a0002 0xc1 oops 4 8 com/google/inject/name/NamedImpl 18 com/google/inject/name/NamedImpl 35 com/google/inject/internal/ProviderInstanceBindingImpl 37 com/google/inject/internal/ConstructorBindingImpl
ciMethodData java/util/concurrent/atomic/AtomicReference compareAndSet (Ljava/lang/Object;Ljava/lang/Object;)Z 2 1142 orig 264 152 98 61 102 0 0 0 0 128 4 216 22 0 0 0 0 136 1 0 0 0 0 0 0 0 0 0 0 0 0 0 0 0 0 0 0 0 0 0 0 0 0 0 0 0 0 0 0 0 0 0 0 0 0 0 0 0 0 0 0 0 0 0 0 0 0 0 0 0 0 0 0 0 0 0 0 0 0 0 0 77 68 79 32 101 120 116 114 97 32 100 97 116 97 32 108 111 99 107 0 0 0 0 0 0 0 0 0 0 0 0 0 0 0 0 0 0 0 0 0 0 0 0 0 0 0 0 0 0 0 0 0 0 0 0 0 0 0 0 0 0 0 0 0 0 0 0 0 0 0 0 0 0 0 0 0 0 0 0 0 0 0 0 0 0 0 0 0 0 0 0 0 0 0 0 0 0 0 0 0 0 0 0 0 0 0 0 0 0 0 0 0 0 0 0 0 0 0 0 0 0 0 0 0 0 0 0 0 0 0 0 0 0 0 0 0 0 2 0 0 177 19 0 0 1 0 0 0 0 0 0 0 0 0 0 0 2 0 0 0 0 0 3 0 1 0 0 0 48 0 0 0 255 255 255 255 5 0 9 0 0 0 0 0 data 6 0x90005 0x19 0x0 0x0 0x0 0x0 oops 0
ciMethodData org/eclipse/sisu/inject/LazyBeanEntry$JsrNamed <init> (Lcom/google/inject/name/Named;)V 1 904 orig 264 152 98 61 102 0 0 0 0 8 33 226 26 0 0 0 0 144 1 0 0 0 0 0 0 0 0 0 0 0 0 0 0 0 0 0 0 0 0 0 0 0 0 0 0 0 0 0 0 0 0 0 0 0 0 0 0 0 0 0 0 0 0 0 0 0 0 0 0 0 0 0 0 0 0 0 0 0 0 0 0 77 68 79 32 101 120 116 114 97 32 100 97 116 97 32 108 111 99 107 0 0 0 0 0 0 0 0 0 0 0 0 0 0 0 0 0 0 0 0 0 0 0 0 0 0 0 0 0 0 0 0 0 0 0 0 0 0 0 0 0 0 0 0 0 0 0 0 0 0 0 0 0 0 0 0 0 0 0 0 0 0 0 0 0 0 0 0 0 0 0 0 0 0 0 0 0 0 0 0 0 0 0 0 0 0 0 0 0 0 0 0 0 0 0 0 0 0 0 0 0 0 0 0 0 0 0 0 0 0 0 0 0 0 0 0 0 0 2 0 0 65 12 0 0 1 0 0 0 0 0 0 0 0 0 0 0 2 0 0 0 0 0 0 0 0 0 0 0 64 0 0 0 255 255 255 255 2 0 1 0 0 0 0 0 data 8 0x10002 0x188 0x60005 0x0 0x19d27b90 0x188 0x0 0x0 oops 1 4 com/google/inject/name/NamedImpl
ciMethodData org/eclipse/sisu/inject/LocatedBeans$Itr next ()Ljava/lang/Object; 2 5192 orig 264 152 98 61 102 0 0 0 0 0 188 225 26 0 0 0 0 120 1 0 0 0 0 0 0 0 0 0 0 0 0 0 0 0 0 0 0 0 0 0 0 0 0 0 0 0 0 0 0 0 0 0 0 0 0 0 0 0 0 0 0 0 0 0 0 0 0 0 0 0 0 0 0 0 0 0 0 0 0 0 0 77 68 79 32 101 120 116 114 97 32 100 97 116 97 32 108 111 99 107 0 0 0 0 0 0 0 0 0 0 0 0 0 0 0 0 0 0 0 0 0 0 0 0 0 0 0 0 0 0 0 0 0 0 0 0 0 0 0 0 0 0 0 0 0 0 0 0 0 0 0 0 0 0 0 0 0 0 0 0 0 0 0 0 0 0 0 0 0 0 0 0 0 0 0 0 0 0 0 0 0 0 0 0 0 0 0 0 0 0 0 0 0 0 0 0 0 0 0 0 0 0 0 0 0 0 0 0 0 0 0 0 0 0 0 0 0 0 2 0 0 65 146 0 0 1 0 0 0 0 0 0 0 0 0 0 0 2 0 0 0 0 0 6 0 2 0 0 0 48 0 0 0 255 255 255 255 5 0 1 0 0 0 0 0 data 6 0x10005 0x97 0x190cfdf0 0x11b1 0x0 0x0 oops 1 2 org/eclipse/sisu/inject/LocatedBeans$Itr
ciMethodData org/eclipse/sisu/inject/LocatedBeans$Itr next ()Lorg/eclipse/sisu/BeanEntry; 2 5197 orig 264 152 98 61 102 0 0 0 0 176 186 225 26 0 0 0 0 168 1 0 0 48 0 0 0 0 0 0 0 0 0 0 0 0 0 0 0 0 0 0 0 0 0 0 0 0 0 0 0 0 0 0 0 0 0 0 0 0 0 0 0 0 0 0 0 0 0 0 0 0 0 0 0 0 0 0 0 0 0 0 0 77 68 79 32 101 120 116 114 97 32 100 97 116 97 32 108 111 99 107 0 0 0 0 0 0 0 0 0 0 0 0 0 0 0 0 0 0 0 0 0 0 0 0 0 0 0 0 0 0 0 0 0 0 0 0 0 0 0 0 0 0 0 0 0 0 0 0 0 0 0 0 0 0 0 0 0 0 0 0 0 0 0 0 0 0 0 0 0 0 0 0 0 0 0 0 0 0 0 0 0 0 0 0 0 0 0 0 0 0 0 0 0 0 0 0 0 0 0 0 0 0 0 0 0 0 0 0 0 0 0 0 0 0 0 0 0 0 2 0 0 105 146 0 0 1 0 0 0 0 0 0 0 0 0 0 0 2 0 0 0 0 0 5 0 2 0 0 0 96 0 0 0 255 255 255 255 5 0 1 0 0 0 0 0 data 12 0x10005 0x97 0x190cfdf0 0x11b6 0x0 0x0 0x40007 0x0 0x20 0x124d 0x1c0002 0x0 oops 1 2 org/eclipse/sisu/inject/LocatedBeans$Itr
ciMethodData org/eclipse/sisu/plexus/RealmFilteredBeans$FilteredItr hasNext ()Z 2 7511 orig 264 152 98 61 102 0 0 0 0 24 172 225 26 0 0 0 0 248 2 0 0 0 0 0 0 0 0 0 0 0 0 0 0 0 0 0 0 0 0 0 0 0 0 0 0 0 0 0 0 0 0 0 0 0 0 0 0 0 0 0 0 0 0 0 0 0 0 0 0 0 0 0 0 0 0 0 0 0 0 0 0 77 68 79 32 101 120 116 114 97 32 100 97 116 97 32 108 111 99 107 0 0 0 0 0 0 0 0 0 0 0 0 0 0 0 0 0 0 0 0 0 0 0 0 0 0 0 0 0 0 0 0 0 0 0 0 0 0 0 0 0 0 0 0 0 0 0 0 0 0 0 0 0 0 0 0 0 0 0 0 0 0 0 0 0 0 0 0 0 0 0 0 0 0 0 0 0 0 0 0 0 0 0 0 0 0 0 0 0 0 0 0 0 0 0 0 0 0 0 0 0 0 0 0 0 0 0 0 0 0 0 0 0 0 0 0 0 0 1 0 0 185 226 0 0 89 115 0 0 0 0 0 0 0 0 0 0 2 0 0 0 1 0 22 0 2 0 0 0 176 1 0 0 255 255 255 255 7 0 4 0 0 0 0 0 data 54 0x40007 0xe6b 0x160 0xdec 0xe0005 0x0 0x190cfdf0 0xdf1 0x0 0x0 0x130004 0x0 0x190cfea0 0xdf1 0x0 0x0 0x1d0005 0x0 0x190cfea0 0xdf1 0x0 0x0 0x220002 0xdf1 0x290005 0x3 0x4c8ae70 0xdee 0x0 0x0 0x2c0007 0x1 0x70 0xdf0 0x340005 0x0 0x190cff50 0xdf0 0x0 0x0 0x390007 0x0 0x20 0xdf0 0x420005 0x0 0x190cfdf0 0xe6b 0x0 0x0 0x470007 0xdf1 0xfffffffffffffe90 0x7a oops 6 6 org/eclipse/sisu/inject/LocatedBeans$Itr 12 org/eclipse/sisu/inject/LazyBeanEntry 18 org/eclipse/sisu/inject/LazyBeanEntry 26 java/lang/String 36 java/util/HashSet 46 org/eclipse/sisu/inject/LocatedBeans$Itr
ciMethodData org/eclipse/sisu/inject/LazyBeanEntry getSource ()Ljava/lang/Object; 2 5228 orig 264 152 98 61 102 0 0 0 0 8 23 226 26 0 0 0 0 88 1 0 0 0 0 0 0 0 0 0 0 0 0 0 0 0 0 0 0 0 0 0 0 0 0 0 0 0 0 0 0 0 0 0 0 0 0 0 0 0 0 0 0 0 0 0 0 0 0 0 0 0 0 0 0 0 0 0 0 0 0 0 0 77 68 79 32 101 120 116 114 97 32 100 97 116 97 32 108 111 99 107 0 0 0 0 0 0 0 0 0 0 0 0 0 0 0 0 0 0 0 0 0 0 0 0 0 0 0 0 0 0 0 0 0 0 0 0 0 0 0 0 0 0 0 0 0 0 0 0 0 0 0 0 0 0 0 0 0 0 0 0 0 0 0 0 0 0 0 0 0 0 0 0 0 0 0 0 0 0 0 0 0 0 0 0 0 0 0 0 0 0 0 0 0 0 0 0 0 0 0 0 0 0 0 0 0 0 0 0 0 0 0 0 0 0 0 0 0 128 0 0 0 97 159 0 0 1 0 0 0 0 0 0 0 0 0 0 0 2 0 0 0 0 0 0 0 0 0 0 0 16 0 0 0 255 255 255 255 2 0 4 0 0 0 0 0 data 2 0x40002 0x13ec oops 0
ciMethodData java/util/IdentityHashMap get (Ljava/lang/Object;)Ljava/lang/Object; 2 3836 orig 264 152 98 61 102 0 0 0 0 176 206 215 22 0 0 0 0 216 1 0 0 16 0 0 0 0 0 0 0 0 0 0 0 0 0 0 0 0 0 0 0 0 0 0 0 0 0 0 0 0 0 0 0 0 0 0 0 0 0 0 0 0 0 0 0 0 0 0 0 0 0 0 0 0 0 0 0 0 0 0 0 77 68 79 32 101 120 116 114 97 32 100 97 116 97 32 108 111 99 107 0 0 0 0 0 0 0 0 0 0 0 0 0 0 0 0 0 0 0 0 0 0 0 0 0 0 0 0 0 0 0 0 0 0 0 0 0 0 0 0 0 0 0 0 0 0 0 0 0 0 0 0 0 0 0 0 0 0 0 0 0 0 0 0 0 0 0 0 0 0 0 0 0 0 0 0 0 0 0 0 0 0 0 0 0 0 0 0 0 0 0 0 0 0 0 0 0 0 0 0 0 0 0 0 0 0 0 0 0 0 0 0 0 0 0 0 0 129 1 0 0 217 107 0 0 217 1 0 0 0 0 0 0 0 0 0 0 2 0 0 0 1 0 16 0 2 0 0 0 136 0 0 0 255 255 255 255 2 0 1 0 0 0 0 0 data 17 0x10002 0xd7b 0x110002 0xd7b 0x1f0007 0x45 0x20 0xd71 0x2b0007 0x3b 0x20 0xa 0x340002 0x3b 0x390003 0x3b 0xffffffffffffffb0 oops 0
instanceKlass org/apache/maven/project/DefaultProjectBuildingResult
instanceKlass org/apache/maven/artifact/resolver/filter/IncludesArtifactFilter
instanceKlass org/apache/maven/artifact/versioning/Restriction
instanceKlass org/apache/maven/artifact/DefaultArtifact
instanceKlass java/math/MutableBigInteger
instanceKlass org/apache/maven/artifact/versioning/ComparableVersion$StringItem
instanceKlass org/apache/maven/artifact/versioning/ComparableVersion$IntegerItem
instanceKlass org/apache/maven/artifact/versioning/ComparableVersion$Item
instanceKlass org/apache/maven/artifact/versioning/ComparableVersion
instanceKlass org/apache/maven/artifact/versioning/DefaultArtifactVersion
instanceKlass org/apache/maven/project/ProjectModelResolver$1
instanceKlass org/apache/maven/model/Site
instanceKlass org/apache/maven/lifecycle/internal/DefaultLifecyclePluginAnalyzer$1
instanceKlass org/apache/maven/lifecycle/mapping/LifecycleMojo
instanceKlass org/apache/maven/lifecycle/mapping/Lifecycle
instanceKlass org/apache/maven/model/building/DefaultModelBuildingEvent
instanceKlass org/apache/maven/model/building/ModelBuildingEventCatapult$1
instanceKlass org/apache/maven/project/DefaultProjectBuilder$InterimResult
instanceKlass org/apache/maven/repository/internal/ArtifactDescriptorUtils
instanceKlass org/apache/maven/model/Extension
instanceKlass org/codehaus/plexus/interpolation/util/StringUtils
instanceKlass org/apache/maven/model/MailingList
instanceKlass org/codehaus/plexus/interpolation/reflection/MethodMap
instanceKlass org/codehaus/plexus/interpolation/reflection/ClassMap$CacheMiss
instanceKlass org/codehaus/plexus/interpolation/reflection/ClassMap$MethodInfo
instanceKlass org/codehaus/plexus/interpolation/reflection/ClassMap
instanceKlass org/codehaus/plexus/interpolation/reflection/ReflectionValueExtractor
instanceKlass org/codehaus/plexus/interpolation/util/ValueSourceUtils
instanceKlass org/apache/maven/model/DistributionManagement
instanceKlass org/apache/maven/model/interpolation/StringSearchModelInterpolator$InterpolateObjectAction$CacheField
instanceKlass org/apache/maven/model/CiManagement
instanceKlass org/apache/maven/model/IssueManagement
instanceKlass org/apache/maven/model/Prerequisites
instanceKlass org/apache/maven/model/Organization
instanceKlass org/apache/maven/model/interpolation/StringSearchModelInterpolator$InterpolateObjectAction$CacheItem
instanceKlass org/apache/maven/model/interpolation/StringSearchModelInterpolator$InterpolateObjectAction
instanceKlass org/apache/maven/model/interpolation/UrlNormalizingPostProcessor
instanceKlass org/apache/maven/model/interpolation/PathTranslatingPostProcessor
instanceKlass java/text/DontCareFieldPosition$1
instanceKlass java/text/Format$FieldDelegate
instanceKlass org/apache/maven/model/interpolation/MavenBuildTimestamp
instanceKlass org/apache/maven/model/interpolation/ProblemDetectingValueSource
instanceKlass org/codehaus/plexus/interpolation/PrefixedValueSourceWrapper
instanceKlass org/codehaus/plexus/interpolation/FeedbackEnabledValueSource
instanceKlass org/codehaus/plexus/interpolation/AbstractDelegatingValueSource
instanceKlass org/codehaus/plexus/interpolation/QueryEnabledValueSource
instanceKlass java/util/Collections$EmptyEnumeration
instanceKlass org/apache/maven/model/Exclusion
instanceKlass org/apache/maven/model/DependencyManagement
instanceKlass org/apache/maven/model/Scm
instanceKlass org/apache/maven/model/License
instanceKlass org/apache/maven/model/building/FilterModelBuildingRequest
instanceKlass java/nio/channels/spi/AbstractInterruptibleChannel$1
instanceKlass sun/nio/ch/Interruptible
instanceKlass sun/nio/ch/FileKey
instanceKlass sun/nio/ch/FileLockTable
instanceKlass sun/nio/ch/NativeThread
instanceKlass java/nio/channels/FileLock
instanceKlass sun/nio/ch/FileDispatcherImpl$1
